Beta Value: 1e-08
Residual: 0.23384643236020802
Regularisation: 17.861180690537616
---
Beta Value: 1.778279410038e-08
Residual: 2.8262169304360363
Regularisation: 9.172674880119228
---
Beta Value: 3.162277660168e-08
Residual: 1.0711772721459272
Regularisation: 10.313534467905486
---
Beta Value: 5.623413251903e-08
Residual: 1.967389127659127
Regularisation: 34.1517844408137
---
Beta Value: 1e-07
Residual: 1.0617174741324436
Regularisation: 53.16044224816456
---
Beta Value: 1.7782794100389e-07
Residual: 1.9100453640306057
Regularisation: 33.27236942419752
---
Beta Value: 3.1622776601683e-07
Residual: 1.021816992360509
Regularisation: 62.74986532961692
---
Beta Value: 5.6234132519034e-07
Residual: 0.4647441422745583
Regularisation: 11.88890176816123
---
Beta Value: 1e-06
Residual: 0.4677760196905323
Regularisation: 8.54012768142395
---
Beta Value: 1.77827941003892e-06
Residual: 0.28625457455408515
Regularisation: 8.875370434886008
---
Beta Value: 3.16227766016837e-06
Residual: 0.7296943170749255
Regularisation: 13.44219708056684
---
Beta Value: 5.62341325190349e-06
Residual: 1.5202144429636975
Regularisation: 147.34031752025754
---
Beta Value: 1e-05
Residual: 0.9560784198870533
Regularisation: 11.870228422824546
---
Beta Value: 1.778279410038922e-05
Residual: 0.278246337430421
Regularisation: 8.12784428540337
---
Beta Value: 3.162277660168379e-05
Residual: 3.8851238850344694
Regularisation: 4.3848383692977455
---
Beta Value: 5.62341325190349e-05
Residual: 1.1754242547436116
Regularisation: 46.66986836069104
---
Beta Value: 0.0001
Residual: 0.6017943232808944
Regularisation: 7.129644798186784
---
Beta Value: 0.00017782794100389227
Residual: 2.960305414210623
Regularisation: 4.457866079311099
---
Beta Value: 0.00031622776601683794
Residual: 0.5095334114654709
Regularisation: 15.413747003864806
---
Beta Value: 0.0005623413251903491
Residual: 0.46612520910657257
Regularisation: 36.87310128462209
---
Beta Value: 0.001
Residual: 0.19445313819548363
Regularisation: 17.61916906635356
---
Beta Value: 0.0017782794100389228
Residual: 0.964200068408649
Regularisation: 5.552907056683691
---
Beta Value: 0.0031622776601683794
Residual: 0.35261437495748393
Regularisation: 8.108442042205734
---
Beta Value: 0.005623413251903491
Residual: 0.9896527442774689
Regularisation: 12.01010716412167
---
Beta Value: 0.01
Residual: 0.4568192279451537
Regularisation: 10.00968764955244
---
Beta Value: 0.01778279410038923
Residual: 2.1135592678837285
Regularisation: 10.699382408732117
---
Beta Value: 0.03162277660168379
Residual: 0.37113241780219874
Regularisation: 10.25456601265657
---
Beta Value: 0.05623413251903491
Residual: 2.6020981577703726
Regularisation: 5.994528060355702
---
Beta Value: 0.1
Residual: 0.36251718443648895
Regularisation: 5.438587072260928
---
Beta Value: 0.1778279410038923
Residual: 4.5060199189219485
Regularisation: 3.104243041509475
---
Beta Value: 0.31622776601683794
Residual: 8.961164546177859
Regularisation: 0.5070368562457196
---
Beta Value: 0.5623413251903491
Residual: 8.953156239863022
Regularisation: 0.5971044139391523
---
Beta Value: 1.0
Residual: 8.97148353634765
Regularisation: 0.5132199308450475
---
Beta Value: 1.7782794100389228
Residual: 9.00789375760695
Regularisation: 0.4993501812794298
---
Beta Value: 3.1622776601683795
Residual: 8.988479816015998
Regularisation: 0.4760663762249057
---
Beta Value: 5.623413251903491
Residual: 8.95412581897638
Regularisation: 0.5082736908361861
---
Beta Value: 10.0
Residual: 9.893760998762907
Regularisation: 0.43591410577023276
---
Beta Value: 17.78279410038923
Residual: 9.158922650241307
Regularisation: 0.3876352018015974
---
Beta Value: 31.622776601683793
Residual: 8.98155680724235
Regularisation: 0.4941022072112599
---
Beta Value: 56.23413251903491
Residual: 8.990267701647298
Regularisation: 0.4698898431685517
---
Beta Value: 100.0
Residual: 8.971553278611822
Regularisation: 0.4960539598296863
---
