Beta Value: 1e-08
Residual: 1.9955424912500304
Regularisation: 101.291145853579
---
Beta Value: 1.778279410038e-08
Residual: 5.838917225712287
Regularisation: 3.0483322121383245
---
Beta Value: 3.162277660168e-08
Residual: 1.130338858992795
Regularisation: 100.30064028139961
---
Beta Value: 5.623413251903e-08
Residual: 2.9281703395354834
Regularisation: 15.743683012042593
---
Beta Value: 1e-07
Residual: 1.080892790515282
Regularisation: 48.200647316061456
---
Beta Value: 1.7782794100389e-07
Residual: 0.5770639343097183
Regularisation: 30.974593289637323
---
Beta Value: 3.1622776601683e-07
Residual: 1.3106537534427163
Regularisation: 58.921985315825445
---
Beta Value: 5.6234132519034e-07
Residual: 0.7209647847994431
Regularisation: 11.547452542778078
---
Beta Value: 1e-06
Residual: 2.0544958432151166
Regularisation: 11.309685693681162
---
Beta Value: 1.77827941003892e-06
Residual: 1.0618567796297913
Regularisation: 19.727497635854657
---
Beta Value: 3.16227766016837e-06
Residual: 0.6652763462274079
Regularisation: 8.011724848143892
---
Beta Value: 5.62341325190349e-06
Residual: 0.7731199676191587
Regularisation: 22.008429342840138
---
Beta Value: 1e-05
Residual: 0.46107463800896054
Regularisation: 11.070541176430291
---
Beta Value: 1.778279410038922e-05
Residual: 0.6112091691140464
Regularisation: 16.518021506857718
---
Beta Value: 3.162277660168379e-05
Residual: 0.41480041162673936
Regularisation: 9.548711930747462
---
Beta Value: 5.62341325190349e-05
Residual: 0.409923488333105
Regularisation: 45.50891731655916
---
Beta Value: 0.0001
Residual: 0.40614833571281866
Regularisation: 44.06757403190702
---
Beta Value: 0.00017782794100389227
Residual: 0.6138831050695521
Regularisation: 86.16348459683351
---
Beta Value: 0.00031622776601683794
Residual: 0.5659232653112329
Regularisation: 51.78381575116884
---
Beta Value: 0.0005623413251903491
Residual: 2.387009373713865
Regularisation: 5.078144307196416
---
Beta Value: 0.001
Residual: 2.9341021155167093
Regularisation: 2.4065793266376634
---
Beta Value: 0.0017782794100389228
Residual: 1.1247325797555703
Regularisation: 49.961981078395645
---
Beta Value: 0.0031622776601683794
Residual: 0.5253748414311111
Regularisation: 18.990861276660368
---
Beta Value: 0.005623413251903491
Residual: 0.4896719750819104
Regularisation: 21.805600302726408
---
Beta Value: 0.01
Residual: 4.365885984649956
Regularisation: 7.875865031966246
---
Beta Value: 0.01778279410038923
Residual: 3.269748193899361
Regularisation: 5.250237003770919
---
Beta Value: 0.03162277660168379
Residual: 6.160955233109957
Regularisation: 3.5865434995590375
---
Beta Value: 0.05623413251903491
Residual: 0.4234203434726615
Regularisation: 6.599301743677669
---
Beta Value: 0.1
Residual: 0.6827982281138198
Regularisation: 16.073366390527703
---
Beta Value: 0.1778279410038923
Residual: 0.511499475570351
Regularisation: 6.300500243259778
---
Beta Value: 0.31622776601683794
Residual: 8.220619444796993
Regularisation: 1.3255713490435443
---
Beta Value: 0.5623413251903491
Residual: 1.3729360120338787
Regularisation: 3.2262063242899255
---
Beta Value: 1.0
Residual: 12.217075592367381
Regularisation: 0.6207695778199727
---
Beta Value: 1.7782794100389228
Residual: 12.221962313071886
Regularisation: 0.7721312354301606
---
Beta Value: 3.1622776601683795
Residual: 12.287271538377952
Regularisation: 0.5031405802308095
---
Beta Value: 5.623413251903491
Residual: 12.199365715081392
Regularisation: 0.6822727042666321
---
Beta Value: 10.0
Residual: 12.326632623321785
Regularisation: 0.348381754589217
---
Beta Value: 17.78279410038923
Residual: 12.235241656944217
Regularisation: 0.5344786989816566
---
Beta Value: 31.622776601683793
Residual: 12.269812161925307
Regularisation: 0.49587050132980237
---
Beta Value: 56.23413251903491
Residual: 12.258289430321987
Regularisation: 0.47576148146012426
---
Beta Value: 100.0
Residual: 13.395432743563369
Regularisation: 0.2663665015839326
---
