Beta Value: 1e-08
Residual: 0.5447199377471954
Regularisation: 11.555599614649811
---
Beta Value: 1.778279410038e-08
Residual: 0.5395219459986781
Regularisation: 10.78043186829079
---
Beta Value: 3.162277660168e-08
Residual: 0.9534777381200847
Regularisation: 30.386576115798633
---
Beta Value: 5.623413251903e-08
Residual: 0.6456873221432375
Regularisation: 40.058697332964314
---
Beta Value: 1e-07
Residual: 0.6219993851285452
Regularisation: 21.47770033865329
---
Beta Value: 1.7782794100389e-07
Residual: 0.9634453737416202
Regularisation: 35.54801590148232
---
Beta Value: 3.1622776601683e-07
Residual: 0.7198181731808216
Regularisation: 25.44399032837178
---
Beta Value: 5.6234132519034e-07
Residual: 1.0893915654326742
Regularisation: 24.40560675870385
---
Beta Value: 1e-06
Residual: 0.5655667438969335
Regularisation: 11.636150704813213
---
Beta Value: 1.77827941003892e-06
Residual: 1.0291243352620036
Regularisation: 31.579348173554756
---
Beta Value: 3.16227766016837e-06
Residual: 0.5361028079051391
Regularisation: 153.7725707685312
---
Beta Value: 5.62341325190349e-06
Residual: 0.6621908651818148
Regularisation: 33.981338299247845
---
Beta Value: 1e-05
Residual: 0.7255591573169489
Regularisation: 22.993594940495683
---
Beta Value: 1.778279410038922e-05
Residual: 0.48520700651318904
Regularisation: 6.759696446249719
---
Beta Value: 3.162277660168379e-05
Residual: 0.6113633423130957
Regularisation: 26.66349951612665
---
Beta Value: 5.62341325190349e-05
Residual: 0.8170327856604609
Regularisation: 66.77684176827708
---
Beta Value: 0.0001
Residual: 0.5414341811954815
Regularisation: 15.71532592532521
---
Beta Value: 0.00017782794100389227
Residual: 2.1067720699703343
Regularisation: 9.888540699583782
---
Beta Value: 0.00031622776601683794
Residual: 0.6147727337159106
Regularisation: 22.1504191982459
---
Beta Value: 0.0005623413251903491
Residual: 0.4319049882051808
Regularisation: 10.015388955864163
---
Beta Value: 0.001
Residual: 0.8276468238192525
Regularisation: 36.393159639974265
---
Beta Value: 0.0017782794100389228
Residual: 1.0456818739700109
Regularisation: 40.537632467848496
---
Beta Value: 0.0031622776601683794
Residual: 0.516511623464275
Regularisation: 6.204520257856813
---
Beta Value: 0.005623413251903491
Residual: 0.7305900626172579
Regularisation: 23.714581647283367
---
Beta Value: 0.01
Residual: 0.4808957998532444
Regularisation: 7.5465828728923015
---
Beta Value: 0.01778279410038923
Residual: 0.45804898254234894
Regularisation: 5.577865860726287
---
Beta Value: 0.03162277660168379
Residual: 0.9061487333095205
Regularisation: 23.27729632791057
---
Beta Value: 0.05623413251903491
Residual: 1.9996523124964805
Regularisation: 7.785452754153467
---
Beta Value: 0.1
Residual: 0.6376442829178103
Regularisation: 6.428484898491774
---
Beta Value: 0.1778279410038923
Residual: 7.945430231204759
Regularisation: 0.6245332092385932
---
Beta Value: 0.31622776601683794
Residual: 7.946561810150136
Regularisation: 0.5141238862345316
---
Beta Value: 0.5623413251903491
Residual: 7.952214861736721
Regularisation: 0.6974027270815443
---
Beta Value: 1.0
Residual: 7.938595881467579
Regularisation: 0.5119761168858261
---
Beta Value: 1.7782794100389228
Residual: 7.979903973101761
Regularisation: 0.4457292420833449
---
Beta Value: 3.1622776601683795
Residual: 7.966041667467482
Regularisation: 0.46944189343214565
---
Beta Value: 5.623413251903491
Residual: 7.973593491123282
Regularisation: 0.4613810615667378
---
Beta Value: 10.0
Residual: 7.997483704949848
Regularisation: 0.492682707611291
---
Beta Value: 17.78279410038923
Residual: 7.96479161983097
Regularisation: 0.4435521378636169
---
Beta Value: 31.622776601683793
Residual: 7.92428773777971
Regularisation: 0.5754769119184728
---
Beta Value: 56.23413251903491
Residual: 8.018626442887015
Regularisation: 0.46880297993437225
---
Beta Value: 100.0
Residual: 7.940494072553497
Regularisation: 0.6568516578050608
---
