Beta Value: 1e-08
Residual: 1.124331395748118
Regularisation: 12.499534924570709
---
Beta Value: 1.778279410038e-08
Residual: 0.21379960955471974
Regularisation: 289.2158128078067
---
Beta Value: 3.162277660168e-08
Residual: 0.38936529289990623
Regularisation: 603.906521182328
---
Beta Value: 5.623413251903e-08
Residual: 0.7205120952954197
Regularisation: 31.137284836702907
---
Beta Value: 1e-07
Residual: 0.6683993963897374
Regularisation: 145.52887755946227
---
Beta Value: 3.1622776601683e-07
Residual: 0.40923111691205777
Regularisation: 2057.7556656786005
---
Beta Value: 5.6234132519034e-07
Residual: 0.29718980098009984
Regularisation: 149.48488275266863
---
Beta Value: 1e-06
Residual: 0.27116693516094403
Regularisation: 209.13351957051313
---
Beta Value: 1.77827941003892e-06
Residual: 1.1059111554978505
Regularisation: 8.312531237577563
---
Beta Value: 3.16227766016837e-06
Residual: 0.6988835171475206
Regularisation: 296.57452446020795
---
Beta Value: 5.62341325190349e-06
Residual: 0.5782730334389137
Regularisation: 988.4883872807135
---
Beta Value: 1e-05
Residual: 1.2482788599051056
Regularisation: 4.603975301941211
---
Beta Value: 1.778279410038922e-05
Residual: 0.06926193585217724
Regularisation: 184.84921668784344
---
Beta Value: 3.162277660168379e-05
Residual: 0.3052970293953771
Regularisation: 412.25935829624626
---
Beta Value: 5.62341325190349e-05
Residual: 1.230151886793266
Regularisation: 7.9338537150349975
---
Beta Value: 0.0001
Residual: 0.622603585974736
Regularisation: 61.692248930232736
---
Beta Value: 0.00017782794100389227
Residual: 0.9207031773651362
Regularisation: 49.69517956715518
---
Beta Value: 0.00031622776601683794
Residual: 0.43239662648267735
Regularisation: 194.0994290376173
---
Beta Value: 0.0005623413251903491
Residual: 0.07467006202374693
Regularisation: 373.92507901875763
---
Beta Value: 0.001
Residual: 0.8884058286168316
Regularisation: 39.03418693489816
---
Beta Value: 0.0017782794100389228
Residual: 0.09522594864993822
Regularisation: 174.48801176465705
---
Beta Value: 0.0031622776601683794
Residual: 0.897935421271285
Regularisation: 44.65712704942698
---
Beta Value: 0.005623413251903491
Residual: 1.2917532550232589
Regularisation: 14.607728292831936
---
Beta Value: 0.01
Residual: 0.7215783332293184
Regularisation: 22.075014487132915
---
Beta Value: 0.01778279410038923
Residual: 1.013164152302618
Regularisation: 10.345874277320736
---
Beta Value: 0.03162277660168379
Residual: 1.3028872900993027
Regularisation: 12.629532309602267
---
Beta Value: 0.05623413251903491
Residual: 1.5684109959314632
Regularisation: 2.7205358031697613
---
Beta Value: 0.1
Residual: 1.7193264621780888
Regularisation: 2.26484720940122
---
Beta Value: 0.1778279410038923
Residual: 1.7812879873647665
Regularisation: 0.8046629320728695
---
Beta Value: 0.31622776601683794
Residual: 4.871484495173883
Regularisation: 0.5898712564442274
---
Beta Value: 0.5623413251903491
Residual: 4.884546827704417
Regularisation: 0.6550196102635584
---
Beta Value: 1.0
Residual: 4.909246777583217
Regularisation: 0.534065905433171
---
Beta Value: 1.7782794100389228
Residual: 4.893780646212312
Regularisation: 0.6678330305860346
---
Beta Value: 3.1622776601683795
Residual: 4.894494701837881
Regularisation: 0.555064790703392
---
Beta Value: 5.623413251903491
Residual: 4.899248885147596
Regularisation: 0.5934342480690679
---
Beta Value: 10.0
Residual: 4.928677443718217
Regularisation: 0.5382652824328154
---
Beta Value: 17.78279410038923
Residual: 4.9206286752756565
Regularisation: 0.6518161550375107
---
Beta Value: 31.622776601683793
Residual: 5.434767456138292
Regularisation: 0.5963525540843654
---
Beta Value: 56.23413251903491
Residual: 5.689049454844749
Regularisation: 0.5912008105162928
---
Beta Value: 100.0
Residual: 5.117873284618856
Regularisation: 0.515851283407409
---
