Beta Value: 1e-08
Residual: 7.676531446337608
Regularisation: 2.2633728828306303
---
Beta Value: 1.778279410038e-08
Residual: 4.304939647019095
Regularisation: 3.4460148229281824
---
Beta Value: 3.162277660168e-08
Residual: 2.0887753054795204
Regularisation: 101.92673303144963
---
Beta Value: 5.623413251903e-08
Residual: 4.337705266596151
Regularisation: 8.391065240024876
---
Beta Value: 1e-07
Residual: 2.3302529406899564
Regularisation: 75.92575031090968
---
Beta Value: 1.7782794100389e-07
Residual: 2.1813213757272263
Regularisation: 72.28615821847016
---
Beta Value: 3.1622776601683e-07
Residual: 10.145276384408822
Regularisation: 1.7204636360904921
---
Beta Value: 5.6234132519034e-07
Residual: 8.402751624774192
Regularisation: 2.667544028200353
---
Beta Value: 1e-06
Residual: 1.3234174817634283
Regularisation: 6.658794627601983
---
Beta Value: 1.77827941003892e-06
Residual: 2.494724205533288
Regularisation: 11053.527120319339
---
Beta Value: 3.16227766016837e-06
Residual: 4.80386039555721
Regularisation: 3.70461990220827
---
Beta Value: 5.62341325190349e-06
Residual: 10.330706304356402
Regularisation: 1.7817547423929
---
Beta Value: 1e-05
Residual: 2.5153517143935744
Regularisation: 45.98604400566457
---
Beta Value: 1.778279410038922e-05
Residual: 1.0753326329782895
Regularisation: 7.794220423807599
---
Beta Value: 3.162277660168379e-05
Residual: 2.2577283557735552
Regularisation: 98.64709481214864
---
Beta Value: 5.62341325190349e-05
Residual: 8.927312896081206
Regularisation: 2.6897263494656127
---
Beta Value: 0.0001
Residual: 8.844830293236182
Regularisation: 2.8470869610475478
---
Beta Value: 0.00017782794100389227
Residual: 4.252680315281841
Regularisation: 6.3328544484303
---
Beta Value: 0.00031622776601683794
Residual: 3.03312227365121
Regularisation: 387.2758034538275
---
Beta Value: 0.0005623413251903491
Residual: 2.5680867548781676
Regularisation: 211.41610536345203
---
Beta Value: 0.001
Residual: 3.4376519025292094
Regularisation: 7.310949332544321
---
Beta Value: 0.0017782794100389228
Residual: 10.146802173593585
Regularisation: 2.257328330803668
---
Beta Value: 0.0031622776601683794
Residual: 5.8692418887058375
Regularisation: 2.6441142349840216
---
Beta Value: 0.005623413251903491
Residual: 2.252983658595848
Regularisation: 8.896013697620035
---
Beta Value: 0.01
Residual: 2.7328457745359565
Regularisation: 69.68955704054191
---
Beta Value: 0.01778279410038923
Residual: 1.506730168909216
Regularisation: 47.27920977413584
---
Beta Value: 0.03162277660168379
Residual: 1.8849683482178636
Regularisation: 3.058303683500717
---
Beta Value: 0.05623413251903491
Residual: 5.674734388212964
Regularisation: 2.4040732706004375
---
Beta Value: 0.1
Residual: 7.613417496065377
Regularisation: 7.140036071126597
---
Beta Value: 0.1778279410038923
Residual: 9.241480172565431
Regularisation: 1.5988175603520387
---
Beta Value: 0.31622776601683794
Residual: 6.875368100522963
Regularisation: 4.285072239430638
---
Beta Value: 0.5623413251903491
Residual: 10.262396924905339
Regularisation: 1.3881767888075536
---
Beta Value: 1.0
Residual: 11.405871114951507
Regularisation: 1.017975203998491
---
Beta Value: 1.7782794100389228
Residual: 12.047626979175083
Regularisation: 0.49658064238361316
---
Beta Value: 3.1622776601683795
Residual: 11.884703397548948
Regularisation: 0.9532345030677019
---
Beta Value: 5.623413251903491
Residual: 11.677763855790584
Regularisation: 0.7413457260651785
---
Beta Value: 10.0
Residual: 12.027942025694852
Regularisation: 0.5759926864567125
---
Beta Value: 17.78279410038923
Residual: 12.106764813385993
Regularisation: 0.591727885657526
---
Beta Value: 31.622776601683793
Residual: 12.06432886586399
Regularisation: 0.5934275212436387
---
Beta Value: 56.23413251903491
Residual: 11.867434789962248
Regularisation: 0.702368994823193
---
Beta Value: 100.0
Residual: 11.847790472401432
Regularisation: 0.7104545714554271
---
