Beta Value: 1e-08
Residual: 1.0003092537225438
Regularisation: 8.82545307585831
---
Beta Value: 1.778279410038e-08
Residual: 3.78087862721922
Regularisation: 8.026756612135516
---
Beta Value: 3.162277660168e-08
Residual: 5.1729792519665425
Regularisation: 3.3061867043892716
---
Beta Value: 5.623413251903e-08
Residual: 3.820501218736738
Regularisation: 4.11904413894348
---
Beta Value: 1e-07
Residual: 4.498552295055889
Regularisation: 3.182846120403544
---
Beta Value: 1.7782794100389e-07
Residual: 3.068199068974313
Regularisation: 3.125273542220045
---
Beta Value: 3.1622776601683e-07
Residual: 5.477406840707053
Regularisation: 20.861507848848063
---
Beta Value: 5.6234132519034e-07
Residual: 1.831597519839082
Regularisation: 29.946011720743915
---
Beta Value: 1e-06
Residual: 6.447453028858398
Regularisation: 6.336682330848434
---
Beta Value: 1.77827941003892e-06
Residual: 2.381351900444198
Regularisation: 102.94860093127629
---
Beta Value: 3.16227766016837e-06
Residual: 1.114248419320425
Regularisation: 7.200661655211061
---
Beta Value: 5.62341325190349e-06
Residual: 6.429834472496292
Regularisation: 3.2368002451958326
---
Beta Value: 1e-05
Residual: 2.6312827674217787
Regularisation: 105.51947101226118
---
Beta Value: 1.778279410038922e-05
Residual: 1.7491840754780799
Regularisation: 10.198663338536573
---
Beta Value: 3.162277660168379e-05
Residual: 1.9691904697223896
Regularisation: 15.877098840746617
---
Beta Value: 5.62341325190349e-05
Residual: 0.8409597103122545
Regularisation: 11.36411554217973
---
Beta Value: 0.0001
Residual: 1.4745215255068556
Regularisation: 8.701392729919098
---
Beta Value: 0.00017782794100389227
Residual: 0.7910755248858169
Regularisation: 9.689374532921315
---
Beta Value: 0.00031622776601683794
Residual: 0.714472678660452
Regularisation: 5.648093653909834
---
Beta Value: 0.0005623413251903491
Residual: 0.8101391207938105
Regularisation: 7.719451037811289
---
Beta Value: 0.001
Residual: 0.780263649131502
Regularisation: 8.98460378498601
---
Beta Value: 0.0017782794100389228
Residual: 0.8174689057082702
Regularisation: 6.183145684011876
---
Beta Value: 0.0031622776601683794
Residual: 1.85720871824158
Regularisation: 25.802379415753556
---
Beta Value: 0.005623413251903491
Residual: 3.1540386626865855
Regularisation: 38.96114540616964
---
Beta Value: 0.01
Residual: 0.7120827940325677
Regularisation: 5.4415781625291935
---
Beta Value: 0.01778279410038923
Residual: 1.3109231864120494
Regularisation: 8.238564074309902
---
Beta Value: 0.03162277660168379
Residual: 6.306076311822988
Regularisation: 7.282564502514406
---
Beta Value: 0.05623413251903491
Residual: 0.8620070320938688
Regularisation: 7.8073483210922126
---
Beta Value: 0.1
Residual: 2.339693425008748
Regularisation: 8.238342986318788
---
Beta Value: 0.1778279410038923
Residual: 1.2582346583643238
Regularisation: 17.162224537172623
---
Beta Value: 0.31622776601683794
Residual: 8.604612675104399
Regularisation: 0.6683344093439871
---
Beta Value: 0.5623413251903491
Residual: 8.518476660228213
Regularisation: 0.5750725985784145
---
Beta Value: 1.0
Residual: 8.633049718637482
Regularisation: 0.8206945047432719
---
Beta Value: 1.7782794100389228
Residual: 8.437424139020171
Regularisation: 0.635517053047704
---
Beta Value: 3.1622776601683795
Residual: 8.594524979932375
Regularisation: 0.3987849829204603
---
Beta Value: 5.623413251903491
Residual: 8.555306043318998
Regularisation: 0.5003138184637539
---
Beta Value: 10.0
Residual: 8.570867069419277
Regularisation: 0.4980273218165972
---
Beta Value: 17.78279410038923
Residual: 8.400800882521516
Regularisation: 0.8096208349533269
---
Beta Value: 31.622776601683793
Residual: 8.709361660024957
Regularisation: 0.6767219506204236
---
Beta Value: 56.23413251903491
Residual: 8.610816515191251
Regularisation: 0.6971222659191284
---
Beta Value: 100.0
Residual: 8.568491794837147
Regularisation: 0.7580970234937556
---
