Beta Value: 1e-08
Residual: 10.078570268855632
Regularisation: 6.5299986799184655
---
Beta Value: 1.778279410038e-08
Residual: 7.463652326719756
Regularisation: 3.3475792417319514
---
Beta Value: 3.162277660168e-08
Residual: 1.920850811620708
Regularisation: 2.1409452093464334
---
Beta Value: 5.623413251903e-08
Residual: 4.6428502600721
Regularisation: 2.4710530867059948
---
Beta Value: 1e-07
Residual: 1.0999125865658825
Regularisation: 7.772660848205579
---
Beta Value: 1.7782794100389e-07
Residual: 6.821319758621287
Regularisation: 4.895196910628368
---
Beta Value: 3.1622776601683e-07
Residual: 1.2930607439635606
Regularisation: 5.935769448316859
---
Beta Value: 5.6234132519034e-07
Residual: 4.916804783008903
Regularisation: 2.7059112868150867
---
Beta Value: 1e-06
Residual: 3.591341441587822
Regularisation: 5.695548884359869
---
Beta Value: 1.77827941003892e-06
Residual: 2.3216529819331466
Regularisation: 2.614928123519167
---
Beta Value: 3.16227766016837e-06
Residual: 2.2414131445146537
Regularisation: 5.6128991459597035
---
Beta Value: 5.62341325190349e-06
Residual: 6.27766238919603
Regularisation: 2.0490641028508954
---
Beta Value: 1e-05
Residual: 6.036254898496569
Regularisation: 3.9370118727074384
---
Beta Value: 1.778279410038922e-05
Residual: 1.7880137055041483
Regularisation: 5.258548801773942
---
Beta Value: 3.162277660168379e-05
Residual: 2.1880752274475865
Regularisation: 3.1983449106361186
---
Beta Value: 5.62341325190349e-05
Residual: 4.690609847400902
Regularisation: 2.9224412438225182
---
Beta Value: 0.0001
Residual: 3.019497985753605
Regularisation: 2.3281640509201256
---
Beta Value: 0.00017782794100389227
Residual: 1.1673160065464339
Regularisation: 7.333467090332513
---
Beta Value: 0.00031622776601683794
Residual: 1.0565890032162504
Regularisation: 5.3609372656482
---
Beta Value: 0.0005623413251903491
Residual: 3.4442883364403394
Regularisation: 3.827343822455852
---
Beta Value: 0.001
Residual: 5.600117487555846
Regularisation: 1.2006806925002493
---
Beta Value: 0.0017782794100389228
Residual: 3.9669705985867907
Regularisation: 3.353091975415495
---
Beta Value: 0.0031622776601683794
Residual: 1.4884504157185008
Regularisation: 5.252078255588198
---
Beta Value: 0.005623413251903491
Residual: 7.705518955918681
Regularisation: 12.460741867030356
---
Beta Value: 0.01
Residual: 1.6809279411023255
Regularisation: 3.448961338749286
---
Beta Value: 0.01778279410038923
Residual: 2.6328980489167026
Regularisation: 55.562136542196356
---
Beta Value: 0.03162277660168379
Residual: 1.3533922794706408
Regularisation: 15.3317339604865
---
Beta Value: 0.05623413251903491
Residual: 6.735836330069732
Regularisation: 6.200134529692678
---
Beta Value: 0.1
Residual: 1.574579211208404
Regularisation: 4.4343318379998955
---
Beta Value: 0.1778279410038923
Residual: 7.64431609642676
Regularisation: 4.943870281837517
---
Beta Value: 0.31622776601683794
Residual: 4.348226368703677
Regularisation: 3.3378285384123263
---
Beta Value: 0.5623413251903491
Residual: 12.248926425875695
Regularisation: 0.5022424874054155
---
Beta Value: 1.0
Residual: 11.901601809960843
Regularisation: 0.8437552332214378
---
Beta Value: 1.7782794100389228
Residual: 10.9906188328357
Regularisation: 1.086039901474308
---
Beta Value: 3.1622776601683795
Residual: 11.318054008803266
Regularisation: 0.6423749460976963
---
Beta Value: 5.623413251903491
Residual: 12.178761275859015
Regularisation: 0.6476371934225429
---
Beta Value: 10.0
Residual: 12.40504899980499
Regularisation: 0.5676824271583054
---
Beta Value: 17.78279410038923
Residual: 12.288488810925031
Regularisation: 0.5423351354014306
---
Beta Value: 31.622776601683793
Residual: 12.477542249227685
Regularisation: 0.2945179840851008
---
Beta Value: 56.23413251903491
Residual: 12.471930235841091
Regularisation: 0.4396313480655419
---
Beta Value: 100.0
Residual: 12.372536898197119
Regularisation: 0.8353932975590473
---
