---
f 1.0304386289586556
f 0.27122681552887273
f 0.9482235282195932
f -5.835975115816627e-05
f 2.5507900881044458e-06
f 1.1860495153852937
f 0.9578174794026859
f 0.2316771005955604
f 0.45903999687945274
f 0.8282398439453041
---
f 1.1635559609786987
f 0.19934359336607532
f 0.5890088160689892
f -0.1272591215912664
f -0.012180791539050856
f 0.6699234450459842
f -0.11087288511429476
f 0.02570052497676647
f 0.5824523539844604
f -0.7614119276655091
---
f 0.8426267692007405
f 0.5538966536646585
f 0.9938905609127264
f -1.0893731304948207
f -0.003797967100467845
f -8.41490865795147e-07
f 0.751678089811944
f 5.3134292419257635e-05
f 0.2936235365863605
f 0.7311900343748389
---
f 1.4189706340082329
f 1.628261060795257
f 1.21205037748894
f -6.565274610623281e-05
f 0.190332826677479
f 0.3211574359133174
f 0.7498588704706267
f -0.00017946358525010493
f -0.08617965126357992
f 0.8230192612464006
---
f 1.089811777003364
f 0.8903198088230619
f 1.2634325233421384
f 0.6961839869176996
f 0.4555013707717941
f 0.36880958158991384
f 0.30273555938511426
f 0.44768199795967134
f 0.5097286873201614
f 4.133907611557215e-10
---
f 0.47784594480654186
f -0.2879453029697111
f 0.45718412971911493
f 0.09938275070000871
f -0.0815974552919566
f 0.39218511297831793
f -1.876368091102254e-08
f 5.828991660723854e-09
f -0.4064992359516653
f 0.35058684173501503
---
f 1.0304386289586556
f 0.27122681552887273
f 0.9482235282195932
f -5.835975115816627e-05
f 2.5507900881044458e-06
f 1.1860495153852937
f 0.9578174794026859
f 0.2316771005955604
f 0.45903999687945274
f 0.8282398439453041
---
f 1.1635559609786987
f 0.19934359336607532
f 0.5890088160689892
f -0.1272591215912664
f -0.012180791539050856
f 0.6699234450459842
f -0.11087288511429476
f 0.02570052497676647
f 0.5824523539844604
f -0.7614119276655091
---
f 1.2104519674290943
f 0.6941911380415937
f 1.3231961830447732
f -0.15824703793369352
f 0.35459006778021585
f 0.48216162206868624
f 0.8144699794282586
f 0.30351502680985554
f 0.13865171656502498
f 1.4328932434710708
---
f 1.1909958702953993
f 0.17783433340264398
f 0.5907817417783483
f 0.3169482070129537
f -0.1205621827204941
f 0.8444325110566026
f -0.10999802705752981
f -1.56915801353162e-08
f 0.6908204265397425
f 0.4513458995522709
