---
f 1.5875090429841165
f 1.0372706543820482
f 1.2511478141144017
f 1.0591408031866874
f 0.00013451377643854177
f -0.0719216196239726
f 0.8012495478795285
f -3.9761754255935976e-06
f 0.28982453216456133
f 0.46971561140330054
---
f 1.0903831267500945
f 1.177453350414445
f 1.3308061807229692
f 0.31849685379690357
f 1.647711074599583e-08
f -9.620071467288026e-08
f 0.28924204998758585
f 2.760556372993924e-07
f 1.2258348072455918
f 0.31592300889715885
---
f 1.5875090429841165
f 1.0372706543820482
f 1.2511478141144017
f 1.0591408031866874
f 0.00013451377643854177
f -0.0719216196239726
f 0.8012495478795285
f -3.9761754255935976e-06
f 0.28982453216456133
f 0.46971561140330054
---
f 1.508132364844791
f 1.3277714302492822
f 1.1100099077336436
f 0.36156155133918266
f -0.06489452462954813
f 0.1562668089557059
f 0.7721480062453117
f 0.27638606219291456
f -0.04192304034325792
f 0.8126159658029846
---
f 1.4321445783882212
f 1.1811118234612485
f 1.3599801079177916
f 0.858594645972325
f 9.240056737232552e-08
f 2.0412566327201312e-07
f 0.24274484712454875
f 2.5065544059578748e-06
f 0.465774133780262
f 0.479117977107129
---
f 1.3614103791109364
f 1.085118879833185
f 1.2909301632573649
f 0.7839102205572754
f -8.560631615224141e-09
f 1.0561607891728454e-09
f 0.28078049595045623
f 1.465142457734914e-07
f 0.5169070634609246
f 0.500146786028143
---
f 1.592129062044588
f 1.4786934065544866
f 1.0009715619370452
f -1.422790889080845
f 0.06535821240591327
f -0.15722579425919675
f 0.7731986981162903
f 0.5479247142913537
f 0.20997865679335437
f 0.7393150498824196
---
f 0.8489661322280276
f -0.08174224000464557
f 0.05897609718706827
f -0.003176671654538234
f -0.022888609791489333
f 0.07431140508224564
f 4.794857516771509e-09
f 0.10528762618619267
f 1.4685144019446024
f 0.04268612450774191
---
f 1.3614103791109364
f 1.085118879833185
f 1.2909301632573649
f 0.7839102205572754
f -8.560631615224141e-09
f 1.0561607891728454e-09
f 0.28078049595045623
f 1.465142457734914e-07
f 0.5169070634609246
f 0.500146786028143
---
f 1.3924284785388767
f 1.1479993196543496
f 1.369714001787682
f 0.7435321908617476
f -2.7066486030247434e-09
f 9.39556040728646e-09
f 0.2362839222258392
f -1.2687792061411001e-08
f 0.49787362791583767
f 0.48004444202570773
