---
f 1.4827494929988758
f 1.0205081731950942
f 1.2726819836579857
f 0.7542102094076577
f -9.310597920253712e-09
f 8.186387191379881e-10
f 0.30750339968503887
f -6.631670360822576e-08
f 0.1546155218666467
f 0.35256209051337895
---
f -3.095833878700306e-08
f -0.00020285714547801486
f 2.1484731194401142e-05
f 9.105703981710837e-05
f -0.00017801014658568222
f -0.00017453523301431089
f -3.749660653962484e-09
f 7.289235920535809e-08
f 0.2346287902545864
f -0.0002582572038420661
---
f -3.959003674846719e-08
f -6.298172478676377e-07
f -2.911618165158449e-05
f 2.6335469120097516e-05
f -4.938770545445266e-07
f 4.834130539971492e-05
f 5.4280420667933406e-11
f 1.50378690701273e-08
f 0.2659967227677017
f -3.932542091766138e-06
---
f 1.4690538129797623
f 1.0097203522909173
f 1.285284789161571
f 0.6519279284004345
f -1.232790154037157e-07
f -1.935160706434254e-08
f 0.33768326887307054
f 4.956041482583523e-07
f 0.15641400278673664
f 0.3902565512192939
---
f 1.5458068676959602
f 0.8837428488232788
f 1.0728974052048434
f 0.9860794057769156
f 4.6721638242377886e-08
f -4.587101672593611e-09
f 0.39395346344524795
f 0.5194745480098628
f 0.8298782974083524
f 0.13048910915397466
---
f 1.524458606890858
f 0.46855752808081363
f 2.0253705026458952
f -0.2549678075475931
f 0.16144988531875812
f 0.271618244914026
f -0.17917447329944225
f 0.4186206229094003
f 0.21162450989617587
f -0.5594377575423839
---
f -7.198709905109826e-06
f -6.8586863922677554e-06
f 1.3329792744974395e-05
f -7.55027888681536e-06
f -3.4476415059370235e-05
f -2.3774304427248875e-05
f -2.1962914980239832e-06
f -3.5563632018811504e-05
f 2.3882938328088087e-05
f 2.2368910660855877e-06
---
f 0.4182479696993239
f 0.0012905483574154977
f 3.5162255604777777e-06
f -0.010285362647735222
f 0.017322589864583685
f -0.002415937884046733
f 2.905940883508872e-09
f 0.27208254823292705
f 0.9456822206163658
f -0.004932957250321511
---
f 1.4840189230363667
f 1.0221202680258044
f 1.2763203669538135
f 0.7479098901625519
f 0.00026284892915992173
f -1.1610986003838323e-05
f 0.29688106158651717
f -7.494914392918426e-07
f -0.14964350044601873
f 0.3496352561387252
---
f 1.4855916831588873
f 0.9995614743479508
f 1.1236472263681838
f 1.0269320259870593
f -0.0038995310571100375
f 1.87615024784724e-09
f 0.37144454335025673
f -6.976111566150841e-11
f 0.23123479364868105
f 0.3752691024323778
