---
f 0.014561613454703859
f -3.8618137006506165e-05
f 9.635147643990131e-05
f -1.0276918890193246e-05
f -2.730538875203082e-05
f 5.400731350823938e-05
f 0.1322973994324511
f -0.003563195270274192
f 3.387825564975836e-07
f 3.995584639379017e-05
---
f 0.4139642779499691
f -0.00079165023099181
f -0.0005235527099157255
f 0.00033767762376367134
f -0.0018641677250364338
f 0.0008197888752628298
f 0.3778119132215668
f -0.01946725175795969
f 3.5983093377723694e-08
f 0.0009769561966005186
---
f 1.9417666855392765e-05
f 8.452170730907603e-06
f 1.8970350944153156e-05
f 4.091773832506519e-05
f -4.37690883912932e-05
f -7.108308452036144e-06
f -3.710352782467305e-05
f 4.318941185475969e-06
f 3.82127932830605e-06
f 3.3858118715279144e-06
---
f 1.9417666855392765e-05
f 8.452170730907603e-06
f 1.8970350944153156e-05
f 4.091773832506519e-05
f -4.37690883912932e-05
f -7.108308452036144e-06
f -3.710352782467305e-05
f 4.318941185475969e-06
f 3.82127932830605e-06
f 3.3858118715279144e-06
---
f 0.4139642779499691
f -0.00079165023099181
f -0.0005235527099157255
f 0.00033767762376367134
f -0.0018641677250364338
f 0.0008197888752628298
f 0.3778119132215668
f -0.01946725175795969
f 3.5983093377723694e-08
f 0.0009769561966005186
---
f 1.9417666855392765e-05
f 8.452170730907603e-06
f 1.8970350944153156e-05
f 4.091773832506519e-05
f -4.37690883912932e-05
f -7.108308452036144e-06
f -3.710352782467305e-05
f 4.318941185475969e-06
f 3.82127932830605e-06
f 3.3858118715279144e-06
---
f 0.4139642779499691
f -0.00079165023099181
f -0.0005235527099157255
f 0.00033767762376367134
f -0.0018641677250364338
f 0.0008197888752628298
f 0.3778119132215668
f -0.01946725175795969
f 3.5983093377723694e-08
f 0.0009769561966005186
---
f 1.9417666855392765e-05
f 8.452170730907603e-06
f 1.8970350944153156e-05
f 4.091773832506519e-05
f -4.37690883912932e-05
f -7.108308452036144e-06
f -3.710352782467305e-05
f 4.318941185475969e-06
f 3.82127932830605e-06
f 3.3858118715279144e-06
---
f 0.4139642779499691
f -0.00079165023099181
f -0.0005235527099157255
f 0.00033767762376367134
f -0.0018641677250364338
f 0.0008197888752628298
f 0.3778119132215668
f -0.01946725175795969
f 3.5983093377723694e-08
f 0.0009769561966005186
---
f 1.9417666855392765e-05
f 8.452170730907603e-06
f 1.8970350944153156e-05
f 4.091773832506519e-05
f -4.37690883912932e-05
f -7.108308452036144e-06
f -3.710352782467305e-05
f 4.318941185475969e-06
f 3.82127932830605e-06
f 3.3858118715279144e-06
