---
f 1.0228058212902242
f 0.2072769773630727
f 0.7262135692109644
f 0.15073462962151232
f -4.827446502182839e-05
f 0.40469143530039664
f 0.0018724419205730166
f 1.9182850708863086e-08
f 0.382633610171087
f 0.46993634791920247
---
f 0.7685668338961327
f 0.13359689720035883
f 0.3733402426539381
f 0.0003741583692044131
f 5.939735655509547e-07
f 0.25824145531799336
f -9.156909641801478e-09
f 2.859287639144387e-08
f 1.003263849111967
f 0.23396698495970886
---
f 0.7685668338961327
f 0.13359689720035883
f 0.3733402426539381
f 0.0003741583692044131
f 5.939735655509547e-07
f 0.25824145531799336
f -9.156909641801478e-09
f 2.859287639144387e-08
f 1.003263849111967
f 0.23396698495970886
---
f 1.489527144062809
f 0.3982284881863215
f 0.83426114999261
f 0.24759041984393143
f 7.594879588082088e-07
f 0.9404461384423132
f 6.85942405748835e-07
f 1.2251368734142388e-08
f 0.40003961286043543
f -0.3895120823436631
---
f 0.7685668338961327
f 0.13359689720035883
f 0.3733402426539381
f 0.0003741583692044131
f 5.939735655509547e-07
f 0.25824145531799336
f -9.156909641801478e-09
f 2.859287639144387e-08
f 1.003263849111967
f 0.23396698495970886
---
f 1.563107177114936
f 0.5100931528731023
f 1.1202686500477732
f -0.29628911775293787
f 2.9171350461636287e-09
f 0.5212313457919407
f 4.994851190241656e-10
f 1.0324055751759374e-08
f 0.33201483332677006
f 0.7980085114589246
---
f 0.9870547490638955
f 0.4851595255112454
f 0.7835271447378084
f -0.3518349894320614
f -8.733524074989145e-08
f 0.3130619386890479
f -1.1891844872565129e-08
f 1.4651954625739922e-08
f 0.21996637461912588
f 0.5290984406143534
---
f 0.9514365072005724
f 0.19227973628097794
f 0.7153945411333725
f 0.2065542221137535
f 9.475670885442431e-10
f 0.43941728432131255
f -2.626054985673918e-08
f -2.1741677832016846e-09
f 0.3768774406908601
f 0.48781132869354926
---
f 1.4918695307534655
f -5.876950378925479e-06
f 1.1498802446278698
f -0.5994082360574372
f 1.4346174365286676e-05
f 0.20637346405201698
f -0.028142592683428454
f 0.01698288565518398
f 0.6007534427804071
f 0.6150473280481266
---
f 1.5192220779314884
f -0.5002019739858817
f 0.7740909945803438
f 0.2699529234059751
f -0.03288882852620993
f 0.7407616160958944
f 0.06657562594213591
f 0.0712865562557115
f 0.30520090623413615
f 1.1963741740097904
