---
f 0.9528968401276647
f 0.34454837079799155
f 0.6494398568467892
f -0.00021747459737257808
f 5.932771139976654e-08
f 0.34787391954584446
f -6.146944197731152e-09
f -1.036828456134704e-08
f 0.6830104508191192
f 0.42624238790914726
---
f 1.274408247556051
f 0.41765257668651634
f 0.9174360412068996
f 0.07760257126172648
f 0.2860340234182995
f 1.0270760461432007
f 5.259989474913507e-07
f 0.028685856308885906
f 0.18442857344173616
f 0.7302853749517288
---
f 1.9155992224363594
f -1.3068187264271245
f 1.2233196424393566
f -1.2234067091931808
f 0.6080773279144678
f 1.0035780629972872
f 0.1865714347540327
f 0.27000206119892356
f 0.6012732213104609
f 0.815596186847739
---
f 0.9947253286203586
f 0.228580076161447
f 0.6364977381077594
f 8.983860024026075e-07
f 0.02136832027084738
f -0.06991451541408276
f -5.1669207086512445e-08
f 0.07513805615852794
f 1.0715163356946862
f 0.3041191047598034
---
f 0.9947253286203586
f 0.228580076161447
f 0.6364977381077594
f 8.983860024026075e-07
f 0.02136832027084738
f -0.06991451541408276
f -5.1669207086512445e-08
f 0.07513805615852794
f 1.0715163356946862
f 0.3041191047598034
---
f 0.9947253286203586
f 0.228580076161447
f 0.6364977381077594
f 8.983860024026075e-07
f 0.02136832027084738
f -0.06991451541408276
f -5.1669207086512445e-08
f 0.07513805615852794
f 1.0715163356946862
f 0.3041191047598034
---
f 1.4588236373283257
f 0.8039884976176547
f 0.6693649130765453
f 0.32631221761621515
f -0.0030517630704580516
f 0.9618633443454623
f -7.218723155891419e-05
f 0.16418470911755598
f 0.7736093600474999
f -0.0003485500682853665
---
f 1.6263647528536014
f 0.7962288238611639
f 0.7564677355916516
f 0.4752080777463989
f -0.029741662124015023
f -0.10309405213681565
f 0.010649385846934718
f 0.21356454023771013
f 0.25764836000866215
f 2.124951120869599
---
f 1.250438860077094
f 0.007196186980889292
f 1.1678426438073601
f 0.6101372703477737
f -0.03134477185646886
f 0.5037205704998128
f -0.24209695828701083
f 0.03478174655916844
f 0.18184813642246905
f 0.9311697264400474
---
f 1.7615736202956838
f 0.7609732784724401
f 0.9752782342406423
f 0.3643932669480203
f 2.097291013136799e-07
f 0.8320252942809069
f 0.06388976681172379
f 0.267393528621257
f -0.3729809876553133
f 1.1788347443535114
