---
f -1.1428749447280954e-06
f 4.038218260769444e-05
f 1.3667058143726775e-05
f -4.669160097231103e-05
f 6.236878227751494e-06
f -1.4918972510744605e-05
f 1.3172694043949641e-05
f -3.221066081535914e-05
f 1.1526921808976479e-05
f 5.837418532326103e-05
---
f 1.2989535428968357
f 0.4013220746805456
f 0.9070356022594916
f 0.34568214372443806
f -1.8821694882604297e-08
f 0.43047383885717455
f 0.07351115726775867
f 7.119118846551451e-08
f 0.1339549343664508
f 0.5983251280434976
---
f 1.4621738600537881
f -0.3288416852336298
f 1.0117670838732138
f -0.3426314736979262
f -0.0024300604825377506
f 0.604626347404944
f -1.7720402347015427e-08
f 2.982250521751386e-08
f 0.4222941809226165
f 0.6662164286854187
---
f 1.7256027768678148
f -0.44098084747346633
f 1.0690272029100165
f 0.5075897449921971
f -4.276229630790834e-09
f 0.9420491313232766
f 0.3818408697647614
f -8.557170653246963e-09
f -0.02015544773189817
f -0.8573245887497669
---
f 1.7256027768678148
f -0.44098084747346633
f 1.0690272029100165
f 0.5075897449921971
f -4.276229630790834e-09
f 0.9420491313232766
f 0.3818408697647614
f -8.557170653246963e-09
f -0.02015544773189817
f -0.8573245887497669
---
f 1.4621738600537881
f -0.3288416852336298
f 1.0117670838732138
f -0.3426314736979262
f -0.0024300604825377506
f 0.604626347404944
f -1.7720402347015427e-08
f 2.982250521751386e-08
f 0.4222941809226165
f 0.6662164286854187
---
f -1.1428749447280954e-06
f 4.038218260769444e-05
f 1.3667058143726775e-05
f -4.669160097231103e-05
f 6.236878227751494e-06
f -1.4918972510744605e-05
f 1.3172694043949641e-05
f -3.221066081535914e-05
f 1.1526921808976479e-05
f 5.837418532326103e-05
---
f 0.9793084020203603
f 0.21551506825354796
f 0.5763503543670059
f -0.012754359582506323
f 1.7395396848079383e-07
f 0.40552333955076225
f 7.205340894874963e-09
f -4.954605727186577e-09
f 0.9581564005722567
f 0.34698121180837344
---
f 1.4621738600537881
f -0.3288416852336298
f 1.0117670838732138
f -0.3426314736979262
f -0.0024300604825377506
f 0.604626347404944
f -1.7720402347015427e-08
f 2.982250521751386e-08
f 0.4222941809226165
f 0.6662164286854187
---
f 0.9352293331964301
f 0.13204689826537105
f 0.4447280435040584
f -0.0020357754177397994
f 2.8464243169622537e-08
f 0.3468072380515055
f 8.995023820273838e-09
f -2.692072539728574e-08
f 1.1630214057203883
f 0.2331876969975925
