[[ 1.31493389e+00  4.87946416e-01  1.78747459e+00  1.26004782e+00
   1.09493153e+00  2.58901975e-01  1.61911729e-09  1.89264789e-01
   1.05662097e-01  1.55585330e+00]
 [ 7.35089132e-01 -2.19693712e-03  1.04133770e+00  5.64554164e-01
   2.02385441e-01  1.51101634e+00  2.45806865e-01  7.41189013e-01
  -1.46592191e-09  1.43967138e+00]
 [-2.45170446e-03  8.93840958e-02 -7.12388488e-02  3.81472297e-02
  -4.25496939e-02  1.49233678e-02  1.36223253e-01  2.33849049e-01
   2.49117469e-01  9.83683874e-02]
 [ 1.63881146e+00  4.44870632e-01  1.59594910e+00  1.34580577e+00
   3.12116063e-01  1.31842328e-01 -2.02908750e-02  8.54305761e-01
   5.81137690e-02  1.64585827e+00]
 [ 1.63881146e+00  4.44870632e-01  1.59594910e+00  1.34580577e+00
   3.12116063e-01  1.31842328e-01 -2.02908750e-02  8.54305761e-01
   5.81137690e-02  1.64585827e+00]
 [ 1.01184993e+00  9.57156026e-02  1.91555671e-01  3.53435010e-01
   1.49205534e+00  1.96523572e-07  1.94110219e-01 -2.94266226e-09
   1.36180998e+00  3.25113938e-01]
 [ 1.29705280e+00 -2.70387117e-10  1.81245870e+00 -1.60566525e-03
   4.79834874e-01  1.06774201e+00 -1.48046737e-02  2.77005106e-02
   1.70420942e-01 -6.67527394e-01]
 [ 1.27791115e+00  3.69860133e-01  9.57232498e-01  5.49482345e-07
   3.46617595e-04  1.01225413e+00  2.08540336e-09  2.73140299e-01
   3.54081283e-01  7.61901156e-01]
 [ 1.27791115e+00  3.69860133e-01  9.57232498e-01  5.49482345e-07
   3.46617595e-04  1.01225413e+00  2.08540336e-09  2.73140299e-01
   3.54081283e-01  7.61901156e-01]
 [ 5.01196022e-01  3.16781304e-01 -1.94376309e-09  1.97690122e-01
   1.01161419e+00  7.73345185e-02 -5.86385916e-09  3.98827800e-01
   9.60381301e-01  5.36212706e-01]]