[[ 1.16993990e+00 -6.63006893e-02  2.02652646e+00  1.02737810e+00
   6.89775757e-01  1.94935433e+00 -8.43522182e-02  5.59785933e-01
   5.58638062e-02  3.83868892e-01]
 [ 1.16073155e+00  8.26947179e-01  9.32293922e-01  7.58782945e-09
   2.72716426e-01  1.41717759e+00  1.07473581e-01  5.09926313e-01
   6.06498864e-01  2.57098108e-01]
 [ 7.78928029e-01  4.79780825e-01  4.99276974e-01  2.27641098e-01
   9.88264283e-01  1.42903501e+00 -1.75883596e-09  2.41280324e-01
   9.54147285e-01  8.89503282e-01]
 [ 5.29539319e-01  4.87547289e-01  4.67825727e-01  4.25678198e-02
   3.47120168e-01  1.00143083e+00 -1.75603443e-10  1.22686567e-08
   1.08106621e+00  5.28088989e-01]
 [ 1.35972789e+00  3.58435868e-01  1.26830265e+00  1.63944670e+00
   4.23692957e-01 -1.21942413e-02 -1.85649481e-02  9.41578334e-01
   3.46352595e-08  2.27534237e+00]
 [ 1.16073155e+00  8.26947179e-01  9.32293922e-01  7.58782945e-09
   2.72716426e-01  1.41717759e+00  1.07473581e-01  5.09926313e-01
   6.06498864e-01  2.57098108e-01]
 [ 9.36851733e-01  5.56609334e-01  5.98016403e-01  1.64900453e-07
   6.63553548e-03  8.73464681e-01  3.28724153e-03  9.59055609e-01
   8.99881366e-01  1.32441248e+00]
 [ 9.89466845e-01  2.17532865e-01  1.10073079e+00  3.28161165e-01
   2.16309440e-02  1.22690436e+00  6.16444826e-01  1.00152408e+00
   9.12142639e-01  5.94205154e-01]
 [ 1.38461118e+00  8.58659102e-01  7.26065610e-01 -7.31454876e-02
  -1.63579484e-03  2.32949725e-01  1.02128178e-07  4.15073813e-01
  -9.44269499e-02  2.40859772e+00]
 [ 1.50527917e+00  1.79277751e+00  6.28655183e-01 -2.12786248e-02
   1.70567709e-01 -1.83467209e-01 -1.05295160e-02  3.54947181e-01
   9.48611927e-01  8.48007766e-01]]