[[ 1.23452005e+00  4.36689967e-01  7.92867916e-01  1.71903966e-01
   3.20917383e-01  8.89420031e-01  5.24947244e-02  8.97964073e-02
   3.77297214e-01  5.12390896e-01]
 [ 3.46768332e-01  7.92606529e-01  1.89101222e-01  1.66672040e-01
  -1.09322710e-08  9.25394165e-01  2.47842035e-02  6.33358060e-02
   3.28425645e-01  5.48313870e-01]
 [ 3.12179426e-01  2.02118996e-01  4.11924592e-01 -1.07345844e-03
  -1.30634283e-02  3.78593210e-02  4.59748958e-01  1.38678263e-01
   1.62478621e-09 -3.08808413e-03]
 [ 3.12179426e-01  2.02118996e-01  4.11924592e-01 -1.07345844e-03
  -1.30634283e-02  3.78593210e-02  4.59748958e-01  1.38678263e-01
   1.62478621e-09 -3.08808413e-03]
 [ 3.12179426e-01  2.02118996e-01  4.11924592e-01 -1.07345844e-03
  -1.30634283e-02  3.78593210e-02  4.59748958e-01  1.38678263e-01
   1.62478621e-09 -3.08808413e-03]
 [ 1.23452005e+00  4.36689967e-01  7.92867916e-01  1.71903966e-01
   3.20917383e-01  8.89420031e-01  5.24947244e-02  8.97964073e-02
   3.77297214e-01  5.12390896e-01]
 [ 3.46768332e-01  7.92606529e-01  1.89101222e-01  1.66672040e-01
  -1.09322710e-08  9.25394165e-01  2.47842035e-02  6.33358060e-02
   3.28425645e-01  5.48313870e-01]
 [ 3.12179426e-01  2.02118996e-01  4.11924592e-01 -1.07345844e-03
  -1.30634283e-02  3.78593210e-02  4.59748958e-01  1.38678263e-01
   1.62478621e-09 -3.08808413e-03]
 [ 1.23452005e+00  4.36689967e-01  7.92867916e-01  1.71903966e-01
   3.20917383e-01  8.89420031e-01  5.24947244e-02  8.97964073e-02
   3.77297214e-01  5.12390896e-01]
 [ 1.23452005e+00  4.36689967e-01  7.92867916e-01  1.71903966e-01
   3.20917383e-01  8.89420031e-01  5.24947244e-02  8.97964073e-02
   3.77297214e-01  5.12390896e-01]]