[[ 1.49206758e+00  1.44504973e+00  1.24674801e+00  5.80402369e-01
   3.02273869e-08  1.18176426e-09  2.72160744e-01  2.34347571e-02
   4.94036409e-01  6.38491813e-01]
 [ 7.59967092e-01  5.93136052e-01  6.14196190e-01  9.61485327e-01
   4.83820144e-01  8.45486705e-01 -9.17983913e-09  9.68750347e-01
   1.90120999e+00  1.47687694e-01]
 [ 9.50300064e-01  1.77896037e+00  4.11270059e-01  1.45445403e+00
   5.10907062e-01  1.23392629e+00  2.41695204e-10  7.88052646e-01
   1.69978346e+00  3.54406377e-02]
 [ 6.47335733e-01  1.90828562e-01  1.14152748e+00  7.41279215e-02
   1.11093206e+00  5.73859787e-01  1.59809917e-10  8.97135631e-01
   1.58285060e+00  1.71497082e+00]
 [ 4.27657071e-01  1.06070119e-04  9.68354954e-01  6.66472065e-01
   8.80627947e-01  1.43782200e+00  2.20423602e-01  4.09768008e-01
   1.25890275e+00  1.36614145e-01]
 [ 5.37692241e-01  1.41563021e+00  8.72989823e-02 -1.13446766e-08
   4.65818827e-07  1.14725282e+00  1.96361652e-07  8.80520382e-01
   1.84232046e+00  2.41544286e-01]
 [ 9.50300064e-01  1.77896037e+00  4.11270059e-01  1.45445403e+00
   5.10907062e-01  1.23392629e+00  2.41695204e-10  7.88052646e-01
   1.69978346e+00  3.54406377e-02]
 [ 5.62962637e-01  1.53265646e-01  1.14680605e+00  1.12065737e+00
   6.32803081e-01  7.69213965e-01  6.14605280e-02  1.56271284e+00
   1.69931981e+00  1.34635152e+00]
 [ 1.26352868e+00  6.01497933e-01  1.00242669e+00  9.59377372e-03
   7.24401365e-08  7.98958246e-01  1.90662600e-07  6.92219289e-01
   1.14696215e+00  3.38346700e-01]
 [ 9.80323774e-01  1.61799747e+00  6.71210461e-02  4.37573659e-02
   1.39498712e+00  6.55503727e-01 -6.58309113e-10  2.99715201e-02
   1.44568320e+00  1.91541001e-01]]