[[ 6.09825541e-01  1.37617641e-01  1.93747193e+00  1.10590653e-07
  -1.44186508e-08  6.89106091e-01 -1.23157930e-08  8.10660349e-03
   1.28740641e+00  7.98974254e-07]
 [ 9.86246268e-01 -1.48558826e-02  1.53955615e+00  8.02960532e-01
  -2.65648423e-09  1.05370278e-01  5.76086339e-01  4.41096446e-01
   9.05714424e-01  9.14225773e-01]
 [ 9.86246268e-01 -1.48558826e-02  1.53955615e+00  8.02960532e-01
  -2.65648423e-09  1.05370278e-01  5.76086339e-01  4.41096446e-01
   9.05714424e-01  9.14225773e-01]
 [ 9.86246268e-01 -1.48558826e-02  1.53955615e+00  8.02960532e-01
  -2.65648423e-09  1.05370278e-01  5.76086339e-01  4.41096446e-01
   9.05714424e-01  9.14225773e-01]
 [-3.84051070e-03  3.90292739e-01  2.11048562e-01 -2.24797993e-04
   1.02056227e+00  8.05957474e-01 -4.40912390e-03  4.48022067e-01
   1.03002245e+00  6.81729160e-01]
 [ 1.38153491e+00 -3.51310331e-01  1.13224677e+00  5.91948091e-01
   2.48375006e-09  7.55313485e-01 -7.57895063e-02 -4.60719454e-10
   3.57509508e-01  4.34195557e-01]
 [ 9.23157062e-01  1.50699141e+00  1.05812726e+00  3.06615121e-04
   4.58473691e-01  1.55665813e+00  3.44107009e-01 -2.26962478e-09
   1.15879620e+00  2.81816176e-01]
 [ 1.13004871e+00  8.68759960e-01  9.50321619e-01  2.17649812e-08
  -5.10266205e-10  1.07841271e+00  6.91640619e-02  9.69513980e-01
   8.82402230e-01  2.43110440e-01]
 [ 1.04639818e+00  5.91997580e-05  1.37135865e+00  1.01985918e+00
  -1.53294841e-07 -4.12600263e-01  1.00300260e+00  7.44720951e-07
   1.80769124e-02  8.52703435e-01]
 [ 1.12746942e+00  3.81045894e-01  7.69826466e-01  8.42911463e-01
   2.69830625e-09 -1.42659188e-02  1.39698333e+00  2.62221203e-01
   1.88782262e+00  1.39216711e+00]]