[[ 1.11761726e+00  1.15655216e+00  9.48744758e-01  2.73216505e+00
   6.30208509e-01  5.07412134e-01  1.84644124e+00  6.82653584e-08
   9.29950660e-01  2.67741216e-01]
 [ 1.23500771e+00  1.50922724e+00  1.32068313e+00  1.11216423e-08
   1.92408561e-01  9.93908724e-01  1.00610324e+00  6.12815091e-01
   2.80184361e-01  3.12186987e-01]
 [ 7.66266152e-01  2.41534862e-01  8.82588905e-01  1.01342764e+00
   8.87076733e-01  1.94374007e-01 -1.01505917e-02 -7.47434248e-04
   7.28189563e-06  1.77042467e+00]
 [ 1.13108412e+00  9.66932645e-01  1.85866683e+00  4.53685191e-01
   1.37291146e+00  1.95655585e-01  3.66772143e-01  8.18688899e-03
   4.20250375e-01  1.04366616e+00]
 [ 5.22896710e-01  3.36297904e-08  3.24315848e-01  1.02359071e+00
   1.45167375e-01  9.57445691e-01  2.93406518e-01  2.15809237e-01
   1.07401900e+00 -2.28768130e-08]
 [ 1.28349431e+00  2.03355569e+00  5.03774254e-01  1.56752705e+00
   7.18463303e-01  1.10052020e+00  1.26644790e-02 -2.62212554e-07
   6.76451978e-01 -1.72343112e-07]
 [ 8.13195237e-01  1.05653591e+00  9.07987789e-01  1.10935463e-01
   3.73661527e-01  1.03843248e+00  2.31929378e-01  1.68538343e-07
   1.57447290e-01  5.19769024e-01]
 [ 7.66266152e-01  2.41534862e-01  8.82588905e-01  1.01342764e+00
   8.87076733e-01  1.94374007e-01 -1.01505917e-02 -7.47434248e-04
   7.28189563e-06  1.77042467e+00]
 [ 7.66266152e-01  2.41534862e-01  8.82588905e-01  1.01342764e+00
   8.87076733e-01  1.94374007e-01 -1.01505917e-02 -7.47434248e-04
   7.28189563e-06  1.77042467e+00]
 [ 1.11798355e+00  2.14847284e-01  8.80931974e-01  1.19659639e+00
   4.17486792e-06  9.28841209e-01  1.11925750e+00  9.50523500e-01
   1.00219782e+00  9.95968444e-01]]