Beta Value: 1e-08
Residual: 2.0218258446046455
Regularisation: 40.43740268531825
---
Beta Value: 1.778279410038e-08
Residual: 1.992449131935401
Regularisation: 27.393683907045144
---
Beta Value: 3.162277660168e-08
Residual: 3.229859507823173
Regularisation: 92.49260692764005
---
Beta Value: 5.623413251903e-08
Residual: 11.720523493278808
Regularisation: 9.352818780434463
---
Beta Value: 1e-07
Residual: 3.1906616362620515
Regularisation: 42.36327873853887
---
Beta Value: 1.7782794100389e-07
Residual: 1.4177113633666103
Regularisation: 26.84535708488766
---
Beta Value: 3.1622776601683e-07
Residual: 3.3662924354438504
Regularisation: 41.2784081755468
---
Beta Value: 5.6234132519034e-07
Residual: 1.9809848219476414
Regularisation: 96.23843119045364
---
Beta Value: 1e-06
Residual: 1.3864199871090332
Regularisation: 15.487394260972067
---
Beta Value: 1.77827941003892e-06
Residual: 6.438249323904494
Regularisation: 13.280507666310179
---
Beta Value: 3.16227766016837e-06
Residual: 7.853778476488951
Regularisation: 6.988584712625852
---
Beta Value: 5.62341325190349e-06
Residual: 1.7111706802168103
Regularisation: 68.7837651019949
---
Beta Value: 1e-05
Residual: 2.5235242130048023
Regularisation: 12.513921758603463
---
Beta Value: 1.778279410038922e-05
Residual: 6.649886794870211
Regularisation: 974.9696607700618
---
Beta Value: 3.162277660168379e-05
Residual: 2.5140917250734307
Regularisation: 36.37823302100958
---
Beta Value: 5.62341325190349e-05
Residual: 13.124829654592823
Regularisation: 5.1889120122550185
---
Beta Value: 0.0001
Residual: 2.713171513399918
Regularisation: 29.259588407562536
---
Beta Value: 0.00017782794100389227
Residual: 4.15958372220478
Regularisation: 47.909297596628036
---
Beta Value: 0.00031622776601683794
Residual: 2.139147605625917
Regularisation: 29.19264500214836
---
Beta Value: 0.0005623413251903491
Residual: 3.7412805800564706
Regularisation: 43.906357059613484
---
Beta Value: 0.001
Residual: 1.4144177562194227
Regularisation: 26.36763440447596
---
Beta Value: 0.0017782794100389228
Residual: 2.967861015733803
Regularisation: 24.356703992206022
---
Beta Value: 0.0031622776601683794
Residual: 1.9204767954382143
Regularisation: 13.559654302950232
---
Beta Value: 0.005623413251903491
Residual: 1.9170849975827362
Regularisation: 25.36602703271599
---
Beta Value: 0.01
Residual: 4.064745777615713
Regularisation: 89.36174611208912
---
Beta Value: 0.01778279410038923
Residual: 2.447065392982798
Regularisation: 17.386370359061928
---
Beta Value: 0.03162277660168379
Residual: 5.837296462459763
Regularisation: 13.88221652319529
---
Beta Value: 0.05623413251903491
Residual: 1.6118929661400292
Regularisation: 10.184156049452916
---
Beta Value: 0.1
Residual: 1.6572628373138794
Regularisation: 4.259736547993974
---
Beta Value: 0.1778279410038923
Residual: 1.5899752064639132
Regularisation: 4.171843769672725
---
Beta Value: 0.31622776601683794
Residual: 15.32591756049272
Regularisation: 0.899955396281528
---
Beta Value: 0.5623413251903491
Residual: 15.372881151519763
Regularisation: 0.6361733944282286
---
Beta Value: 1.0
Residual: 15.610637744470722
Regularisation: 0.30243858042944793
---
Beta Value: 1.7782794100389228
Residual: 15.458798546148904
Regularisation: 0.5157174418905612
---
Beta Value: 3.1622776601683795
Residual: 15.610785929678503
Regularisation: 0.3662111573542203
---
Beta Value: 5.623413251903491
Residual: 15.458190330093377
Regularisation: 0.5690784369159132
---
Beta Value: 10.0
Residual: 15.378444642444302
Regularisation: 0.6517969372383366
---
Beta Value: 17.78279410038923
Residual: 15.59743226959712
Regularisation: 0.4681249001618826
---
Beta Value: 31.622776601683793
Residual: 15.527340692118985
Regularisation: 0.5590585823726544
---
Beta Value: 56.23413251903491
Residual: 15.586275703607251
Regularisation: 0.3551412431365881
---
Beta Value: 100.0
Residual: 15.608695541014603
Regularisation: 0.28231705624590714
---
