Beta Value: 1e-08
Residual: 1.625434597436718
Regularisation: 23879.991522667613
---
Beta Value: 1.778279410038e-08
Residual: 1.3371461467787926
Regularisation: 2157.942577902315
---
Beta Value: 3.162277660168e-08
Residual: 1.8794000991722346
Regularisation: 9.223787882460481
---
Beta Value: 5.623413251903e-08
Residual: 1.7640821065837882
Regularisation: 36.88082595436273
---
Beta Value: 1e-07
Residual: 1.2544694453684575
Regularisation: 23847.577010248468
---
Beta Value: 1.7782794100389e-07
Residual: 1.1224900658092662
Regularisation: 5889.348631079054
---
Beta Value: 3.1622776601683e-07
Residual: 1.2555867750066005
Regularisation: 4199.827432206905
---
Beta Value: 5.6234132519034e-07
Residual: 1.6299627582990377
Regularisation: 58.290300786200646
---
Beta Value: 1e-06
Residual: 1.2569930855765807
Regularisation: 2696.672345362767
---
