Beta Value: 1e-08
Residual: 2.2583285543354816
Regularisation: 40.50689328896266
---
Beta Value: 1.778279410038e-08
Residual: 3.2248808613944644
Regularisation: 54.68312675349243
---
Beta Value: 3.162277660168e-08
Residual: 2.916469662435883
Regularisation: 39.88853933197994
---
Beta Value: 5.623413251903e-08
Residual: 7.497025764699428
Regularisation: 18.835397870395152
---
Beta Value: 1e-07
Residual: 2.605032135511565
Regularisation: 51.09853352486854
---
Beta Value: 1.7782794100389e-07
Residual: 2.7234014784691434
Regularisation: 162.31258340497916
---
Beta Value: 3.1622776601683e-07
Residual: 2.609332477591964
Regularisation: 63.92114023661033
---
Beta Value: 5.6234132519034e-07
Residual: 2.48480027586951
Regularisation: 49.71867891637747
---
Beta Value: 1e-06
Residual: 2.233725347004221
Regularisation: 23.043430488918098
---
Beta Value: 1.77827941003892e-06
Residual: 2.2441862122374596
Regularisation: 94.45222966020626
---
Beta Value: 3.16227766016837e-06
Residual: 2.183837574196447
Regularisation: 46.16307532409738
---
Beta Value: 5.62341325190349e-06
Residual: 2.2922007158225446
Regularisation: 5.606354584012237
---
Beta Value: 1e-05
Residual: 2.708257770945236
Regularisation: 76.12958157060118
---
Beta Value: 1.778279410038922e-05
Residual: 9.546711133427863
Regularisation: 136.98818813845963
---
Beta Value: 3.162277660168379e-05
Residual: 7.413714930349606
Regularisation: 13.460788046453997
---
Beta Value: 5.62341325190349e-05
Residual: 2.5006709435094665
Regularisation: 48.20855170887913
---
Beta Value: 0.0001
Residual: 7.102215433959342
Regularisation: 40.71181452129652
---
Beta Value: 0.00017782794100389227
Residual: 1.9740725623088204
Regularisation: 12.174699418625934
---
Beta Value: 0.00031622776601683794
Residual: 2.012820328068249
Regularisation: 34.508293277992536
---
Beta Value: 0.0005623413251903491
Residual: 2.6293683395011924
Regularisation: 85.07078597399583
---
Beta Value: 0.001
Residual: 7.720968573433499
Regularisation: 13.41334429132329
---
Beta Value: 0.0017782794100389228
Residual: 2.7340703785021216
Regularisation: 20.24867698784964
---
Beta Value: 0.0031622776601683794
Residual: 2.4395243623645855
Regularisation: 148.12193276866046
---
Beta Value: 0.005623413251903491
Residual: 4.390096084442633
Regularisation: 73.06662610335148
---
Beta Value: 0.01
Residual: 2.5121636834386707
Regularisation: 69.7719741303819
---
Beta Value: 0.01778279410038923
Residual: 2.479229924456104
Regularisation: 48.9944625018474
---
Beta Value: 0.03162277660168379
Residual: 2.400137538191501
Regularisation: 40.94967274266594
---
Beta Value: 0.05623413251903491
Residual: 12.779369067946599
Regularisation: 1.470451526455262
---
Beta Value: 0.1
Residual: 12.816428803211044
Regularisation: 0.6770345337560119
---
Beta Value: 0.1778279410038923
Residual: 12.854027762838099
Regularisation: 0.4824746903281517
---
Beta Value: 0.31622776601683794
Residual: 12.839312546697705
Regularisation: 0.5171689230221022
---
Beta Value: 0.5623413251903491
Residual: 12.870360313309504
Regularisation: 0.4619861881617523
---
Beta Value: 1.0
Residual: 12.869035690688632
Regularisation: 0.28981324185821455
---
Beta Value: 1.7782794100389228
Residual: 12.843366508430199
Regularisation: 0.8076390058700381
---
Beta Value: 3.1622776601683795
Residual: 12.858078102245452
Regularisation: 0.3290343552105123
---
Beta Value: 5.623413251903491
Residual: 12.855750867297694
Regularisation: 0.8091988497726836
---
Beta Value: 10.0
Residual: 12.871208027130969
Regularisation: 0.23362132701017768
---
Beta Value: 17.78279410038923
Residual: 12.850276261737145
Regularisation: 0.5885608889834748
---
Beta Value: 31.622776601683793
Residual: 12.870682851027448
Regularisation: 0.16859104810581477
---
Beta Value: 56.23413251903491
Residual: 12.871437854318836
Regularisation: 0.15311970371835512
---
Beta Value: 100.0
Residual: 12.86086298003107
Regularisation: 0.38584733638245905
---
