Beta Value: 1e-08
Residual: 3.369450948177817
Regularisation: 28.52457544981917
---
Beta Value: 1.778279410038e-08
Residual: 2.5624920244458904
Regularisation: 3.6231891247203545
---
Beta Value: 3.162277660168e-08
Residual: 2.948293509600895
Regularisation: 9.401644314745713
---
Beta Value: 5.623413251903e-08
Residual: 5.288977835779421
Regularisation: 43.576552990982286
---
Beta Value: 1e-07
Residual: 2.5573906101427
Regularisation: 5.237816993999388
---
Beta Value: 1.7782794100389e-07
Residual: 3.0926088795308635
Regularisation: 16.634338036617503
---
Beta Value: 3.1622776601683e-07
Residual: 3.864271270462633
Regularisation: 8.988077622708527
---
Beta Value: 5.6234132519034e-07
Residual: 5.811863605098977
Regularisation: 66015.13310917452
---
Beta Value: 1e-06
Residual: 3.150946538472418
Regularisation: 8.795885613415535
---
Beta Value: 1.77827941003892e-06
Residual: 3.5832494957726007
Regularisation: 6.393704826474763
---
Beta Value: 3.16227766016837e-06
Residual: 2.996941384748447
Regularisation: 6.900696797783586
---
Beta Value: 5.62341325190349e-06
Residual: 2.8335476367524888
Regularisation: 12.924077302743667
---
Beta Value: 1e-05
Residual: 3.9725014847684603
Regularisation: 8.157715329058137
---
Beta Value: 1.778279410038922e-05
Residual: 3.046257621008055
Regularisation: 12.215751148004658
---
Beta Value: 3.162277660168379e-05
Residual: 2.4906648813673145
Regularisation: 3.9879917087639583
---
Beta Value: 5.62341325190349e-05
Residual: 3.0705591346234393
Regularisation: 22.46067507991185
---
Beta Value: 0.0001
Residual: 3.79016579759047
Regularisation: 18.334367669492377
---
Beta Value: 0.00017782794100389227
Residual: 2.708235569122482
Regularisation: 7.251141282821581
---
Beta Value: 0.00031622776601683794
Residual: 2.9659959004528362
Regularisation: 8.899004823753714
---
Beta Value: 0.0005623413251903491
Residual: 3.155453229359338
Regularisation: 39.27652340840747
---
Beta Value: 0.001
Residual: 2.8715691597410116
Regularisation: 6.131409240147756
---
Beta Value: 0.0017782794100389228
Residual: 3.107206569971989
Regularisation: 37.96186136410118
---
Beta Value: 0.0031622776601683794
Residual: 2.5361829568373393
Regularisation: 12.843358314057266
---
Beta Value: 0.005623413251903491
Residual: 3.1030640454799703
Regularisation: 4.5739924718939715
---
Beta Value: 0.01
Residual: 3.331882566343391
Regularisation: 6.80394967424587
---
Beta Value: 0.01778279410038923
Residual: 2.786697290014978
Regularisation: 5.826538789112164
---
Beta Value: 0.03162277660168379
Residual: 3.0669192685494218
Regularisation: 8.928871480246436
---
Beta Value: 0.05623413251903491
Residual: 2.8618490632586955
Regularisation: 7.930833800876059
---
Beta Value: 0.1
Residual: 4.989948136555256
Regularisation: 4.700324061414486
---
Beta Value: 0.1778279410038923
Residual: 9.204742106045112
Regularisation: 1.0462566696211715
---
Beta Value: 0.31622776601683794
Residual: 9.299995930492148
Regularisation: 0.7110072223139208
---
Beta Value: 0.5623413251903491
Residual: 9.381653467328599
Regularisation: 0.4937991876881114
---
Beta Value: 1.0
Residual: 9.350421073278092
Regularisation: 0.743457417736112
---
Beta Value: 1.7782794100389228
Residual: 9.344003996840739
Regularisation: 0.5035002612321835
---
Beta Value: 3.1622776601683795
Residual: 9.484024174545215
Regularisation: 0.26990388155213063
---
Beta Value: 5.623413251903491
Residual: 9.485570719272893
Regularisation: 0.4979803930895631
---
Beta Value: 10.0
Residual: 9.309079823013496
Regularisation: 0.8692282663778506
---
Beta Value: 17.78279410038923
Residual: 9.431200646115183
Regularisation: 0.6703514133119627
---
Beta Value: 31.622776601683793
Residual: 9.400964143842344
Regularisation: 0.523009626314216
---
Beta Value: 56.23413251903491
Residual: 9.44099019778924
Regularisation: 0.43298100920385185
---
Beta Value: 100.0
Residual: 9.367859380548822
Regularisation: 1.0162755582494785
---
