[[ 1.12385716e+00  2.10416418e-01  1.36393935e+00  3.91534499e-01
   2.06002240e-01 -3.25400506e-01  3.03186274e-08  2.21276562e-01
   3.77084144e-01  5.77750028e-01]
 [ 1.37692315e+00  3.65943997e-01  9.17768008e-01 -2.02473985e-01
  -2.21070460e-07  8.76730587e-01 -3.88014333e-01 -1.11505611e-01
  -3.46040850e-08  1.37292467e+00]
 [ 1.58216039e+00  8.64779353e-01  1.52090785e+00  1.17492901e-03
   2.41098689e-01  1.26337620e-09  2.31389492e-08 -1.24220276e-01
   3.38482071e-01  7.42793822e-01]
 [ 1.10250649e+00  2.59734249e-01 -1.10855269e+00 -2.48787458e-01
   1.49026981e-02 -5.51890565e-01  1.66059294e-11 -2.87189362e-01
  -1.56502971e-01  1.14059728e+00]
 [ 6.77258364e-01  1.15693006e+00  1.29077245e+00  1.25107149e-01
   4.88946746e-01  8.13859050e-01  6.98694964e-02  5.12113647e-01
   1.14780192e+00  5.03843034e-01]
 [ 1.10250649e+00  2.59734249e-01 -1.10855269e+00 -2.48787458e-01
   1.49026981e-02 -5.51890565e-01  1.66059294e-11 -2.87189362e-01
  -1.56502971e-01  1.14059728e+00]
 [ 1.46670806e+00  1.64218161e-01  1.75111775e+00  1.19671961e+00
   3.66205810e-09 -7.16370064e-01 -1.45757464e+00 -7.70618573e-01
   2.86256767e-03  1.15507403e+00]
 [ 9.42151114e-01  6.31889556e-01  9.18109563e-01  2.84355638e-01
   1.18708477e-01  2.33938059e+00 -1.51519186e-08  2.41474650e-01
   2.40237885e-03 -4.88017586e-01]
 [ 1.29106669e+00  2.00514513e-01  1.58395737e+00  1.06774078e+00
   3.10061363e-08  8.37122881e-01 -6.45555606e-07 -7.08521993e-01
   1.76764319e-02  7.75452044e-01]
 [ 1.58216039e+00  8.64779353e-01  1.52090785e+00  1.17492901e-03
   2.41098689e-01  1.26337620e-09  2.31389492e-08 -1.24220276e-01
   3.38482071e-01  7.42793822e-01]]