[[ 7.53735287e-01  9.25416493e-01  7.47541346e-01  6.60728055e-01
   6.63934914e-01 -4.99625405e-01  4.42373557e-09  1.32964023e+00
   2.07242236e+00  7.43268606e-01]
 [ 8.81561932e-01  9.70315137e-01  8.21810552e-01  2.51532719e-01
   8.78363151e-01  4.91344995e-01 -1.19191373e-01  5.32823231e-01
   1.56830340e+00  6.25884591e-01]
 [ 8.81561932e-01  9.70315137e-01  8.21810552e-01  2.51532719e-01
   8.78363151e-01  4.91344995e-01 -1.19191373e-01  5.32823231e-01
   1.56830340e+00  6.25884591e-01]
 [ 8.06289470e-01  1.12259776e+00  1.89813803e-01  1.35203360e+00
   1.21540270e-01  1.46705878e-01  3.21705169e-01  4.05790412e-01
   2.06661927e+00  2.95240789e-01]
 [ 8.81561932e-01  9.70315137e-01  8.21810552e-01  2.51532719e-01
   8.78363151e-01  4.91344995e-01 -1.19191373e-01  5.32823231e-01
   1.56830340e+00  6.25884591e-01]
 [ 7.92633757e-01  6.86137926e-01  1.02564928e+00  9.40203914e-01
   8.20679003e-01  7.67845868e-01 -3.15596047e-10  9.61644467e-01
   1.60265070e+00  2.10516233e-01]
 [ 7.06017079e-01  6.88058442e-02  9.78358257e-02 -6.83558261e-01
   1.45932236e+00  3.68238670e-01  4.05763724e-08  3.22470595e-01
   1.70912655e+00  1.23135965e+00]
 [ 7.40844357e-01  3.06446007e-01  1.16532085e+00  1.44665940e+00
   7.60594147e-01  2.75329652e-08  4.13317838e-09  6.73772278e-01
   1.91089167e+00  5.18067887e-02]
 [ 1.00279252e+00  1.84619119e-01  2.96397024e-01  6.96465162e-01
   6.76075780e-01  6.08943987e-01  9.35715993e-02  2.17119052e-02
   1.16672111e+00  1.04403682e+00]
 [ 8.81561932e-01  9.70315137e-01  8.21810552e-01  2.51532719e-01
   8.78363151e-01  4.91344995e-01 -1.19191373e-01  5.32823231e-01
   1.56830340e+00  6.25884591e-01]]