[[ 1.10047648e+00  4.46217141e-01  1.18972262e+00  5.83106784e-01
   4.83263567e-01  6.93353484e-01  4.42035551e-01  5.78139769e-09
  -4.99677587e-01  3.86708488e-01]
 [ 9.38336522e-01  6.75621805e-01  1.12409648e+00  1.41980877e-02
   1.84904334e-01  1.93726945e-01  1.89113857e-01 -3.20273394e-01
   3.18821564e-01  7.29166699e-01]
 [-8.05642471e-01 -2.47365772e-01  1.13475634e+00 -2.47825452e-01
   1.11683647e+00  1.66512043e+00 -5.02278592e-01 -6.43239511e-07
   2.64210509e-01  1.26141257e+00]
 [-8.05642471e-01 -2.47365772e-01  1.13475634e+00 -2.47825452e-01
   1.11683647e+00  1.66512043e+00 -5.02278592e-01 -6.43239511e-07
   2.64210509e-01  1.26141257e+00]
 [ 1.03278629e+00  2.00706493e-01  1.78325075e+00  8.15088199e-01
   1.48025611e-01  5.54871612e-01 -1.18111614e-02  1.33981457e+00
   8.27404260e-02  7.07641672e-01]
 [ 1.11399712e+00  1.25900474e+00  2.71599312e-01  3.17823067e-01
   2.60828647e-02  1.30110158e+00  2.74991630e-09  1.04187060e-01
   6.70832340e-01  5.96185739e-01]
 [ 1.10047648e+00  4.46217141e-01  1.18972262e+00  5.83106784e-01
   4.83263567e-01  6.93353484e-01  4.42035551e-01  5.78139769e-09
  -4.99677587e-01  3.86708488e-01]
 [ 9.38336522e-01  6.75621805e-01  1.12409648e+00  1.41980877e-02
   1.84904334e-01  1.93726945e-01  1.89113857e-01 -3.20273394e-01
   3.18821564e-01  7.29166699e-01]
 [ 1.03278629e+00  2.00706493e-01  1.78325075e+00  8.15088199e-01
   1.48025611e-01  5.54871612e-01 -1.18111614e-02  1.33981457e+00
   8.27404260e-02  7.07641672e-01]
 [-8.05642471e-01 -2.47365772e-01  1.13475634e+00 -2.47825452e-01
   1.11683647e+00  1.66512043e+00 -5.02278592e-01 -6.43239511e-07
   2.64210509e-01  1.26141257e+00]]