[[ 2.88060644e-05 -1.89483006e-05 -1.58419882e-05 -1.58361478e-05
  -4.73465967e-06 -4.12931857e-05 -4.78445183e-05  7.51329104e-05
   3.32569140e-05 -3.39741138e-05]
 [ 1.51633066e+00  5.63941240e-01  1.18406709e+00  4.24336856e-01
  -6.62227626e-09 -4.69635866e-01 -2.17870060e-01  3.01171065e-03
   8.35460376e-01  8.83873800e-02]
 [-1.79645040e-02 -5.53063070e-02  6.81202072e-02 -9.73034820e-03
  -3.01141403e-02  3.75836990e-02  6.09947620e-08 -3.62635047e-02
   8.10943991e-02  4.85745474e-02]
 [ 1.51633066e+00  5.63941240e-01  1.18406709e+00  4.24336856e-01
  -6.62227626e-09 -4.69635866e-01 -2.17870060e-01  3.01171065e-03
   8.35460376e-01  8.83873800e-02]
 [ 1.51633066e+00  5.63941240e-01  1.18406709e+00  4.24336856e-01
  -6.62227626e-09 -4.69635866e-01 -2.17870060e-01  3.01171065e-03
   8.35460376e-01  8.83873800e-02]
 [ 1.41662069e+00  3.67982395e-01  1.26869292e+00  2.84582957e-01
   1.79501922e-01  4.61801785e-01  4.36018682e-01 -5.54958831e-02
   5.56317839e-01  6.05398133e-01]
 [ 1.33250407e+00  5.37337641e-01  1.23776425e+00 -6.08784077e-02
  -1.28173133e-01  4.90991376e-01  5.42506340e-01  2.06701545e-01
   1.90632893e-02  1.31134442e+00]
 [ 1.35238435e+00  5.73683917e-01  1.50807732e+00 -3.50079089e-01
  -3.80382696e-02  2.61762293e-01  4.16524783e-01  6.38450525e-01
   2.22442733e-08  8.62059226e-01]
 [ 1.51633066e+00  5.63941240e-01  1.18406709e+00  4.24336856e-01
  -6.62227626e-09 -4.69635866e-01 -2.17870060e-01  3.01171065e-03
   8.35460376e-01  8.83873800e-02]
 [ 1.55688346e+00 -6.58301321e-01  6.01113323e-01 -9.72008069e-01
  -6.59115214e-02  2.26494735e-01  1.69146334e-01 -4.04175386e-02
  -1.76629903e-05  1.62074463e+00]]