[[ 8.76855931e-01  7.34079789e-01  1.06569718e+00  2.51996545e-01
   4.66467453e-01  1.13090923e+00  2.04829136e-01  5.64448941e-02
   7.10463101e-01  5.85483851e-01]
 [ 1.09505333e+00  5.83889367e-01  1.10081353e+00  2.42156536e-01
   5.76818164e-01  6.01340860e-01  2.64967039e-01  5.28935867e-01
   9.61512521e-01  3.10868609e-01]
 [ 8.76855931e-01  7.34079789e-01  1.06569718e+00  2.51996545e-01
   4.66467453e-01  1.13090923e+00  2.04829136e-01  5.64448941e-02
   7.10463101e-01  5.85483851e-01]
 [ 3.18106799e-06 -8.96834800e-05 -3.14591684e-05 -3.48886294e-05
   1.06842720e-05  5.56994320e-05  4.06715305e-05  4.09552731e-05
  -7.93746735e-05  3.38585786e-05]
 [ 8.76855931e-01  7.34079789e-01  1.06569718e+00  2.51996545e-01
   4.66467453e-01  1.13090923e+00  2.04829136e-01  5.64448941e-02
   7.10463101e-01  5.85483851e-01]
 [ 1.09505333e+00  5.83889367e-01  1.10081353e+00  2.42156536e-01
   5.76818164e-01  6.01340860e-01  2.64967039e-01  5.28935867e-01
   9.61512521e-01  3.10868609e-01]
 [ 8.76855931e-01  7.34079789e-01  1.06569718e+00  2.51996545e-01
   4.66467453e-01  1.13090923e+00  2.04829136e-01  5.64448941e-02
   7.10463101e-01  5.85483851e-01]
 [ 1.09505333e+00  5.83889367e-01  1.10081353e+00  2.42156536e-01
   5.76818164e-01  6.01340860e-01  2.64967039e-01  5.28935867e-01
   9.61512521e-01  3.10868609e-01]
 [ 1.09505333e+00  5.83889367e-01  1.10081353e+00  2.42156536e-01
   5.76818164e-01  6.01340860e-01  2.64967039e-01  5.28935867e-01
   9.61512521e-01  3.10868609e-01]
 [ 3.18106799e-06 -8.96834800e-05 -3.14591684e-05 -3.48886294e-05
   1.06842720e-05  5.56994320e-05  4.06715305e-05  4.09552731e-05
  -7.93746735e-05  3.38585786e-05]]