[[ 1.16357194e+00  2.81822163e-01  1.37079347e+00 -2.40589435e-01
  -1.79832843e-06  6.73959965e-01 -1.32733606e-01  6.99397775e-01
   2.81836105e-01  5.89735182e-01]
 [-5.69388529e-01 -3.50957143e-01  5.19059887e-01  8.73253933e-02
   2.20164273e-01 -4.14173135e-07 -3.32544420e-01  3.05618466e-01
   1.48354436e+00 -1.42485651e-06]
 [ 1.09710882e+00  1.29595519e+00  6.39314659e-01  7.00028537e-01
  -1.02150140e-08  9.30146713e-02  9.01407795e-01 -5.85990005e-08
   9.88308312e-01  5.73239565e-01]
 [ 7.79482197e-01  1.55529690e-01  1.37505569e+00 -6.64426414e-02
  -3.21513592e-09 -2.52235959e-01  7.37936294e-01  6.56922325e-01
   1.71694633e+00  1.72756175e-01]
 [ 1.46949075e+00  1.11574212e+00  1.04214077e+00 -8.92744023e-01
   5.57587547e-01 -1.63015592e-01  5.02879028e-01  2.82843602e-01
   9.55435773e-01  1.20743338e+00]
 [ 1.17046717e+00  1.29776944e+00  9.62976835e-01 -9.79605334e-09
   4.81947444e-01  7.29399473e-01  1.83138063e-02  4.67062901e-01
   5.38247671e-01  2.93537879e-01]
 [ 6.23826414e-02  2.55431980e-02  3.92144313e-01 -1.28049656e-04
   2.15919607e-01 -3.53482707e-01 -3.91820959e-09 -9.86162477e-09
   5.43745870e-01 -2.23159163e-02]
 [ 2.49801439e-01  1.15653614e+00  1.38401239e-05  1.10735666e-01
   3.51175853e-01 -3.91447507e-01 -9.04813843e-10  4.77726333e-01
   5.31562334e-01 -1.93099751e-01]
 [-5.69388529e-01 -3.50957143e-01  5.19059887e-01  8.73253933e-02
   2.20164273e-01 -4.14173135e-07 -3.32544420e-01  3.05618466e-01
   1.48354436e+00 -1.42485651e-06]
 [-4.98432268e-01  7.55008324e-01  8.60257431e-01 -5.66555107e-01
   1.39242888e-08 -7.48667070e-07  2.11869018e-01 -3.59281777e-08
   6.91561294e-01 -3.43915780e-01]]