[[ 1.38823411e+00 -5.00087173e-01  1.16956932e+00  2.08524910e-01
  -1.07098337e-03  1.23944164e+00  6.99295519e-01  8.44099310e-01
   5.32933766e-01  1.10581587e+00]
 [ 9.76443290e-01  4.29963914e-01  9.91741178e-01  3.48504508e-07
  -8.06817458e-02  1.27002751e+00 -1.01041877e-01  1.04505029e+00
   8.41807144e-01  2.88099879e-01]
 [ 1.38823411e+00 -5.00087173e-01  1.16956932e+00  2.08524910e-01
  -1.07098337e-03  1.23944164e+00  6.99295519e-01  8.44099310e-01
   5.32933766e-01  1.10581587e+00]
 [ 1.59110558e+00  8.54888261e-01  1.85202245e+00  1.40457496e+00
   9.30707367e-01 -1.32626678e+00  3.45803636e-01  1.50559105e+00
   1.76150824e-03  1.98463133e+00]
 [ 8.05904896e-01  3.91874329e-01  1.18264855e+00  3.58317178e-01
   9.26765443e-01  1.15541635e+00  3.24111767e-02  4.94506167e-01
   6.84982812e-01  8.61475790e-01]
 [ 3.74517230e-01  7.49293465e-10  1.00280084e+00 -2.87970045e-01
   5.91092301e-04  1.37801353e+00  2.40845414e-06  5.23651761e-01
   3.74742608e-01 -3.23255817e-01]
 [ 1.15269252e+00  3.62012380e-01  1.43193428e+00 -6.78325944e-02
   9.16136157e-01  9.40140179e-01  3.61825108e-01  1.94536738e-09
   8.24357336e-01  3.49850753e-01]
 [ 1.35150861e+00  7.39448123e-01  5.46735282e-01 -5.92766995e-02
   6.69864600e-02  1.55546249e+00 -5.77863913e-01  4.36456852e-02
   5.34493557e-01 -9.04368690e-01]
 [ 1.03379174e+00  7.68802472e-01  1.04143061e+00 -5.96928274e-02
   6.76475728e-01  3.02031641e-01  2.47303040e-01  7.93849298e-02
   1.00301883e+00  2.04715347e-01]
 [ 1.85227469e+00  1.55995938e+00  1.06744569e+00  3.00539643e-05
   2.67392478e-01  7.16863044e-01  7.60829600e-02  7.57708191e-02
   6.82587410e-01 -2.88172413e-02]]