Beta Value: 1e-08
Residual: 1.6581745152576175
Regularisation: 8.504455436141948
---
Beta Value: 1.778279410038e-08
Residual: 1.968074141766417
Regularisation: 72.14923398940316
---
Beta Value: 3.162277660168e-08
Residual: 2.1480955531074963
Regularisation: 34.21304134367242
---
Beta Value: 5.623413251903e-08
Residual: 12.473032608175801
Regularisation: 32.79963876174366
---
Beta Value: 1e-07
Residual: 1.7776510956323741
Regularisation: 20.148804756400892
---
Beta Value: 1.7782794100389e-07
Residual: 2.6358200420837514
Regularisation: 18.055907324029228
---
Beta Value: 3.1622776601683e-07
Residual: 3.7485896539767602
Regularisation: 148.7123619089816
---
Beta Value: 5.6234132519034e-07
Residual: 2.0146210929200947
Regularisation: 32.58639390402538
---
Beta Value: 1e-06
Residual: 3.6564223414846095
Regularisation: 511.81167355091776
---
Beta Value: 1.77827941003892e-06
Residual: 4.958888796579658
Regularisation: 31.731432139455375
---
Beta Value: 3.16227766016837e-06
Residual: 2.8497758502216888
Regularisation: 110.86049197977763
---
Beta Value: 5.62341325190349e-06
Residual: 2.279594554284341
Regularisation: 8008.747118113982
---
Beta Value: 1e-05
Residual: 6.083169967177933
Regularisation: 13.900618185341264
---
Beta Value: 1.778279410038922e-05
Residual: 8.391513610756366
Regularisation: 56.34792888603293
---
Beta Value: 3.162277660168379e-05
Residual: 1.6818551829013784
Regularisation: 28.37043737552321
---
Beta Value: 5.62341325190349e-05
Residual: 2.5663133109737273
Regularisation: 93.77761953511362
---
Beta Value: 0.0001
Residual: 2.792715080375259
Regularisation: 23.7662986528194
---
Beta Value: 0.00017782794100389227
Residual: 1.8380373544898594
Regularisation: 19.817674446322275
---
Beta Value: 0.00031622776601683794
Residual: 1.5099571301493904
Regularisation: 25.166555175400184
---
Beta Value: 0.0005623413251903491
Residual: 8.36098500665147
Regularisation: 182.41034046735442
---
Beta Value: 0.001
Residual: 1.537710311783742
Regularisation: 26.704990866470048
---
Beta Value: 0.0017782794100389228
Residual: 3.968702361675759
Regularisation: 91.96696283302632
---
Beta Value: 0.0031622776601683794
Residual: 2.2888376491032116
Regularisation: 17.267267173113627
---
Beta Value: 0.005623413251903491
Residual: 4.705627106862151
Regularisation: 49.465324629455445
---
Beta Value: 0.01
Residual: 2.268516002100079
Regularisation: 15.81255784532739
---
Beta Value: 0.01778279410038923
Residual: 2.913302595394541
Regularisation: 33.52471996223735
---
Beta Value: 0.03162277660168379
Residual: 1.933780825631868
Regularisation: 54.65973218275613
---
Beta Value: 0.05623413251903491
Residual: 2.646101168210566
Regularisation: 21.337718729866264
---
Beta Value: 0.1
Residual: 2.047890006261457
Regularisation: 9.114563178842092
---
Beta Value: 0.1778279410038923
Residual: 1.8270568606611566
Regularisation: 5.137326085952001
---
Beta Value: 0.31622776601683794
Residual: 15.324668076891845
Regularisation: 0.8539122845540708
---
Beta Value: 0.5623413251903491
Residual: 15.366883094396034
Regularisation: 0.6300358653362779
---
Beta Value: 1.0
Residual: 15.576836586062623
Regularisation: 0.5422613903779501
---
Beta Value: 1.7782794100389228
Residual: 15.526625428602708
Regularisation: 0.46541283135199785
---
Beta Value: 3.1622776601683795
Residual: 15.493292106906994
Regularisation: 0.49482925509278675
---
Beta Value: 5.623413251903491
Residual: 15.55932991006785
Regularisation: 0.6185440565910532
---
Beta Value: 10.0
Residual: 15.605171203883664
Regularisation: 0.6156380466434733
---
Beta Value: 17.78279410038923
Residual: 15.543826829438439
Regularisation: 0.41200896011918203
---
Beta Value: 31.622776601683793
Residual: 15.520774585083933
Regularisation: 0.4760502532123914
---
Beta Value: 56.23413251903491
Residual: 15.554803551569298
Regularisation: 0.46522004096492353
---
Beta Value: 100.0
Residual: 15.609466908853161
Regularisation: 0.297454515653681
---
