Beta Value: 1e-08
Residual: 0.6032583716788698
Regularisation: 55.171603304415775
---
Beta Value: 1.778279410038e-08
Residual: 0.9659055869564273
Regularisation: 178.51294498070564
---
Beta Value: 3.162277660168e-08
Residual: 0.8709356893408167
Regularisation: 1008.2789800157534
---
Beta Value: 5.623413251903e-08
Residual: 7.280442831462729
Regularisation: 2.5333606284024444
---
Beta Value: 1e-07
Residual: 0.606397296068262
Regularisation: 19.066777312947938
---
Beta Value: 1.7782794100389e-07
Residual: 3.415338671658763
Regularisation: 3.8744239540638166
---
Beta Value: 3.1622776601683e-07
Residual: 0.9017260393177517
Regularisation: 32.00366240732141
---
Beta Value: 5.6234132519034e-07
Residual: 1.736986114126433
Regularisation: 25.109418947831912
---
Beta Value: 1e-06
Residual: 7.2342903586760805
Regularisation: 1.8785740991203939
---
Beta Value: 1.77827941003892e-06
Residual: 1.4410985672514638
Regularisation: 86.25455511889389
---
Beta Value: 3.16227766016837e-06
Residual: 7.258984770233765
Regularisation: 2.268542467105828
---
Beta Value: 5.62341325190349e-06
Residual: 7.259013212248856
Regularisation: 3.375532768230631
---
Beta Value: 1e-05
Residual: 7.234425282928185
Regularisation: 3.0147782565044436
---
Beta Value: 1.778279410038922e-05
Residual: 1.019368996225512
Regularisation: 23.302252550747134
---
Beta Value: 3.162277660168379e-05
Residual: 1.392106585691794
Regularisation: 11.21660168660878
---
Beta Value: 5.62341325190349e-05
Residual: 7.260921849982091
Regularisation: 2.348943252175025
---
Beta Value: 0.0001
Residual: 0.9931942085265564
Regularisation: 558.0751828627475
---
Beta Value: 0.00017782794100389227
Residual: 0.6418507554132732
Regularisation: 31.744298007859257
---
Beta Value: 0.00031622776601683794
Residual: 7.274614695331604
Regularisation: 2.427212409574036
---
Beta Value: 0.0005623413251903491
Residual: 7.306558515934406
Regularisation: 2.317523777005216
---
Beta Value: 0.001
Residual: 1.4738149782099803
Regularisation: 5.398678242605507
---
Beta Value: 0.0017782794100389228
Residual: 7.25663928448318
Regularisation: 2.933044233844949
---
Beta Value: 0.0031622776601683794
Residual: 7.325184433458005
Regularisation: 1.9279268947953891
---
Beta Value: 0.005623413251903491
Residual: 4.429350591285629
Regularisation: 5.915336900398669
---
Beta Value: 0.01
Residual: 0.6435113085167522
Regularisation: 12.511255981668791
---
Beta Value: 0.01778279410038923
Residual: 2.4171639789366797
Regularisation: 4.3884858090928365
---
Beta Value: 0.03162277660168379
Residual: 4.919711637618598
Regularisation: 5.8353039801016635
---
Beta Value: 0.05623413251903491
Residual: 0.9878147917427595
Regularisation: 7.073815363026747
---
Beta Value: 0.1
Residual: 8.032168166773586
Regularisation: 0.6249349034518529
---
Beta Value: 0.1778279410038923
Residual: 8.04832018442919
Regularisation: 0.4791073977590417
---
Beta Value: 0.31622776601683794
Residual: 8.062709393596084
Regularisation: 0.3320778754883985
---
Beta Value: 0.5623413251903491
Residual: 8.05857890115916
Regularisation: 0.5473454615081768
---
Beta Value: 1.0
Residual: 8.0326209904798
Regularisation: 0.6202658774443226
---
Beta Value: 1.7782794100389228
Residual: 8.060573563083782
Regularisation: 0.7187589243653099
---
Beta Value: 3.1622776601683795
Residual: 8.048691797570104
Regularisation: 0.557324875402523
---
Beta Value: 5.623413251903491
Residual: 8.017699689629906
Regularisation: 0.8095241498034258
---
Beta Value: 10.0
Residual: 8.050605183795149
Regularisation: 0.7554970833298676
---
Beta Value: 17.78279410038923
Residual: 8.02512897268571
Regularisation: 0.6499685220396961
---
Beta Value: 31.622776601683793
Residual: 8.039387610007521
Regularisation: 0.5424120986219394
---
Beta Value: 56.23413251903491
Residual: 8.034751482150787
Regularisation: 0.8091144122155888
---
Beta Value: 100.0
Residual: 8.04494445783436
Regularisation: 0.5215638307990026
---
