Beta Value: 1e-08
Residual: 2.9397299507398893
Regularisation: 21.259209367705886
---
Beta Value: 1.778279410038e-08
Residual: 8.332042484144184
Regularisation: 2.4755842761649927
---
Beta Value: 3.162277660168e-08
Residual: 3.4500354703180154
Regularisation: 6.175600109503827
---
Beta Value: 5.623413251903e-08
Residual: 0.7912089846040409
Regularisation: 107.94157856856485
---
Beta Value: 1e-07
Residual: 1.6345460297867538
Regularisation: 11.497964135199622
---
Beta Value: 1.7782794100389e-07
Residual: 8.250710985128858
Regularisation: 3.856412044153976
---
Beta Value: 3.1622776601683e-07
Residual: 0.8727985931948186
Regularisation: 38.46907812857707
---
Beta Value: 5.6234132519034e-07
Residual: 1.3381677858592875
Regularisation: 7.835968090590358
---
Beta Value: 1e-06
Residual: 8.271353445816567
Regularisation: 3.307074667526334
---
Beta Value: 1.77827941003892e-06
Residual: 2.22673252512982
Regularisation: 7.659308464504403
---
Beta Value: 3.16227766016837e-06
Residual: 8.280674568909529
Regularisation: 2.4679912819256797
---
Beta Value: 5.62341325190349e-06
Residual: 4.748143454938062
Regularisation: 2.6906170291392533
---
Beta Value: 1e-05
Residual: 0.8485605755483231
Regularisation: 112.82320070805683
---
Beta Value: 1.778279410038922e-05
Residual: 2.209415023650755
Regularisation: 23.477481002783236
---
Beta Value: 3.162277660168379e-05
Residual: 0.16371615843392806
Regularisation: 292.0079349815939
---
Beta Value: 5.62341325190349e-05
Residual: 0.6772247584686559
Regularisation: 30.731214625405254
---
Beta Value: 0.0001
Residual: 8.221378390304473
Regularisation: 2.3858929691044723
---
Beta Value: 0.00017782794100389227
Residual: 0.3611072251457184
Regularisation: 29.376865582857683
---
Beta Value: 0.00031622776601683794
Residual: 3.7386762188347693
Regularisation: 5.440087750093667
---
Beta Value: 0.0005623413251903491
Residual: 5.15314133307618
Regularisation: 5.1295129388332485
---
Beta Value: 0.001
Residual: 8.275733603469464
Regularisation: 3.7519419578083317
---
Beta Value: 0.0017782794100389228
Residual: 1.2508392719764598
Regularisation: 9.700723106126825
---
Beta Value: 0.0031622776601683794
Residual: 2.0084780469657306
Regularisation: 8.850949777811948
---
Beta Value: 0.005623413251903491
Residual: 0.22486307823034
Regularisation: 8.63423598657793
---
Beta Value: 0.01
Residual: 0.19286766114803483
Regularisation: 10.516762896565877
---
Beta Value: 0.01778279410038923
Residual: 0.6103803307608966
Regularisation: 7.188851823598714
---
Beta Value: 0.03162277660168379
Residual: 0.38139688745478856
Regularisation: 7.7885821016664885
---
Beta Value: 0.05623413251903491
Residual: 0.7357946882474159
Regularisation: 5.512920039746653
---
Beta Value: 0.1
Residual: 8.1252517617497
Regularisation: 1.7870261673583905
---
Beta Value: 0.1778279410038923
Residual: 2.3594482502364515
Regularisation: 5.803173034481743
---
Beta Value: 0.31622776601683794
Residual: 9.07794013146868
Regularisation: 0.7498665783213911
---
Beta Value: 0.5623413251903491
Residual: 9.082433112145784
Regularisation: 0.4709639394524294
---
Beta Value: 1.0
Residual: 9.052668751905868
Regularisation: 0.5282861896468856
---
Beta Value: 1.7782794100389228
Residual: 9.100070834304168
Regularisation: 0.3461576315310445
---
Beta Value: 3.1622776601683795
Residual: 9.078667980148456
Regularisation: 0.3728435498594831
---
Beta Value: 5.623413251903491
Residual: 9.055578587244145
Regularisation: 0.6164774437805081
---
Beta Value: 10.0
Residual: 9.067416376619203
Regularisation: 0.713114385901379
---
Beta Value: 17.78279410038923
Residual: 9.030363621891816
Regularisation: 0.6985897298085895
---
Beta Value: 31.622776601683793
Residual: 9.054505727106724
Regularisation: 0.529651609632015
---
Beta Value: 56.23413251903491
Residual: 9.079677470706212
Regularisation: 0.33757710927750334
---
Beta Value: 100.0
Residual: 9.095310912747756
Regularisation: 0.4551238281905561
---
