Beta Value: 1e-08
Residual: 2.8328815710435333
Regularisation: 4.242241130809135
---
Beta Value: 1.778279410038e-08
Residual: 2.727305728445709
Regularisation: 23.927929561225007
---
Beta Value: 3.162277660168e-08
Residual: 2.8678600918431214
Regularisation: 3.064919507483046
---
Beta Value: 5.623413251903e-08
Residual: 2.6678836020419414
Regularisation: 7.849511984792291
---
Beta Value: 1e-07
Residual: 2.9812716897179614
Regularisation: 6.2285908393351255
---
Beta Value: 1.7782794100389e-07
Residual: 3.8209214876974613
Regularisation: 3.493874792078617
---
Beta Value: 3.1622776601683e-07
Residual: 2.5305505467131524
Regularisation: 5.68076250634974
---
Beta Value: 5.6234132519034e-07
Residual: 3.00474911974086
Regularisation: 7.1120671861295826
---
Beta Value: 1e-06
Residual: 2.8742687824599096
Regularisation: 9.686649481754491
---
Beta Value: 1.77827941003892e-06
Residual: 4.390752776787511
Regularisation: 174.6577343198729
---
Beta Value: 3.16227766016837e-06
Residual: 6.487621849694528
Regularisation: 10.14660448955642
---
Beta Value: 5.62341325190349e-06
Residual: 3.5124833728879117
Regularisation: 6.98585067588344
---
Beta Value: 1e-05
Residual: 2.839238645706623
Regularisation: 8.106673792105541
---
Beta Value: 1.778279410038922e-05
Residual: 3.7141611866242927
Regularisation: 19.341500686102016
---
Beta Value: 3.162277660168379e-05
Residual: 2.8130534540397854
Regularisation: 5.1966029016146145
---
Beta Value: 5.62341325190349e-05
Residual: 4.113024643378407
Regularisation: 23.103004124226967
---
Beta Value: 0.0001
Residual: 2.968415411249451
Regularisation: 7.916589267287043
---
Beta Value: 0.00017782794100389227
Residual: 2.92298772518339
Regularisation: 7.800843813384855
---
Beta Value: 0.00031622776601683794
Residual: 4.103917360243635
Regularisation: 19.2231994520039
---
Beta Value: 0.0005623413251903491
Residual: 2.9734031637143605
Regularisation: 10.95876070273883
---
Beta Value: 0.001
Residual: 2.7003565135810366
Regularisation: 3.393905428775125
---
Beta Value: 0.0017782794100389228
Residual: 2.9039550419892906
Regularisation: 8.608768278180705
---
Beta Value: 0.0031622776601683794
Residual: 3.2920284810974154
Regularisation: 27.86026456418368
---
Beta Value: 0.005623413251903491
Residual: 3.0588105256523566
Regularisation: 5.094050264405669
---
Beta Value: 0.01
Residual: 2.7771467829335896
Regularisation: 7.102688995946457
---
Beta Value: 0.01778279410038923
Residual: 3.2738360703141614
Regularisation: 28.994997057932984
---
Beta Value: 0.03162277660168379
Residual: 2.668842441861949
Regularisation: 2.386426588982885
---
Beta Value: 0.05623413251903491
Residual: 3.1809130132382357
Regularisation: 4.2703242372857915
---
Beta Value: 0.1
Residual: 2.599423575339639
Regularisation: 4.861618532713691
---
Beta Value: 0.1778279410038923
Residual: 2.655551237705959
Regularisation: 2.3109819569580248
---
Beta Value: 0.31622776601683794
Residual: 9.290357229210386
Regularisation: 0.568347337953842
---
Beta Value: 0.5623413251903491
Residual: 9.27721477232721
Regularisation: 0.6745182526666372
---
Beta Value: 1.0
Residual: 9.473274814310086
Regularisation: 0.4079543221320223
---
Beta Value: 1.7782794100389228
Residual: 9.370103039161544
Regularisation: 0.6047927535844051
---
Beta Value: 3.1622776601683795
Residual: 9.332972046885782
Regularisation: 0.6212899229756872
---
Beta Value: 5.623413251903491
Residual: 9.444963888537364
Regularisation: 0.348477023984942
---
Beta Value: 10.0
Residual: 9.487498143723988
Regularisation: 0.3673044655841456
---
Beta Value: 17.78279410038923
Residual: 9.485917294354826
Regularisation: 0.22278228058551935
---
Beta Value: 31.622776601683793
Residual: 9.493082906171146
Regularisation: 0.24911130367239886
---
Beta Value: 56.23413251903491
Residual: 9.485484697279151
Regularisation: 0.5005877463542526
---
Beta Value: 100.0
Residual: 9.353685232581807
Regularisation: 0.5321389218514582
---
