Beta Value: 1e-08
Residual: 4.981528364786092
Regularisation: 106.98314073065427
---
Beta Value: 1.778279410038e-08
Residual: 8.890703769695183
Regularisation: 514.0842595374718
---
Beta Value: 3.162277660168e-08
Residual: 2.47342770231208
Regularisation: 95.42915131473438
---
Beta Value: 5.623413251903e-08
Residual: 2.8081817885979365
Regularisation: 8.225694530428704
---
Beta Value: 1e-07
Residual: 2.334679398160167
Regularisation: 54.47810021372284
---
Beta Value: 1.7782794100389e-07
Residual: 2.688735461767668
Regularisation: 62.073089665605174
---
Beta Value: 3.1622776601683e-07
Residual: 2.4955386980050633
Regularisation: 165.08270827357634
---
Beta Value: 5.6234132519034e-07
Residual: 2.558897072300691
Regularisation: 5.32482098189268
---
Beta Value: 1e-06
Residual: 5.305898873398004
Regularisation: 59.88463518745983
---
Beta Value: 1.77827941003892e-06
Residual: 2.178732636345192
Regularisation: 23.552444839366352
---
Beta Value: 3.16227766016837e-06
Residual: 5.797107456810002
Regularisation: 6.652849288496048
---
Beta Value: 5.62341325190349e-06
Residual: 2.3981210884691553
Regularisation: 36.06877627127127
---
Beta Value: 1e-05
Residual: 7.0074437022458405
Regularisation: 953.2848613835349
---
Beta Value: 1.778279410038922e-05
Residual: 2.520071768031459
Regularisation: 3236.82183244236
---
Beta Value: 3.162277660168379e-05
Residual: 8.80121894901688
Regularisation: 8.910206982504313
---
Beta Value: 5.62341325190349e-05
Residual: 2.3241940861043466
Regularisation: 10.226285880804392
---
Beta Value: 0.00017782794100389227
Residual: 2.0377568623318973
Regularisation: 24.811310611258655
---
Beta Value: 0.00031622776601683794
Residual: 3.375629662382822
Regularisation: 44.115917514961865
---
Beta Value: 0.0005623413251903491
Residual: 3.2427726648218886
Regularisation: 65.74953253003216
---
Beta Value: 0.001
Residual: 2.0712591538678717
Regularisation: 22.652928421138597
---
Beta Value: 0.0017782794100389228
Residual: 2.262289397060681
Regularisation: 27.60599737789292
---
Beta Value: 0.0031622776601683794
Residual: 1.568117151444352
Regularisation: 55.30650186183315
---
Beta Value: 0.005623413251903491
Residual: 2.4981436252737095
Regularisation: 29.912386616616963
---
Beta Value: 0.01
Residual: 2.3476169038021744
Regularisation: 9.431604763212327
---
Beta Value: 0.01778279410038923
Residual: 2.0271638271774624
Regularisation: 10.012998388986455
---
Beta Value: 0.03162277660168379
Residual: 3.122716471716001
Regularisation: 10.677013780535122
---
Beta Value: 0.05623413251903491
Residual: 12.805529611826016
Regularisation: 0.9051487204062599
---
Beta Value: 0.1
Residual: 12.807693366275544
Regularisation: 0.8999366294211266
---
Beta Value: 0.1778279410038923
Residual: 12.817121811748194
Regularisation: 0.6457951021513543
---
Beta Value: 0.31622776601683794
Residual: 12.867231590841136
Regularisation: 0.25163744160721246
---
Beta Value: 0.5623413251903491
Residual: 12.873669312557706
Regularisation: 0.35507265281685974
---
Beta Value: 1.0
Residual: 12.865225368845346
Regularisation: 0.3511818874405388
---
Beta Value: 1.7782794100389228
Residual: 12.864924974955223
Regularisation: 0.5105739664911542
---
Beta Value: 3.1622776601683795
Residual: 12.866423517498443
Regularisation: 0.5049892447949615
---
Beta Value: 5.623413251903491
Residual: 12.85789891442504
Regularisation: 0.5894837565941973
---
Beta Value: 10.0
Residual: 12.854518886112697
Regularisation: 0.5421844487301253
---
Beta Value: 17.78279410038923
Residual: 12.846024577771972
Regularisation: 0.40706249487071433
---
Beta Value: 31.622776601683793
Residual: 12.871325984921441
Regularisation: 0.23813698232383423
---
Beta Value: 56.23413251903491
Residual: 12.871251969705972
Regularisation: 0.36845552055320513
---
Beta Value: 100.0
Residual: 12.816407631318297
Regularisation: 0.5944865675481984
---
