Beta Value: 1e-08
Residual: 1.202806367125797
Regularisation: 25551.77339721206
---
Beta Value: 1.778279410038e-08
Residual: 0.8502664954173813
Regularisation: 7.8582571253800735
---
Beta Value: 3.162277660168e-08
Residual: 0.7905146967015642
Regularisation: 6.038809903781664
---
Beta Value: 5.623413251903e-08
Residual: 0.4503743170255308
Regularisation: 25.267908865962813
---
Beta Value: 1e-07
Residual: 0.6705720379574653
Regularisation: 16.518007769820517
---
Beta Value: 1.7782794100389e-07
Residual: 0.503217763632075
Regularisation: 18.402861165172332
---
Beta Value: 3.1622776601683e-07
Residual: 0.6962357577134177
Regularisation: 17.611698144562112
---
Beta Value: 5.6234132519034e-07
Residual: 0.46630107911289387
Regularisation: 42.02880583313443
---
Beta Value: 1e-06
Residual: 0.9543368015080635
Regularisation: 2420.4316746244112
---
Beta Value: 1.77827941003892e-06
Residual: 0.8477546321799805
Regularisation: 33.3945181300888
---
Beta Value: 3.16227766016837e-06
Residual: 0.5653782127537782
Regularisation: 29.97917965894539
---
Beta Value: 5.62341325190349e-06
Residual: 0.6364577452965223
Regularisation: 33.19195501279816
---
Beta Value: 1e-05
Residual: 0.476151670842182
Regularisation: 6.91842708807251
---
Beta Value: 1.778279410038922e-05
Residual: 0.43922557170503845
Regularisation: 7.62180849459938
---
Beta Value: 3.162277660168379e-05
Residual: 0.6852037698095508
Regularisation: 13.373256520406446
---
Beta Value: 5.62341325190349e-05
Residual: 0.48469803362867114
Regularisation: 25.178173483012205
---
Beta Value: 0.0001
Residual: 0.5610579057337977
Regularisation: 8.176847596691712
---
Beta Value: 0.00017782794100389227
Residual: 0.5630164887059953
Regularisation: 9.609299739327895
---
Beta Value: 0.00031622776601683794
Residual: 0.5440098018093746
Regularisation: 9.128561641322026
---
Beta Value: 0.0005623413251903491
Residual: 0.8920657268745914
Regularisation: 25.2012099699145
---
Beta Value: 0.001
Residual: 0.8405703437335355
Regularisation: 7.142738260075901
---
Beta Value: 0.0017782794100389228
Residual: 0.5610356600491763
Regularisation: 4.721527332500053
---
Beta Value: 0.0031622776601683794
Residual: 0.5463374422204395
Regularisation: 17.306550454961993
---
Beta Value: 0.005623413251903491
Residual: 0.5223954031025391
Regularisation: 6.226405582003784
---
Beta Value: 0.01
Residual: 0.51122796356643
Regularisation: 31.30954451833265
---
Beta Value: 0.01778279410038923
Residual: 0.48686497874159396
Regularisation: 11.970621326354092
---
Beta Value: 0.03162277660168379
Residual: 0.8594508147914397
Regularisation: 10.475019906733273
---
Beta Value: 0.05623413251903491
Residual: 1.162757027680969
Regularisation: 11.408659083341023
---
Beta Value: 0.1
Residual: 12.416902672817976
Regularisation: 0.6009684600199949
---
Beta Value: 0.1778279410038923
Residual: 12.382395951314155
Regularisation: 0.7152485994719987
---
Beta Value: 0.31622776601683794
Residual: 12.434762147362646
Regularisation: 0.5262843242047505
---
Beta Value: 0.5623413251903491
Residual: 12.388711974804643
Regularisation: 0.6579417953142481
---
Beta Value: 1.0
Residual: 12.416317011537922
Regularisation: 0.5125202548989238
---
Beta Value: 1.7782794100389228
Residual: 12.331325605726247
Regularisation: 0.6117159990188339
---
Beta Value: 3.1622776601683795
Residual: 12.423015319611869
Regularisation: 0.5891930542369439
---
Beta Value: 5.623413251903491
Residual: 12.397450014863916
Regularisation: 0.6971491826966995
---
Beta Value: 10.0
Residual: 12.401499520129093
Regularisation: 0.8812774014139225
---
Beta Value: 17.78279410038923
Residual: 12.425748689092355
Regularisation: 0.7629730084317153
---
Beta Value: 31.622776601683793
Residual: 12.414562694848936
Regularisation: 0.5331536901255243
---
Beta Value: 56.23413251903491
Residual: 12.40558718956501
Regularisation: 0.588787000742683
---
Beta Value: 100.0
Residual: 12.404490310329923
Regularisation: 0.49848264946836
---
