Beta Value: 1e-08
Residual: 2.0634438256831698
Regularisation: 9.71558629232199
---
Beta Value: 1.778279410038e-08
Residual: 1.2232776416611755
Regularisation: 304.5307868031433
---
Beta Value: 3.162277660168e-08
Residual: 1.261751823822643
Regularisation: 42467.573095655614
---
Beta Value: 1e-07
Residual: 1.4973803086332116
Regularisation: 26626.175575643872
---
Beta Value: 1.7782794100389e-07
Residual: 1.2552232412038815
Regularisation: 5211.812247145094
---
Beta Value: 3.1622776601683e-07
Residual: 1.7072765685436802
Regularisation: 2656.3015392625566
---
Beta Value: 5.6234132519034e-07
Residual: 1.7348336459363471
Regularisation: 1113.9027848884978
---
Beta Value: 1e-06
Residual: 2.02321767119615
Regularisation: 8.570471037804024
---
Beta Value: 1.77827941003892e-06
Residual: 1.2575133400971812
Regularisation: 1800.3625434839296
---
Beta Value: 3.16227766016837e-06
Residual: 0.8668171450985449
Regularisation: 4854.97722786823
---
Beta Value: 5.62341325190349e-06
Residual: 1.416976385013276
Regularisation: 108.2335115337834
---
Beta Value: 1e-05
Residual: 2.000906403376087
Regularisation: 51.650117759483855
---
Beta Value: 1.778279410038922e-05
Residual: 1.8285166132421646
Regularisation: 12.432244703538142
---
Beta Value: 3.162277660168379e-05
Residual: 1.341904030745493
Regularisation: 572.6903023837533
---
Beta Value: 5.62341325190349e-05
Residual: 1.2720424544815199
Regularisation: 525.7400489936358
---
Beta Value: 0.0001
Residual: 1.27396046535365
Regularisation: 355.3210726179567
---
Beta Value: 0.00017782794100389227
Residual: 1.280652991583152
Regularisation: 296.76721887248976
---
Beta Value: 0.00031622776601683794
Residual: 1.3042944805431518
Regularisation: 88.27364518294009
---
Beta Value: 0.0005623413251903491
Residual: 1.3239234607581007
Regularisation: 229.7640571724947
---
Beta Value: 0.001
Residual: 1.171389084108398
Regularisation: 232.18623170972018
---
Beta Value: 0.0017782794100389228
Residual: 1.6335170557381564
Regularisation: 49.376656440407324
---
Beta Value: 0.0031622776601683794
Residual: 1.6137751372323517
Regularisation: 43.94401703479815
---
Beta Value: 0.005623413251903491
Residual: 1.6388474966649045
Regularisation: 40.05384738398213
---
Beta Value: 0.01
Residual: 1.5705792925738473
Regularisation: 25.434934893462078
---
Beta Value: 0.01778279410038923
Residual: 1.894169649663602
Regularisation: 13.6369855215654
---
Beta Value: 0.03162277660168379
Residual: 1.8666760450857054
Regularisation: 10.073265525735536
---
Beta Value: 0.05623413251903491
Residual: 2.475899069883225
Regularisation: 2.2430400679056097
---
Beta Value: 0.1
Residual: 2.352202438727125
Regularisation: 2.1147386666615686
---
Beta Value: 0.1778279410038923
Residual: 2.327481762283258
Regularisation: 3.1525334258661255
---
Beta Value: 0.31622776601683794
Residual: 5.249790347782152
Regularisation: 0.2829415371088449
---
Beta Value: 0.5623413251903491
Residual: 2.5627979826838643
Regularisation: 1.473826353303967
---
Beta Value: 1.0
Residual: 5.203785985975428
Regularisation: 0.4543824423882724
---
Beta Value: 1.7782794100389228
Residual: 5.21879101950782
Regularisation: 0.4613274169146823
---
Beta Value: 3.1622776601683795
Residual: 5.204063578181971
Regularisation: 0.5009180773308
---
Beta Value: 5.623413251903491
Residual: 5.212304915226139
Regularisation: 0.6104215228347656
---
Beta Value: 10.0
Residual: 5.179913302285715
Regularisation: 0.5892702453004777
---
Beta Value: 17.78279410038923
Residual: 5.2099321684054445
Regularisation: 0.5840405725126847
---
Beta Value: 31.622776601683793
Residual: 5.221341156815961
Regularisation: 0.7842375845100263
---
Beta Value: 56.23413251903491
Residual: 5.218806638917128
Regularisation: 0.5438113650669009
---
Beta Value: 100.0
Residual: 5.216744298559481
Regularisation: 0.6014583180225201
---
