Beta Value: 1e-08
Residual: 1.1051273992822217
Regularisation: 0.09187169010215689
---
Beta Value: 1.778279410038e-08
Residual: 1.318004923450221
Regularisation: 0.7963325740675091
---
Beta Value: 3.162277660168e-08
Residual: 4.599339276925334
Regularisation: 1.4337446808593994
---
Beta Value: 5.623413251903e-08
Residual: 1.0792633232224806
Regularisation: 0.23178300423964587
---
Beta Value: 1e-07
Residual: 1.125585481705982
Regularisation: 0.5837785725098253
---
Beta Value: 1.7782794100389e-07
Residual: 6.687446744834028
Regularisation: 3.2449110640401395
---
Beta Value: 3.1622776601683e-07
Residual: 1.6962620621331583
Regularisation: 0.7036028681097765
---
Beta Value: 5.6234132519034e-07
Residual: 5.83030565394117
Regularisation: 3.8053571849290364
---
Beta Value: 1e-06
Residual: 7.781994679739125
Regularisation: 6.173877901521395
---
Beta Value: 1.77827941003892e-06
Residual: 7.183203036244038
Regularisation: 3.055397961356907
---
Beta Value: 3.16227766016837e-06
Residual: 1.0252491399462225
Regularisation: 0.055001539527884336
---
Beta Value: 5.62341325190349e-06
Residual: 2.090196169987353
Regularisation: 1.3739799329470275
---
Beta Value: 1e-05
Residual: 1.1003548369328868
Regularisation: 0.20993655335965083
---
Beta Value: 1.778279410038922e-05
Residual: 2.6409742126971354
Regularisation: 0.3273653450013212
---
Beta Value: 3.162277660168379e-05
Residual: 3.8638670707308687
Regularisation: 1.137671863301693
---
Beta Value: 5.62341325190349e-05
Residual: 5.111385033153078
Regularisation: 1.4356271079090126
---
Beta Value: 0.0001
Residual: 3.586401845721122
Regularisation: 1.3705122941256145
---
Beta Value: 0.00017782794100389227
Residual: 3.4785215759104173
Regularisation: 1.1133306187056973
---
Beta Value: 0.00031622776601683794
Residual: 7.9556476092739565
Regularisation: 5.389800183799373
---
Beta Value: 0.0005623413251903491
Residual: 6.914064101668728
Regularisation: 2.6929379622973317
---
Beta Value: 0.001
Residual: 1.1180895624043587
Regularisation: 0.9390833162248132
---
Beta Value: 0.0017782794100389228
Residual: 8.223191102755179
Regularisation: 8.130433666458913
---
Beta Value: 0.0031622776601683794
Residual: 5.530565876832236
Regularisation: 1.068096452819725
---
Beta Value: 0.005623413251903491
Residual: 1.558687892061234
Regularisation: 0.03387639321043022
---
Beta Value: 0.01
Residual: 8.086016334372367
Regularisation: 1.8382653903151003
---
Beta Value: 0.01778279410038923
Residual: 1.0491634325594794
Regularisation: 0.020586877251051697
---
Beta Value: 0.03162277660168379
Residual: 1.1509468576735156
Regularisation: 0.010266477963294284
---
Beta Value: 0.05623413251903491
Residual: 4.389712433124062
Regularisation: 0.21914256093196643
---
Beta Value: 0.1
Residual: 2.1005930100835117
Regularisation: 0.002431276815044057
---
Beta Value: 0.1778279410038923
Residual: 2.014726450953219
Regularisation: 0.4924123380910573
---
Beta Value: 0.31622776601683794
Residual: 8.596803428553368
Regularisation: 2.1346172095212723
---
Beta Value: 0.5623413251903491
Residual: 1.291319625419373
Regularisation: 0.6570945665879653
---
Beta Value: 1.0
Residual: 2.5028987324934655
Regularisation: 0.5760828673829027
---
Beta Value: 1.7782794100389228
Residual: 6.829803420941451
Regularisation: 0.3118297019786146
---
Beta Value: 3.1622776601683795
Residual: 2.959665937830129
Regularisation: 0.0018976445897201312
---
Beta Value: 5.623413251903491
Residual: 6.081739690538417
Regularisation: 0.14195277912363996
---
Beta Value: 10.0
Residual: 1.6938111006861358
Regularisation: 0.00737075440951225
---
Beta Value: 17.78279410038923
Residual: 5.600143237118392
Regularisation: 0.021254443562408742
---
Beta Value: 31.622776601683793
Residual: 6.82080471553347
Regularisation: 0.0213316893916945
---
Beta Value: 56.23413251903491
Residual: 11.133656878564473
Regularisation: 0.007070748732361269
---
Beta Value: 100.0
Residual: 1.5429227657478684
Regularisation: 0.007001136003159799
---
