Beta Value: 1e-08
Residual: 2.060452645411875
Regularisation: 0.3150688756750633
---
Beta Value: 1.778279410038e-08
Residual: 1.8113355488042961
Regularisation: 0.18347946218063294
---
Beta Value: 3.162277660168e-08
Residual: 1.735388133078955
Regularisation: 0.48542616121719057
---
Beta Value: 5.623413251903e-08
Residual: 2.072358830099719
Regularisation: 3.5421126441452477
---
Beta Value: 1e-07
Residual: 1.1058859815845212
Regularisation: 0.7288448122542288
---
Beta Value: 1.7782794100389e-07
Residual: 2.4464330210752
Regularisation: 1.312715470957245
---
Beta Value: 3.1622776601683e-07
Residual: 1.4459306222738748
Regularisation: 1.1430619157692334
---
Beta Value: 5.6234132519034e-07
Residual: 1.7638817355752427
Regularisation: 0.9709765553626624
---
Beta Value: 1e-06
Residual: 1.0869770203720175
Regularisation: 1.5954453927374754
---
Beta Value: 1.77827941003892e-06
Residual: 0.5770525925462784
Regularisation: 0.5904565384034338
---
Beta Value: 3.16227766016837e-06
Residual: 0.8205988224081213
Regularisation: 1.0335044831785074
---
Beta Value: 5.62341325190349e-06
Residual: 5.487640035773723
Regularisation: 2.1727980388970356
---
Beta Value: 1e-05
Residual: 0.7016952562655442
Regularisation: 2.726623748392366
---
Beta Value: 1.778279410038922e-05
Residual: 5.320611403928221
Regularisation: 36.585334085621504
---
Beta Value: 3.162277660168379e-05
Residual: 4.218073584798267
Regularisation: 31.08649709244591
---
Beta Value: 5.62341325190349e-05
Residual: 2.466910766437847
Regularisation: 0.5363741201253024
---
Beta Value: 0.0001
Residual: 2.322587144702464
Regularisation: 1.3996980418350085
---
Beta Value: 0.00017782794100389227
Residual: 1.2551381218812157
Regularisation: 0.13877525245456565
---
Beta Value: 0.00031622776601683794
Residual: 2.074001512545294
Regularisation: 2.11689497503471
---
Beta Value: 0.0005623413251903491
Residual: 1.2303113948394224
Regularisation: 0.06695571333948104
---
Beta Value: 0.001
Residual: 5.543778407694851
Regularisation: 1.615847991956775
---
Beta Value: 0.0017782794100389228
Residual: 2.2766598280602452
Regularisation: 1.2930827422211517
---
Beta Value: 0.0031622776601683794
Residual: 0.8054200944104757
Regularisation: 0.587317467650027
---
Beta Value: 0.005623413251903491
Residual: 0.5981931091257479
Regularisation: 0.4969210967322614
---
Beta Value: 0.01
Residual: 2.1201073152032635
Regularisation: 1.1781856802709725
---
Beta Value: 0.01778279410038923
Residual: 0.8645266571688353
Regularisation: 0.03818133164150395
---
Beta Value: 0.03162277660168379
Residual: 2.26279864030439
Regularisation: 1.9508793273003537
---
Beta Value: 0.05623413251903491
Residual: 2.246382766263371
Regularisation: 0.989548059939017
---
Beta Value: 0.1
Residual: 0.9540390143089652
Regularisation: 1.758228406577223
---
Beta Value: 0.1778279410038923
Residual: 0.6936165751706781
Regularisation: 0.044167526462619906
---
Beta Value: 0.31622776601683794
Residual: 3.111655116225745
Regularisation: 0.0033695245502977523
---
Beta Value: 0.5623413251903491
Residual: 1.5040728217772352
Regularisation: 0.3203967888066139
---
Beta Value: 1.0
Residual: 4.086460524273552
Regularisation: 0.04504510093408082
---
Beta Value: 1.7782794100389228
Residual: 5.80508697886663
Regularisation: 0.005143724488289876
---
Beta Value: 3.1622776601683795
Residual: 0.6854221042634144
Regularisation: 0.04161405755741257
---
Beta Value: 5.623413251903491
Residual: 2.725916973285891
Regularisation: 0.09410445195882247
---
Beta Value: 10.0
Residual: 1.8271545000546179
Regularisation: 0.0473419389012302
---
Beta Value: 17.78279410038923
Residual: 6.265634230684708
Regularisation: 0.00013646368862553553
---
Beta Value: 31.622776601683793
Residual: 7.818905669973971
Regularisation: 0.0022977662484752947
---
Beta Value: 56.23413251903491
Residual: 3.1591989724092744
Regularisation: 0.00021804017483531866
---
Beta Value: 100.0
Residual: 5.817852986344031
Regularisation: 7.298570436994176e-08
---
