Beta Value: 1e-08
Residual: 0.5780445969658695
Regularisation: 0.0
---
Beta Value: 1.778279410038e-08
Residual: 0.6756700177895408
Regularisation: 0.10246146700650534
---
Beta Value: 3.162277660168e-08
Residual: 1.9691721648126737
Regularisation: 2.2945719552836827e-05
---
Beta Value: 5.623413251903e-08
Residual: 0.398287100319504
Regularisation: 4.822496867449287e-06
---
Beta Value: 1e-07
Residual: 0.5468674774290438
Regularisation: 0.013367568123101534
---
Beta Value: 1.7782794100389e-07
Residual: 1.53421804089985
Regularisation: 0.0007766454144892612
---
Beta Value: 3.1622776601683e-07
Residual: 3.7594528590947696
Regularisation: 1.3857144700448661e-05
---
Beta Value: 5.6234132519034e-07
Residual: 3.7745287819860236
Regularisation: 0.0
---
Beta Value: 1e-06
Residual: 0.40199380363343884
Regularisation: 0.23241019806121374
---
Beta Value: 1.77827941003892e-06
Residual: 0.7651685718646105
Regularisation: 3.484611191854061e-05
---
Beta Value: 3.16227766016837e-06
Residual: 7.295708401143901
Regularisation: 0.1041018468309587
---
Beta Value: 5.62341325190349e-06
Residual: 1.2609307410532096
Regularisation: 0.0016481913975635559
---
Beta Value: 1e-05
Residual: 6.985757363180513
Regularisation: 0.2777264637168551
---
Beta Value: 1.778279410038922e-05
Residual: 1.2405864405214064
Regularisation: 0.0
---
Beta Value: 3.162277660168379e-05
Residual: 0.7117002946482417
Regularisation: 0.0014417429617692892
---
Beta Value: 5.62341325190349e-05
Residual: 7.333108647145643
Regularisation: 0.32598462214051666
---
Beta Value: 0.0001
Residual: 1.558724441598866
Regularisation: 0.0
---
Beta Value: 0.00017782794100389227
Residual: 1.1004819389695735
Regularisation: 0.0022771738073395983
---
Beta Value: 0.00031622776601683794
Residual: 1.3277060484081136
Regularisation: 0.0012008522798159155
---
Beta Value: 0.0005623413251903491
Residual: 2.932293878865837
Regularisation: 0.0
---
Beta Value: 0.001
Residual: 0.41241497940150085
Regularisation: 0.15580395583241088
---
Beta Value: 0.0017782794100389228
Residual: 0.48950502389818407
Regularisation: 0.0
---
Beta Value: 0.0031622776601683794
Residual: 1.1119332693824238
Regularisation: 2.1767300290187176e-06
---
Beta Value: 0.005623413251903491
Residual: 0.5050835609532697
Regularisation: 0.05889826828138387
---
Beta Value: 0.01
Residual: 0.5051489517613037
Regularisation: 0.005105417968987577
---
Beta Value: 0.01778279410038923
Residual: 0.5341245945871801
Regularisation: 0.025872135111500473
---
Beta Value: 0.03162277660168379
Residual: 1.5199623858821836
Regularisation: 1.664980045964224e-07
---
Beta Value: 0.05623413251903491
Residual: 0.8125755678077489
Regularisation: 0.0016853985024818977
---
Beta Value: 0.1
Residual: 0.6027097421619311
Regularisation: 9.423200331871562e-06
---
Beta Value: 0.1778279410038923
Residual: 0.42792100343982126
Regularisation: 0.03609230636892442
---
Beta Value: 0.31622776601683794
Residual: 1.4228213697559857
Regularisation: 0.0005721314978913009
---
Beta Value: 0.5623413251903491
Residual: 0.4301688619264945
Regularisation: 0.007379085174370342
---
Beta Value: 1.0
Residual: 0.6345867424070738
Regularisation: 9.316327036787046e-05
---
Beta Value: 1.7782794100389228
Residual: 5.525817941519476
Regularisation: 0.0
---
Beta Value: 3.1622776601683795
Residual: 0.7127383622486636
Regularisation: 2.8855096400369608e-08
---
Beta Value: 5.623413251903491
Residual: 0.5575823485149903
Regularisation: 0.0009187716876999173
---
Beta Value: 10.0
Residual: 1.0820516423329822
Regularisation: 2.741675885501762e-05
---
Beta Value: 17.78279410038923
Residual: 5.9865091784427
Regularisation: 0.0
---
Beta Value: 31.622776601683793
Residual: 0.6653474989661547
Regularisation: 0.00042465699703786653
---
Beta Value: 56.23413251903491
Residual: 0.5680762468028835
Regularisation: 3.920866591451724e-05
---
Beta Value: 100.0
Residual: 0.5095590390104928
Regularisation: 1.9020096515286854e-10
---
