Beta Value: 1e-08
Residual: 1.0009812704066967
Regularisation: 0.013480275344441916
---
Beta Value: 1.778279410038e-08
Residual: 0.942302036590881
Regularisation: 0.0
---
Beta Value: 3.162277660168e-08
Residual: 1.602742171090268
Regularisation: 0.0
---
Beta Value: 5.623413251903e-08
Residual: 0.6950493176223163
Regularisation: 0.0
---
Beta Value: 1e-07
Residual: 0.4647760277966496
Regularisation: 0.0
---
Beta Value: 1.7782794100389e-07
Residual: 1.8456775762641267
Regularisation: 0.0
---
Beta Value: 3.1622776601683e-07
Residual: 0.8461679007298534
Regularisation: 0.9547340433787169
---
Beta Value: 5.6234132519034e-07
Residual: 0.3539838879460673
Regularisation: 6.665970318765754e-60
---
Beta Value: 1e-06
Residual: 3.474892256720779
Regularisation: 0.0
---
Beta Value: 1.77827941003892e-06
Residual: 0.1717404657460622
Regularisation: 0.9327605349074877
---
Beta Value: 3.16227766016837e-06
Residual: 0.23890497798339685
Regularisation: 3.12664128556082e-09
---
Beta Value: 5.62341325190349e-06
Residual: 3.1866455327489316
Regularisation: 0.05979779606031959
---
Beta Value: 1e-05
Residual: 1.8680474015668416
Regularisation: 0.0
---
Beta Value: 1.778279410038922e-05
Residual: 0.9416002647570089
Regularisation: 0.0
---
Beta Value: 3.162277660168379e-05
Residual: 0.30589382598614906
Regularisation: 0.9166728190964492
---
Beta Value: 5.62341325190349e-05
Residual: 1.549685834787559
Regularisation: 0.0
---
Beta Value: 0.0001
Residual: 1.1832567777409166
Regularisation: 0.0
---
Beta Value: 0.00017782794100389227
Residual: 0.6975419914954919
Regularisation: 0.0
---
Beta Value: 0.00031622776601683794
Residual: 2.877808261561474
Regularisation: 0.06388692536761835
---
Beta Value: 0.0005623413251903491
Residual: 0.2613120076289712
Regularisation: 0.0
---
Beta Value: 0.001
Residual: 0.2037834860013197
Regularisation: 2.0159793875967737e-07
---
Beta Value: 0.0017782794100389228
Residual: 0.35730270087402854
Regularisation: 0.0
---
Beta Value: 0.0031622776601683794
Residual: 3.967539777381312
Regularisation: 0.0
---
Beta Value: 0.005623413251903491
Residual: 3.6907757629531917
Regularisation: 0.0
---
Beta Value: 0.01
Residual: 2.370357057495799
Regularisation: 0.3029540785387889
---
Beta Value: 0.01778279410038923
Residual: 1.8604803365931706
Regularisation: 0.0
---
Beta Value: 0.03162277660168379
Residual: 2.2320005255486857
Regularisation: 0.12472729645063191
---
Beta Value: 0.05623413251903491
Residual: 0.37845940594878064
Regularisation: 0.0
---
Beta Value: 0.1
Residual: 0.4552532780415381
Regularisation: 0.7690186052392732
---
Beta Value: 0.1778279410038923
Residual: 1.4083278740774925
Regularisation: 5.703710175326486e-07
---
Beta Value: 0.31622776601683794
Residual: 0.45570778019406644
Regularisation: 0.025199995544918773
---
Beta Value: 0.5623413251903491
Residual: 0.32943391389863486
Regularisation: 0.0006741576451927334
---
Beta Value: 1.0
Residual: 0.6034505504267226
Regularisation: 0.09940226091084313
---
Beta Value: 1.7782794100389228
Residual: 2.2902240432048946
Regularisation: 0.0
---
Beta Value: 3.1622776601683795
Residual: 3.1218412942370497
Regularisation: 0.0
---
Beta Value: 5.623413251903491
Residual: 1.110599690668283
Regularisation: 0.0
---
Beta Value: 10.0
Residual: 0.9189926466073418
Regularisation: 2.5248188327475648e-39
---
Beta Value: 17.78279410038923
Residual: 1.348110432635107
Regularisation: 0.0
---
Beta Value: 31.622776601683793
Residual: 0.4475871890978525
Regularisation: 0.0005463761251161298
---
Beta Value: 56.23413251903491
Residual: 4.74253676932411
Regularisation: 7.615230988704095e-08
---
Beta Value: 100.0
Residual: 2.5636847543206147
Regularisation: 0.0
---
