Beta Value: 1e-08
Residual: 3.924558102072215
Regularisation: 4.675081428960444
---
Beta Value: 1.778279410038e-08
Residual: 3.0080232673724434
Regularisation: 5.8615209658975695
---
Beta Value: 3.162277660168e-08
Residual: 2.9187516645400375
Regularisation: 9.212253624915514
---
Beta Value: 5.623413251903e-08
Residual: 2.046805933236763
Regularisation: 3.1152346267911732
---
Beta Value: 1e-07
Residual: 1.565088265957587
Regularisation: 1.4875350761532493
---
Beta Value: 1.7782794100389e-07
Residual: 2.5548838942188175
Regularisation: 104.00875981734478
---
Beta Value: 3.1622776601683e-07
Residual: 2.7179781289477956
Regularisation: 6.659892910612954
---
Beta Value: 5.6234132519034e-07
Residual: 4.663530199525757
Regularisation: 38.888123476559684
---
Beta Value: 1e-06
Residual: 2.0223404258594946
Regularisation: 6.284612675440952
---
Beta Value: 1.77827941003892e-06
Residual: 1.2550894894695204
Regularisation: 2.0517367503190913
---
Beta Value: 3.16227766016837e-06
Residual: 1.3975914714578626
Regularisation: 3.088892568356623
---
Beta Value: 5.62341325190349e-06
Residual: 1.5364087408969402
Regularisation: 0.7066081932081224
---
Beta Value: 1e-05
Residual: 2.124556871585599
Regularisation: 79.14967414495021
---
Beta Value: 1.778279410038922e-05
Residual: 0.9012364372575298
Regularisation: 1.057552714549865
---
Beta Value: 3.162277660168379e-05
Residual: 2.378372263284758
Regularisation: 0.2145435993632571
---
Beta Value: 5.62341325190349e-05
Residual: 2.490971947805678
Regularisation: 7.07788795135309
---
Beta Value: 0.0001
Residual: 1.5189991393511066
Regularisation: 1.8078260241429398
---
Beta Value: 0.00017782794100389227
Residual: 1.345857678550588
Regularisation: 0.013457103615352507
---
Beta Value: 0.00031622776601683794
Residual: 5.3771335889205885
Regularisation: 20.571191518376473
---
Beta Value: 0.0005623413251903491
Residual: 1.096407422183275
Regularisation: 0.05541627280838608
---
Beta Value: 0.001
Residual: 2.7288059903080626
Regularisation: 6.856061457422304
---
Beta Value: 0.0017782794100389228
Residual: 0.8187406846556837
Regularisation: 4.509516271882199
---
Beta Value: 0.0031622776601683794
Residual: 1.345873240256601
Regularisation: 3.601146693463935
---
Beta Value: 0.005623413251903491
Residual: 2.0698925822454792
Regularisation: 3.6660299770060023
---
Beta Value: 0.01
Residual: 2.344752311745959
Regularisation: 1.0083609425201807
---
Beta Value: 0.01778279410038923
Residual: 1.683058305758781
Regularisation: 4.367082745940444
---
Beta Value: 0.03162277660168379
Residual: 4.920967652275415
Regularisation: 21.87808051828601
---
Beta Value: 0.05623413251903491
Residual: 2.125317016001983
Regularisation: 0.8297403508125807
---
Beta Value: 0.1
Residual: 3.3154514143404312
Regularisation: 7.626891359734659
---
Beta Value: 0.1778279410038923
Residual: 2.450168799322901
Regularisation: 0.6393956923337922
---
Beta Value: 0.31622776601683794
Residual: 1.9479361382386087
Regularisation: 0.34939947410913674
---
Beta Value: 0.5623413251903491
Residual: 6.747792288529309
Regularisation: 1.1463055723919682
---
Beta Value: 1.0
Residual: 1.6483303409991692
Regularisation: 0.0016140598537126524
---
Beta Value: 1.7782794100389228
Residual: 3.8591446697966365
Regularisation: 0.0003122926953115323
---
Beta Value: 3.1622776601683795
Residual: 2.3202920333739403
Regularisation: 0.03044109840422317
---
Beta Value: 5.623413251903491
Residual: 5.729173011103746
Regularisation: 0.10017568372476966
---
Beta Value: 10.0
Residual: 6.1497277574813936
Regularisation: 0.09000184282004238
---
Beta Value: 17.78279410038923
Residual: 2.7179369175699004
Regularisation: 0.0032464707271871
---
Beta Value: 56.23413251903491
Residual: 7.870356722146234
Regularisation: 0.0012485204742278752
---
Beta Value: 100.0
Residual: 7.2722957823567524
Regularisation: 0.002628744672742199
---
