[[4.17494299e-01 1.19121219e+00 9.04393168e-01 4.76746003e-01
  1.95183604e+00 1.59906892e-08 4.09611162e-10 7.61763663e-01
  2.13327597e+00 7.11041104e-01]
 [1.38529607e+00 3.48528601e-01 8.53944823e-01 1.52867454e-01
  2.51194637e-01 7.98003093e-01 4.25881090e-03 1.87580400e-03
  5.18477453e-01 9.19032939e-01]
 [9.19804374e-01 7.71843553e-01 8.60263211e-01 4.72943724e-01
  5.49271142e-01 1.38938548e+00 1.17529118e-09 6.20608572e-07
  6.92502090e-01 7.69360426e-06]
 [6.73133091e-01 1.83426717e-09 9.52390873e-01 1.44257145e-01
  3.34291240e-04 3.06647531e-08 1.21657867e-01 5.18650542e-01
  1.12050677e+00 1.23639724e+00]
 [1.68240942e+00 5.60566134e-01 7.87710283e-01 8.86951301e-01
  3.05915342e-01 1.70232777e+00 4.67595901e-01 1.35871707e-02
  7.41342427e-01 5.82454829e-01]
 [1.19966193e+00 3.83643129e-01 5.93450252e-01 2.00918574e-01
  1.10283704e-01 1.18608548e+00 4.13457979e-02 1.94197307e-09
  4.03055528e-01 1.07800633e+00]
 [1.00695323e+00 1.97541120e-01 7.41557223e-01 1.50037642e-01
  6.83110194e-01 4.29307248e-01 1.00673128e-11 3.63142145e-09
  6.77099954e-01 8.83899350e-01]
 [1.08897311e+00 6.82964880e-01 1.23674429e+00 3.75422288e-01
  5.03715938e-01 4.59815606e-01 3.25708921e-01 2.11770841e-06
  2.07955570e-11 1.05938423e+00]
 [1.68240942e+00 5.60566134e-01 7.87710283e-01 8.86951301e-01
  3.05915342e-01 1.70232777e+00 4.67595901e-01 1.35871707e-02
  7.41342427e-01 5.82454829e-01]
 [6.50234627e-01 6.03975034e-10 8.95659658e-01 5.19407769e-01
  5.09276675e-01 6.80676131e-05 7.85179086e-03 4.24602524e-01
  8.03803458e-01 2.40838967e+00]]