[[8.53933152e-01 4.39817615e-01 9.16545470e-01 1.06341599e-05
  8.79843212e-02 9.59944171e-01 6.30804353e-07 1.47480449e+00
  1.65535955e+00 3.04819159e-02]
 [1.48053397e-01 4.77946081e-01 4.87552335e-01 6.28473349e-02
  1.89842323e-01 1.91594849e-07 2.53134951e-08 2.07618329e-01
  2.08916562e-01 9.85213274e-01]
 [5.21752452e-01 1.37240934e+00 4.78920728e-01 1.11216578e-04
  3.64576235e-08 2.83241408e-01 1.72388202e-06 1.51378624e-06
  1.18523158e+00 1.98201026e-01]
 [1.16955306e+00 3.63350475e-01 8.38013210e-01 5.10208782e-01
  4.92430048e-05 1.80990459e+00 1.88701733e-07 9.20968860e-01
  6.45149533e-01 2.40053225e-01]
 [5.21752452e-01 1.37240934e+00 4.78920728e-01 1.11216578e-04
  3.64576235e-08 2.83241408e-01 1.72388202e-06 1.51378624e-06
  1.18523158e+00 1.98201026e-01]
 [7.60836911e-01 2.41915103e-01 7.38284002e-01 2.97153986e-01
  4.06903242e-01 1.05145032e+00 6.66839693e-04 6.14784979e-01
  9.13681249e-01 8.52921186e-01]
 [1.33226843e+00 1.05010148e+00 1.21321217e+00 6.90754207e-01
  7.84017419e-01 1.05532957e+00 1.02511870e+00 1.61642901e-02
  1.11357260e+00 2.39605139e-01]
 [1.33226843e+00 1.05010148e+00 1.21321217e+00 6.90754207e-01
  7.84017419e-01 1.05532957e+00 1.02511870e+00 1.61642901e-02
  1.11357260e+00 2.39605139e-01]
 [9.74906408e-01 4.29122501e-01 7.46875070e-01 3.05512281e-01
  1.54914797e+00 1.03822393e+00 2.21030300e-03 4.65687114e-11
  7.19527233e-01 9.42286847e-01]
 [1.48053397e-01 4.77946081e-01 4.87552335e-01 6.28473349e-02
  1.89842323e-01 1.91594849e-07 2.53134951e-08 2.07618329e-01
  2.08916562e-01 9.85213274e-01]]