[[1.20837361e+00 1.98903703e-07 1.22127754e+00 1.76444087e+00
  9.60403351e-03 1.02328924e+00 8.88284630e-08 5.73545474e-07
  1.61432518e-01 3.07432394e-01]
 [1.22586525e-06 1.87055344e-01 2.20247415e-01 1.83655540e-03
  7.24250689e-03 1.78103977e-05 6.20724745e-04 5.24203695e-01
  8.24642014e-01 4.27102225e-01]
 [6.64772334e-01 3.54271580e-01 1.03019404e+00 9.54960942e-06
  3.47338602e-07 7.54375974e-01 7.83662478e-03 4.27207864e-01
  1.31147860e+00 2.01050614e+00]
 [1.20837361e+00 1.98903703e-07 1.22127754e+00 1.76444087e+00
  9.60403351e-03 1.02328924e+00 8.88284630e-08 5.73545474e-07
  1.61432518e-01 3.07432394e-01]
 [6.64772334e-01 3.54271580e-01 1.03019404e+00 9.54960942e-06
  3.47338602e-07 7.54375974e-01 7.83662478e-03 4.27207864e-01
  1.31147860e+00 2.01050614e+00]
 [6.64772334e-01 3.54271580e-01 1.03019404e+00 9.54960942e-06
  3.47338602e-07 7.54375974e-01 7.83662478e-03 4.27207864e-01
  1.31147860e+00 2.01050614e+00]
 [1.09150852e-01 9.79363051e-05 8.65080669e-02 5.41511120e-02
  4.19116050e-02 1.04521814e+00 4.78474568e-11 5.60177699e-01
  3.29920004e-01 2.46068080e-01]
 [6.72751505e-01 1.04674293e+00 1.63078375e+00 6.49375977e-01
  3.80447549e-06 8.81096599e-01 1.29086201e-05 8.14160230e-04
  9.61836148e-01 1.22459300e-08]
 [6.64772334e-01 3.54271580e-01 1.03019404e+00 9.54960942e-06
  3.47338602e-07 7.54375974e-01 7.83662478e-03 4.27207864e-01
  1.31147860e+00 2.01050614e+00]
 [1.20837361e+00 1.98903703e-07 1.22127754e+00 1.76444087e+00
  9.60403351e-03 1.02328924e+00 8.88284630e-08 5.73545474e-07
  1.61432518e-01 3.07432394e-01]]