[[9.21212093e-01 1.65883184e+00 1.92638680e-01 1.53014132e-02
  1.40930916e-06 5.53379833e-01 2.02661358e-01 5.70216089e-01
  1.70838056e+00 1.64133413e+00]
 [9.29855066e-01 7.73138565e-02 1.61018174e+00 1.13700208e+00
  1.19443394e-03 4.25967298e-02 2.19723382e-03 9.11719386e-01
  1.01880551e+00 5.49498121e-01]
 [1.16799100e+00 9.05614218e-01 9.74047460e-01 5.36607163e-01
  5.76259771e-07 3.18839722e-01 1.82055345e+00 1.82615601e-09
  1.66142340e+00 5.68914909e-01]
 [6.09966021e-01 5.66842690e-01 5.77034173e-01 3.18188166e-01
  1.03263399e+00 9.82313896e-01 5.71229542e-10 1.35151571e-01
  1.78378529e+00 1.38904451e+00]
 [6.23689181e-01 3.40626075e-01 1.94844650e-01 1.37231037e+00
  8.81310686e-02 1.02663362e+00 1.91220257e-08 7.28956693e-01
  1.76824638e+00 3.28942572e-01]
 [8.32244024e-01 8.74759064e-01 1.33343144e+00 4.90231989e-01
  9.68768138e-01 2.96198826e-01 5.34117758e-06 8.09722599e-01
  1.58814703e+00 2.87251736e-06]
 [1.16799100e+00 9.05614218e-01 9.74047460e-01 5.36607163e-01
  5.76259771e-07 3.18839722e-01 1.82055345e+00 1.82615601e-09
  1.66142340e+00 5.68914909e-01]
 [8.72155741e-01 3.56293915e-01 1.09558644e+00 2.01481026e-07
  1.15607176e-01 1.49301440e+00 2.18806367e-03 1.77247468e+00
  1.46728608e+00 1.35966581e-01]
 [6.38970932e-01 1.55805858e-01 9.98422141e-01 6.46645704e-03
  6.90254844e-09 6.52509337e-01 2.45080373e-05 2.05412655e+00
  1.60849679e+00 1.23531362e+00]
 [1.02691860e+00 1.40535317e+00 1.03062172e+00 3.63913953e-08
  7.34259401e-01 8.90173324e-01 2.33194695e-01 7.55197055e-01
  9.34112990e-01 8.45785707e-01]]