[[3.76722163e-01 4.98062224e-01 3.51964036e-08 7.07254170e-01
  3.60888504e-01 6.38090678e-01 6.09877021e-10 1.31991830e-08
  8.62319052e-01 8.15703576e-01]
 [8.56778100e-01 7.47141690e-01 8.52499854e-01 9.75664757e-01
  5.32509968e-01 3.54064927e-01 6.89768933e-04 8.37877306e-01
  2.70757819e-07 1.53531740e+00]
 [9.17118725e-01 2.12073768e-01 1.08744377e+00 1.63668557e+00
  5.98439889e-01 4.91487342e-01 1.72406446e-09 2.29216552e-01
  3.65588861e-01 3.43817568e-01]
 [1.10053877e+00 5.33181144e-02 9.03620880e-01 3.73147888e-08
  1.78948307e-01 1.48962903e+00 2.81108221e-01 5.05187002e-02
  6.20801547e-01 8.86197966e-02]
 [1.00871937e+00 4.74064264e-01 1.16620007e+00 5.75008114e-01
  6.52427415e-10 6.83959733e-01 6.94533635e-01 9.85659348e-01
  3.89856423e-01 5.91609049e-01]
 [1.21845083e+00 1.33783651e+00 3.33046218e-01 1.36448870e+00
  4.86557908e-01 1.74309536e+00 3.28032480e-02 1.26593426e-10
  7.70223940e-01 5.42045154e-02]
 [1.10053877e+00 5.33181144e-02 9.03620880e-01 3.73147888e-08
  1.78948307e-01 1.48962903e+00 2.81108221e-01 5.05187002e-02
  6.20801547e-01 8.86197966e-02]
 [1.06930262e+00 6.70461345e-01 1.17161491e+00 6.11523260e-01
  6.11002198e-09 3.14475693e-02 8.78099924e-01 7.00177567e-01
  2.96162020e-01 8.74515755e-01]
 [1.10053877e+00 5.33181144e-02 9.03620880e-01 3.73147888e-08
  1.78948307e-01 1.48962903e+00 2.81108221e-01 5.05187002e-02
  6.20801547e-01 8.86197966e-02]
 [8.56778100e-01 7.47141690e-01 8.52499854e-01 9.75664757e-01
  5.32509968e-01 3.54064927e-01 6.89768933e-04 8.37877306e-01
  2.70757819e-07 1.53531740e+00]]