[[1.03190202e+00 4.92173076e-01 7.22358328e-01 1.01962377e-01
  1.39383527e-01 1.22195775e+00 1.39510728e-01 2.60833721e-01
  6.15977681e-01 4.18534276e-01]
 [2.96443454e-01 1.64529251e-08 3.90723269e-01 3.34140402e-02
  5.11486316e-01 5.04690191e-03 5.13156019e-01 1.24612714e-02
  3.41332770e-02 3.99329269e-01]
 [8.91897890e-02 1.03407054e-09 6.45352647e-01 2.06361155e-01
  5.49913390e-01 4.21002492e-01 5.54300005e-01 5.13298328e-01
  1.92037413e-01 4.04454729e-07]
 [8.91897890e-02 1.03407054e-09 6.45352647e-01 2.06361155e-01
  5.49913390e-01 4.21002492e-01 5.54300005e-01 5.13298328e-01
  1.92037413e-01 4.04454729e-07]
 [2.96443454e-01 1.64529251e-08 3.90723269e-01 3.34140402e-02
  5.11486316e-01 5.04690191e-03 5.13156019e-01 1.24612714e-02
  3.41332770e-02 3.99329269e-01]
 [2.96443454e-01 1.64529251e-08 3.90723269e-01 3.34140402e-02
  5.11486316e-01 5.04690191e-03 5.13156019e-01 1.24612714e-02
  3.41332770e-02 3.99329269e-01]
 [1.03190202e+00 4.92173076e-01 7.22358328e-01 1.01962377e-01
  1.39383527e-01 1.22195775e+00 1.39510728e-01 2.60833721e-01
  6.15977681e-01 4.18534276e-01]
 [8.91897890e-02 1.03407054e-09 6.45352647e-01 2.06361155e-01
  5.49913390e-01 4.21002492e-01 5.54300005e-01 5.13298328e-01
  1.92037413e-01 4.04454729e-07]
 [1.03190202e+00 4.92173076e-01 7.22358328e-01 1.01962377e-01
  1.39383527e-01 1.22195775e+00 1.39510728e-01 2.60833721e-01
  6.15977681e-01 4.18534276e-01]
 [1.03190202e+00 4.92173076e-01 7.22358328e-01 1.01962377e-01
  1.39383527e-01 1.22195775e+00 1.39510728e-01 2.60833721e-01
  6.15977681e-01 4.18534276e-01]]