[[8.66083233e-01 1.29788370e-02 1.03382940e+00 2.58885930e+00
  1.17929107e+00 7.25066114e-01 3.02675265e-07 1.70718861e-02
  4.22170798e-01 6.73970454e-01]
 [1.19510832e+00 1.04677510e+00 1.97238287e+00 2.61216175e+00
  1.57248344e+00 2.26143272e-01 1.05827702e+00 4.04244943e-02
  2.56200883e-01 8.52365935e-01]
 [1.14474048e+00 8.55379375e-01 7.88284804e-01 5.03264767e-03
  7.81394862e-02 9.37523074e-01 3.83297318e-01 6.71295469e-01
  3.20299915e-01 1.48128536e+00]
 [1.07117751e+00 4.41165019e-01 1.77331102e+00 1.16686981e+00
  1.03401359e-09 3.31400395e-02 1.65539569e-01 4.18339907e-02
  3.32922375e-01 5.85650417e-02]
 [1.14474048e+00 8.55379375e-01 7.88284804e-01 5.03264767e-03
  7.81394862e-02 9.37523074e-01 3.83297318e-01 6.71295469e-01
  3.20299915e-01 1.48128536e+00]
 [8.66083233e-01 1.29788370e-02 1.03382940e+00 2.58885930e+00
  1.17929107e+00 7.25066114e-01 3.02675265e-07 1.70718861e-02
  4.22170798e-01 6.73970454e-01]
 [1.19510832e+00 1.04677510e+00 1.97238287e+00 2.61216175e+00
  1.57248344e+00 2.26143272e-01 1.05827702e+00 4.04244943e-02
  2.56200883e-01 8.52365935e-01]
 [8.36207051e-01 1.52716403e-01 9.65136166e-01 1.73646533e+00
  4.41054057e-01 9.99477932e-01 2.87152054e-10 1.12059491e+00
  6.97734572e-01 5.93202299e-01]
 [8.36207051e-01 1.52716403e-01 9.65136166e-01 1.73646533e+00
  4.41054057e-01 9.99477932e-01 2.87152054e-10 1.12059491e+00
  6.97734572e-01 5.93202299e-01]
 [8.36207051e-01 1.52716403e-01 9.65136166e-01 1.73646533e+00
  4.41054057e-01 9.99477932e-01 2.87152054e-10 1.12059491e+00
  6.97734572e-01 5.93202299e-01]]