[[1.28537456e-03 6.99780700e-01 1.23955554e+00 4.92517663e-09
  1.45409442e-01 1.08803431e+00 1.14829597e-01 1.01116459e-01
  1.17666157e+00 3.61954083e-01]
 [9.46170853e-01 7.85047161e-01 1.05319603e+00 2.46590532e+00
  2.88077419e-03 6.61053709e-11 2.58155724e-01 3.43013585e+00
  1.46031737e-01 1.63171873e+00]
 [8.99145027e-01 2.76894613e-01 7.69273068e-01 2.74130572e-01
  4.61231365e-10 9.80599902e-01 2.39171623e-01 1.00476122e+00
  8.09661701e-01 8.85435486e-01]
 [8.99145027e-01 2.76894613e-01 7.69273068e-01 2.74130572e-01
  4.61231365e-10 9.80599902e-01 2.39171623e-01 1.00476122e+00
  8.09661701e-01 8.85435486e-01]
 [1.73559271e-01 1.14753510e+00 1.27639546e+00 1.70241802e-01
  3.97169433e-01 9.53016188e-01 1.04283106e-01 3.12861009e-03
  6.77328760e-01 2.76888692e-01]
 [1.28537456e-03 6.99780700e-01 1.23955554e+00 4.92517663e-09
  1.45409442e-01 1.08803431e+00 1.14829597e-01 1.01116459e-01
  1.17666157e+00 3.61954083e-01]
 [8.99145027e-01 2.76894613e-01 7.69273068e-01 2.74130572e-01
  4.61231365e-10 9.80599902e-01 2.39171623e-01 1.00476122e+00
  8.09661701e-01 8.85435486e-01]
 [1.49399722e-01 1.12897447e+00 1.26022097e+00 4.08443245e-01
  2.22016268e-01 3.87229971e-04 2.71718492e-04 4.89434252e-01
  8.98732916e-01 8.89537285e-01]
 [1.06277599e+00 2.09856747e+00 4.12290335e-01 1.47426881e-04
  9.33061569e-08 3.69473992e-06 1.19914457e+00 2.26305114e-06
  1.35001929e+00 1.20959310e+00]
 [7.91968328e-01 8.40250813e-02 1.22912532e+00 8.34774812e-01
  4.59841839e-05 4.34410491e-02 1.03513940e+00 8.63980854e-01
  2.58550984e+00 4.09777624e-01]]