[[1.03197278e+00 1.41028095e+00 4.95243441e-01 1.18145093e-08
  1.68863351e+00 7.99092094e-01 5.74300037e-08 2.03723451e-02
  9.99605784e-01 3.31702807e-01]
 [1.03197278e+00 1.41028095e+00 4.95243441e-01 1.18145093e-08
  1.68863351e+00 7.99092094e-01 5.74300037e-08 2.03723451e-02
  9.99605784e-01 3.31702807e-01]
 [1.03197278e+00 1.41028095e+00 4.95243441e-01 1.18145093e-08
  1.68863351e+00 7.99092094e-01 5.74300037e-08 2.03723451e-02
  9.99605784e-01 3.31702807e-01]
 [1.03197278e+00 1.41028095e+00 4.95243441e-01 1.18145093e-08
  1.68863351e+00 7.99092094e-01 5.74300037e-08 2.03723451e-02
  9.99605784e-01 3.31702807e-01]
 [1.03197278e+00 1.41028095e+00 4.95243441e-01 1.18145093e-08
  1.68863351e+00 7.99092094e-01 5.74300037e-08 2.03723451e-02
  9.99605784e-01 3.31702807e-01]
 [1.38451821e+00 4.18892237e-01 1.22383909e+00 9.03313193e-01
  8.59746824e-01 6.04426645e-01 3.91097920e-02 3.70544493e-09
  4.51076633e-01 1.21565238e+00]
 [1.55084507e+00 1.12939155e+00 9.36875764e-01 1.55775457e+00
  4.52800500e-02 1.40752551e-09 1.14032970e-02 1.61688783e+00
  1.40938645e+00 2.07761145e-01]
 [1.22992751e+00 4.56996327e-02 2.16818357e-01 7.82675780e-01
  6.81904468e-01 1.30959433e+00 8.29859133e-11 6.47085129e-03
  1.15463142e+00 1.12692006e+00]
 [1.55084507e+00 1.12939155e+00 9.36875764e-01 1.55775457e+00
  4.52800500e-02 1.40752551e-09 1.14032970e-02 1.61688783e+00
  1.40938645e+00 2.07761145e-01]
 [7.93178312e-01 2.98339162e-08 9.44324343e-01 8.45631779e-01
  5.34632192e-01 7.80952434e-01 1.04139934e-08 4.20027734e-01
  9.58554997e-02 2.30201374e+00]]