[[8.15050043e-01 1.61985118e+00 5.99066865e-01 1.82257841e-01
  7.11640634e-01 7.53350314e-01 2.06893655e-08 7.01655395e-01
  1.45513240e+00 7.41432578e-01]
 [7.51125085e-01 1.05314957e+00 8.51900694e-01 4.53551365e-01
  3.68365037e-09 1.07309333e-06 3.59687648e-01 6.12324638e-01
  2.00179576e+00 4.10714961e-01]
 [1.52649445e+00 8.90941397e-01 2.05484405e+00 6.39299158e-01
  1.38126234e-01 3.45102230e-01 1.64485714e+00 6.48014742e-01
  1.11007020e-08 9.84562807e-01]
 [4.35303353e-01 4.34762234e-01 1.05975293e+00 5.67526314e-01
  1.37245647e+00 6.97963862e-01 5.92651153e-06 1.27684524e+00
  2.27731369e+00 1.40344193e-06]
 [4.35303353e-01 4.34762234e-01 1.05975293e+00 5.67526314e-01
  1.37245647e+00 6.97963862e-01 5.92651153e-06 1.27684524e+00
  2.27731369e+00 1.40344193e-06]
 [8.15050043e-01 1.61985118e+00 5.99066865e-01 1.82257841e-01
  7.11640634e-01 7.53350314e-01 2.06893655e-08 7.01655395e-01
  1.45513240e+00 7.41432578e-01]
 [7.51125085e-01 1.05314957e+00 8.51900694e-01 4.53551365e-01
  3.68365037e-09 1.07309333e-06 3.59687648e-01 6.12324638e-01
  2.00179576e+00 4.10714961e-01]
 [4.35303353e-01 4.34762234e-01 1.05975293e+00 5.67526314e-01
  1.37245647e+00 6.97963862e-01 5.92651153e-06 1.27684524e+00
  2.27731369e+00 1.40344193e-06]
 [8.15050043e-01 1.61985118e+00 5.99066865e-01 1.82257841e-01
  7.11640634e-01 7.53350314e-01 2.06893655e-08 7.01655395e-01
  1.45513240e+00 7.41432578e-01]
 [1.72456096e+00 1.75147167e+00 8.84401661e-01 1.33814748e+00
  1.39673043e-01 4.12337946e-09 2.50889084e-01 5.80640371e-01
  1.18092785e+00 2.56375060e-02]]