[[5.71088439e-01 4.80605218e-02 1.23240392e+00 1.43164327e-01
  1.85247495e-02 1.71136860e+00 1.24754448e-01 6.25766623e-01
  1.47934649e+00 6.40359305e-01]
 [1.56793060e+00 9.35128028e-01 9.41560777e-01 5.19617053e-01
  2.32120339e-01 5.86449999e-01 1.99369538e-09 8.03382986e-04
  7.47705290e-01 1.28755565e-01]
 [1.56793060e+00 9.35128028e-01 9.41560777e-01 5.19617053e-01
  2.32120339e-01 5.86449999e-01 1.99369538e-09 8.03382986e-04
  7.47705290e-01 1.28755565e-01]
 [1.29205042e+00 1.25064544e+00 1.21270329e+00 5.26658272e-02
  4.77659192e-04 4.13985184e-03 1.26187950e+00 8.49549136e-02
  6.52691597e-08 2.94814385e+00]
 [1.29205042e+00 1.25064544e+00 1.21270329e+00 5.26658272e-02
  4.77659192e-04 4.13985184e-03 1.26187950e+00 8.49549136e-02
  6.52691597e-08 2.94814385e+00]
 [6.87340381e-01 2.76857066e-08 1.01646527e+00 2.13487605e-01
  1.39850046e-02 1.78998464e+00 5.78042381e-01 3.37061847e-01
  1.57510041e+00 9.04982208e-01]
 [5.49615839e-01 4.19924164e-09 7.06540236e-01 6.02454278e-06
  4.90758178e-01 1.13638742e+00 1.29896625e-03 2.09257390e-01
  1.75958804e+00 1.48928027e+00]
 [7.81205965e-01 1.72048004e+00 2.32753501e-09 1.74997827e-01
  1.54642899e+00 2.43909977e-03 4.64543586e-02 7.82181197e-05
  1.49148486e+00 7.11610963e-04]
 [7.81205965e-01 1.72048004e+00 2.32753501e-09 1.74997827e-01
  1.54642899e+00 2.43909977e-03 4.64543586e-02 7.82181197e-05
  1.49148486e+00 7.11610963e-04]
 [5.49615839e-01 4.19924164e-09 7.06540236e-01 6.02454278e-06
  4.90758178e-01 1.13638742e+00 1.29896625e-03 2.09257390e-01
  1.75958804e+00 1.48928027e+00]]