[[8.23558833e-01 9.66964540e-01 2.87564178e-01 6.37182812e-01
  1.56297924e+00 6.14269278e-01 1.07974158e-07 1.03833403e-01
  1.17763136e+00 4.42982686e-01]
 [8.89159698e-01 1.47754428e+00 8.49892255e-01 3.43673948e-09
  1.23312827e+00 5.13924301e-02 8.07382758e-10 4.71985186e-01
  6.90690415e-01 3.10940547e+00]
 [8.95356122e-01 1.27572323e+00 3.14829611e-01 7.84801380e-01
  5.45907805e-01 8.46390846e-01 7.08047940e-07 1.90788488e-01
  8.95714546e-01 1.43707855e+00]
 [7.42460018e-01 1.57163759e+00 2.25397765e-01 6.47764738e-03
  1.53198613e+00 9.36233640e-01 2.32124410e-08 2.65244789e-01
  1.29193242e+00 1.51017108e+00]
 [8.95356122e-01 1.27572323e+00 3.14829611e-01 7.84801380e-01
  5.45907805e-01 8.46390846e-01 7.08047940e-07 1.90788488e-01
  8.95714546e-01 1.43707855e+00]
 [7.78822176e-01 6.61810651e-01 4.56431858e-06 3.19266633e-01
  1.33134401e+00 6.56188444e-01 2.53080377e-03 1.24579976e-01
  1.35903216e+00 7.92485283e-01]
 [8.89159698e-01 1.47754428e+00 8.49892255e-01 3.43673948e-09
  1.23312827e+00 5.13924301e-02 8.07382758e-10 4.71985186e-01
  6.90690415e-01 3.10940547e+00]
 [8.89159698e-01 1.47754428e+00 8.49892255e-01 3.43673948e-09
  1.23312827e+00 5.13924301e-02 8.07382758e-10 4.71985186e-01
  6.90690415e-01 3.10940547e+00]
 [8.89159698e-01 1.47754428e+00 8.49892255e-01 3.43673948e-09
  1.23312827e+00 5.13924301e-02 8.07382758e-10 4.71985186e-01
  6.90690415e-01 3.10940547e+00]
 [7.78822176e-01 6.61810651e-01 4.56431858e-06 3.19266633e-01
  1.33134401e+00 6.56188444e-01 2.53080377e-03 1.24579976e-01
  1.35903216e+00 7.92485283e-01]]