[[6.33908478e-01 5.57268058e-06 1.46138475e+00 4.84447120e-01
  1.45592877e+00 3.43280849e-01 3.27570315e-09 3.63658651e-01
  1.19143099e+00 1.77379501e+00]
 [1.43415283e+00 1.77203366e+00 7.12909549e-01 5.07873392e-08
  4.27338689e-02 5.62083263e-01 1.20229950e+00 1.51964380e-04
  1.08245653e+00 4.80557936e-02]
 [6.08004071e-01 8.36079517e-06 2.05261667e+00 1.07931752e-05
  1.29777195e+00 1.85306912e-01 9.52107268e-06 4.52494574e-01
  1.40571837e+00 1.00949102e+00]
 [1.43415283e+00 1.77203366e+00 7.12909549e-01 5.07873392e-08
  4.27338689e-02 5.62083263e-01 1.20229950e+00 1.51964380e-04
  1.08245653e+00 4.80557936e-02]
 [6.72476342e-01 6.83224676e-01 1.40931927e+00 1.03511807e-01
  1.67123283e+00 1.16707911e+00 8.12327651e-10 1.07174964e-01
  1.41922120e+00 1.30056984e-04]
 [1.02809274e+00 5.85055885e-01 8.23448696e-01 6.36523238e-01
  3.45891024e-01 5.27329683e-01 1.56545016e-05 6.63238638e-01
  8.52265013e-01 1.38851769e+00]
 [3.43647680e-01 1.60281541e-09 9.84542710e-01 1.60197061e-07
  7.69645368e-01 1.04500853e+00 5.74910127e-06 1.59771574e+00
  2.07862124e+00 1.36433294e+00]
 [8.11932613e-01 1.22719768e+00 1.07653614e+00 1.38353337e+00
  2.91446155e-01 2.30950744e-08 2.87896940e-01 4.04819930e-06
  1.66080812e+00 2.52546014e-01]
 [9.10396617e-01 9.03758295e-01 9.21750008e-01 1.84772063e-08
  4.39165782e-01 8.69123287e-01 1.66994598e-01 7.77834966e-01
  1.17365568e+00 1.91099066e-01]
 [6.01979524e-01 9.69743633e-01 1.43425904e-01 1.76456920e-01
  3.36967253e-07 9.28849100e-01 1.28167108e-01 1.01719696e+00
  2.25844711e+00 1.11040510e+00]]