[[1.30275336e+00 9.47692948e-01 1.39635583e+00 1.14918928e+00
  9.39625709e-01 7.02734804e-08 8.08654694e-06 8.65481665e-02
  7.02135880e-01 2.84169299e-01]
 [9.35871324e-01 6.63394879e-01 1.42846680e+00 4.05432112e-01
  3.92517535e-01 1.02629468e+00 8.78894694e-01 3.82729708e-01
  3.72617510e-07 6.77638263e-01]
 [1.17030577e+00 1.43755583e-02 6.44152702e-01 2.10626576e+00
  5.02188783e-01 1.56197540e+00 4.41602371e-01 1.57961859e-02
  1.02886634e+00 4.05147526e-05]
 [8.77408469e-01 5.63124857e-01 9.10874413e-01 1.18966107e-01
  3.74208503e-01 1.29183640e+00 9.37615791e-01 3.81222517e-10
  7.64734567e-01 1.23677649e-03]
 [1.18237773e+00 1.38837207e+00 6.77388459e-01 8.45666028e-01
  7.78523398e-04 1.82521222e-01 9.90658935e-01 9.39821450e-02
  3.58064717e-01 1.04202208e+00]
 [9.84335680e-01 1.28718127e+00 8.41716463e-01 2.95613483e-01
  2.68809946e-03 4.79428590e-01 8.31513616e-01 4.53576273e-01
  1.90886260e-08 1.05034086e+00]
 [9.85480920e-01 1.56469814e+00 2.88124783e-01 1.10753626e+00
  9.08916251e-10 1.17320878e+00 7.48818208e-01 6.27924468e-01
  7.53697326e-01 5.96722666e-01]
 [9.93649738e-01 3.43087970e-01 6.41712615e-01 1.54573250e+00
  8.58671804e-09 9.05600138e-03 2.56369289e-05 1.58337400e+00
  5.19114475e-01 1.60037727e+00]
 [1.17030577e+00 1.43755583e-02 6.44152702e-01 2.10626576e+00
  5.02188783e-01 1.56197540e+00 4.41602371e-01 1.57961859e-02
  1.02886634e+00 4.05147526e-05]
 [1.18237773e+00 1.38837207e+00 6.77388459e-01 8.45666028e-01
  7.78523398e-04 1.82521222e-01 9.90658935e-01 9.39821450e-02
  3.58064717e-01 1.04202208e+00]]