[[7.39900601e-01 1.92059472e-04 3.19259186e-01 1.11873257e-01
  3.97489022e-01 3.96346637e-03 6.70043487e-03 8.81702822e-01
  4.49726491e-01 2.23371436e-01]
 [5.48267766e-01 1.25760715e-01 6.01489568e-01 2.07246364e-01
  6.05212355e-01 1.54037850e+00 3.30092717e-01 2.68710357e-04
  8.04548976e-01 6.28098048e-01]
 [5.48267766e-01 1.25760715e-01 6.01489568e-01 2.07246364e-01
  6.05212355e-01 1.54037850e+00 3.30092717e-01 2.68710357e-04
  8.04548976e-01 6.28098048e-01]
 [5.48267766e-01 1.25760715e-01 6.01489568e-01 2.07246364e-01
  6.05212355e-01 1.54037850e+00 3.30092717e-01 2.68710357e-04
  8.04548976e-01 6.28098048e-01]
 [5.48267766e-01 1.25760715e-01 6.01489568e-01 2.07246364e-01
  6.05212355e-01 1.54037850e+00 3.30092717e-01 2.68710357e-04
  8.04548976e-01 6.28098048e-01]
 [7.39900601e-01 1.92059472e-04 3.19259186e-01 1.11873257e-01
  3.97489022e-01 3.96346637e-03 6.70043487e-03 8.81702822e-01
  4.49726491e-01 2.23371436e-01]
 [8.91897890e-02 1.03407054e-09 6.45352647e-01 2.06361155e-01
  5.49913390e-01 4.21002492e-01 5.54300005e-01 5.13298328e-01
  1.92037413e-01 4.04454729e-07]
 [5.48267766e-01 1.25760715e-01 6.01489568e-01 2.07246364e-01
  6.05212355e-01 1.54037850e+00 3.30092717e-01 2.68710357e-04
  8.04548976e-01 6.28098048e-01]
 [8.91897890e-02 1.03407054e-09 6.45352647e-01 2.06361155e-01
  5.49913390e-01 4.21002492e-01 5.54300005e-01 5.13298328e-01
  1.92037413e-01 4.04454729e-07]
 [7.39900601e-01 1.92059472e-04 3.19259186e-01 1.11873257e-01
  3.97489022e-01 3.96346637e-03 6.70043487e-03 8.81702822e-01
  4.49726491e-01 2.23371436e-01]]