[[1.50088330e+00 1.36643975e+00 1.48212471e+00 3.93351788e-07
  6.96135364e-07 7.98603784e-02 7.53554391e-08 1.04538136e+00
  2.94621089e-05 7.49412349e-01]
 [7.75390616e-01 8.05640006e-02 1.70069680e+00 4.04122869e-01
  2.39861071e-01 1.09896918e+00 3.01243243e-03 9.60489077e-01
  4.54456145e-09 5.47337697e-01]
 [3.60222079e-01 6.91427614e-01 1.55221108e+00 5.89478897e-01
  5.70646090e-01 1.27607449e+00 7.54177405e-10 1.25710592e+00
  1.71674831e+00 1.73902569e+00]
 [7.26910940e-01 4.09566863e-06 5.75409045e-01 8.25771824e-01
  7.08081895e-01 7.23266385e-01 7.76130882e-03 2.70098028e-08
  3.88915445e-01 2.76215642e+00]
 [1.34660520e+00 3.38773550e-01 1.07945021e+00 8.40365001e-01
  2.01747413e-06 5.20409107e-01 1.51461350e-05 8.23617487e-01
  4.14535768e-08 1.36300156e+00]
 [1.27189719e+00 2.31371854e-01 1.42095309e+00 1.04122048e-01
  1.03198946e-08 1.25696033e+00 4.06921704e-02 5.47349743e-10
  3.48494752e-01 2.49252962e-01]
 [8.49523853e-01 8.53271018e-01 4.96366467e-01 4.26447533e-01
  6.16465803e-01 5.63244891e-01 5.45766937e-09 5.25667523e-10
  4.74592737e-01 1.90876764e+00]
 [1.34660520e+00 3.38773550e-01 1.07945021e+00 8.40365001e-01
  2.01747413e-06 5.20409107e-01 1.51461350e-05 8.23617487e-01
  4.14535768e-08 1.36300156e+00]
 [1.27813789e+00 6.00100924e-01 2.33332888e+00 9.29343861e-01
  1.19867717e+00 1.10217399e-09 3.77498505e-02 2.25695940e-01
  8.00904122e-02 1.40623956e+00]
 [1.27813789e+00 6.00100924e-01 2.33332888e+00 9.29343861e-01
  1.19867717e+00 1.10217399e-09 3.77498505e-02 2.25695940e-01
  8.00904122e-02 1.40623956e+00]]