[[7.47323739e-01 6.95180129e-01 1.44297886e+00 7.97749827e-10
  8.07026605e-01 7.23142262e-01 6.25101859e-01 1.03463132e+00
  1.79013072e+00 3.40550631e-01]
 [8.16574148e-01 1.32184190e+00 5.49063653e-01 7.20525324e-07
  7.46053627e-01 5.72822484e-07 5.86845017e-01 2.86302238e-01
  1.51005665e+00 1.91556842e+00]
 [7.84532768e-01 1.28913092e+00 9.74040966e-01 9.33389987e-01
  5.19986979e-09 1.94854405e-01 6.75820671e-01 1.03122464e+00
  1.37104621e+00 8.04069403e-01]
 [7.47323739e-01 6.95180129e-01 1.44297886e+00 7.97749827e-10
  8.07026605e-01 7.23142262e-01 6.25101859e-01 1.03463132e+00
  1.79013072e+00 3.40550631e-01]
 [1.06154551e+00 1.03858050e+00 3.68629940e-01 4.96027878e-02
  5.62033891e-08 1.62439270e+00 2.70529940e-01 4.70659209e-01
  5.38901082e-01 1.65388569e+00]
 [7.07107978e-01 6.21501234e-01 3.99087328e-01 5.53356463e-01
  3.68735798e-01 4.95036062e-01 5.37828041e-01 4.66279448e-01
  1.62000904e+00 1.74733989e+00]
 [1.53254632e+00 6.67513208e-01 1.37187829e+00 5.51117056e-01
  2.81196799e-01 5.62711076e-01 4.86626734e-01 2.75942719e-01
  9.19768804e-01 2.29808855e-01]
 [1.20261815e+00 2.34307626e-01 1.08009486e+00 1.50096332e+00
  2.71097716e-01 8.49276928e-03 9.22783135e-01 1.70388999e-01
  1.66258754e+00 3.49221155e-01]
 [9.28878003e-01 7.81741732e-01 9.30123972e-01 1.15236431e+00
  7.71063834e-01 6.88273150e-01 5.20904216e-01 5.89365802e-01
  1.85292185e+00 8.78388307e-02]
 [1.54947595e+00 1.84415864e+00 6.55221454e-01 6.65349383e-01
  3.48233354e-01 1.11893170e+00 6.81374876e-01 2.41876354e-01
  7.75521310e-01 1.24783175e+00]]