[[1.42439790e+00 2.26867492e-01 1.50715511e+00 1.82648371e-06
  2.62879621e-01 7.35935500e-01 9.99121321e-01 2.99588458e-03
  4.28236441e-01 1.23737980e+00]
 [1.09009651e+00 4.81681420e-10 2.16530715e+00 1.62768934e-01
  4.96274332e-05 4.81876662e-01 1.17818710e-01 1.12028332e-01
  2.69045274e-03 3.59894456e-01]
 [1.22822645e+00 3.15386367e-01 1.07531460e+00 1.25703732e-01
  1.51881291e-07 1.23019831e+00 1.68968796e-07 5.01959208e-09
  2.16515010e-01 1.81810770e-01]
 [5.29677668e-01 2.16237639e-01 1.58987733e+00 7.84127758e-02
  3.66907493e-09 1.51218755e+00 3.85924260e-08 2.47010285e-01
  8.23071395e-01 1.87406499e-01]
 [1.00929017e+00 1.65976604e-04 1.62952184e+00 5.40967938e-01
  1.15182810e-01 2.23422396e-10 1.38889704e+00 1.85479891e-01
  1.17906084e-02 1.95089585e+00]
 [1.00929017e+00 1.65976604e-04 1.62952184e+00 5.40967938e-01
  1.15182810e-01 2.23422396e-10 1.38889704e+00 1.85479891e-01
  1.17906084e-02 1.95089585e+00]
 [1.22822645e+00 3.15386367e-01 1.07531460e+00 1.25703732e-01
  1.51881291e-07 1.23019831e+00 1.68968796e-07 5.01959208e-09
  2.16515010e-01 1.81810770e-01]
 [1.32762176e+00 3.57192795e-01 1.10649221e+00 5.36661699e-01
  5.05990571e-09 1.25262044e+00 1.80322722e-01 3.22023027e-01
  2.03918757e-01 3.51114690e-01]
 [5.29677668e-01 2.16237639e-01 1.58987733e+00 7.84127758e-02
  3.66907493e-09 1.51218755e+00 3.85924260e-08 2.47010285e-01
  8.23071395e-01 1.87406499e-01]
 [1.32762176e+00 3.57192795e-01 1.10649221e+00 5.36661699e-01
  5.05990571e-09 1.25262044e+00 1.80322722e-01 3.22023027e-01
  2.03918757e-01 3.51114690e-01]]