[[1.28870851e+00 3.21474294e-01 7.84562749e-01 8.80629749e-01
  6.80543667e-02 1.62404426e+00 1.11353953e+00 3.65357701e-01
  6.69379521e-01 5.65616318e-01]
 [7.42765328e-01 5.14918018e-06 4.78093074e-01 5.54241241e-01
  9.46970468e-01 1.29741381e+00 2.99437000e-01 1.07365463e-01
  1.30222090e+00 6.70509023e-01]
 [1.07024993e+00 1.31861103e+00 1.01635852e+00 2.58571360e-02
  1.68850345e+00 9.59169980e-01 1.63358879e-08 2.79957328e-06
  7.36395587e-01 2.16297570e-01]
 [8.47970802e-01 3.41951552e-01 1.22994023e+00 6.88433025e-01
  6.72410791e-01 9.35537485e-01 7.02687276e-01 4.63063655e-01
  1.03004689e+00 8.35204743e-01]
 [1.12102109e+00 1.42986907e-01 1.08631424e+00 1.32869701e+00
  6.52561749e-08 1.28826390e+00 1.35211448e-01 1.39139815e+00
  8.89238160e-01 1.67536053e-01]
 [1.06412419e+00 1.20262040e+00 1.70863066e+00 3.02913011e-02
  3.48409445e-01 8.52460638e-01 9.46943685e-01 8.50947961e-08
  7.83818673e-01 9.76892636e-08]
 [1.10579618e+00 1.49043191e-02 3.21281836e-01 6.93048333e-01
  1.02412137e+00 6.61210495e-01 3.28271679e-01 3.65932438e-13
  1.39929504e+00 8.40600819e-01]
 [7.48916978e-01 3.70135615e-01 7.11934610e-01 1.49700634e-01
  3.52947531e-01 1.10861375e+00 1.14702543e-09 7.26068899e-01
  8.53242845e-01 1.02250517e+00]
 [1.33952078e+00 5.86808478e-01 9.41048955e-01 1.82380259e+00
  4.51929058e-04 2.44528963e-08 9.82676464e-01 1.47408835e+00
  9.15297167e-01 8.91506461e-01]
 [1.06680976e+00 8.81430790e-01 5.02197332e-01 1.56881613e-06
  6.37810534e-01 2.06395877e+00 4.46857046e-01 2.54356689e-05
  8.09573997e-01 1.06204524e+00]]