[[9.14452557e-01 8.33035038e-10 3.63351988e-01 3.54196177e-01
  8.55435506e-01 8.80283812e-01 4.29115127e-01 2.26711801e-02
  1.45025304e+00 5.94992564e-01]
 [1.08500724e+00 1.50577006e+00 1.04136796e+00 8.85428854e-03
  1.33047706e-08 4.79380743e-01 3.76719564e-01 7.90120621e-01
  4.58055529e-01 3.62155112e-01]
 [1.65864921e+00 6.56783734e-01 3.17394429e+00 3.82135758e-02
  7.59329727e-01 5.60621481e-01 3.52418187e-01 1.00388733e-02
  1.82673042e-01 3.47477554e-01]
 [6.71228748e-01 2.77641573e-03 1.06596483e+00 7.20765602e-01
  1.11135957e+00 6.22596351e-01 1.67211306e-01 5.31507230e-01
  1.64579381e+00 6.70769678e-01]
 [1.02676659e+00 6.35230789e-01 2.21769520e+00 1.17589803e-06
  1.66590573e+00 9.85263388e-02 2.53371209e-08 4.63152470e-02
  7.62465262e-01 4.74381456e-01]
 [6.71228748e-01 2.77641573e-03 1.06596483e+00 7.20765602e-01
  1.11135957e+00 6.22596351e-01 1.67211306e-01 5.31507230e-01
  1.64579381e+00 6.70769678e-01]
 [7.55532418e-01 4.11210489e-01 1.29329433e+00 2.87946270e-01
  1.72247374e+00 1.16383226e+00 1.14646957e-02 3.36948657e-01
  8.15690844e-01 7.61738378e-01]
 [9.14452557e-01 8.33035038e-10 3.63351988e-01 3.54196177e-01
  8.55435506e-01 8.80283812e-01 4.29115127e-01 2.26711801e-02
  1.45025304e+00 5.94992564e-01]
 [8.53933152e-01 4.39817615e-01 9.16545470e-01 1.06341599e-05
  8.79843212e-02 9.59944171e-01 6.30804353e-07 1.47480449e+00
  1.65535955e+00 3.04819159e-02]
 [1.65864921e+00 6.56783734e-01 3.17394429e+00 3.82135758e-02
  7.59329727e-01 5.60621481e-01 3.52418187e-01 1.00388733e-02
  1.82673042e-01 3.47477554e-01]]