[[6.64772334e-01 3.54271580e-01 1.03019404e+00 9.54960942e-06
  3.47338602e-07 7.54375974e-01 7.83662478e-03 4.27207864e-01
  1.31147860e+00 2.01050614e+00]
 [6.72751505e-01 1.04674293e+00 1.63078375e+00 6.49375977e-01
  3.80447549e-06 8.81096599e-01 1.29086201e-05 8.14160230e-04
  9.61836148e-01 1.22459300e-08]
 [1.09150852e-01 9.79363051e-05 8.65080669e-02 5.41511120e-02
  4.19116050e-02 1.04521814e+00 4.78474568e-11 5.60177699e-01
  3.29920004e-01 2.46068080e-01]
 [1.57566522e+00 2.31330856e-01 9.94181684e-01 1.67260972e-07
  3.67224809e-02 1.34241085e+00 3.38032518e-01 5.35098016e-02
  5.93405841e-01 6.84748417e-01]
 [5.92708321e-01 1.85085560e-05 7.45338109e-01 1.41537937e-08
  1.22644092e+00 8.27145647e-01 2.94845738e-11 4.14680579e-01
  1.63905511e+00 7.30012452e-01]
 [6.85474133e-01 8.29221202e-01 1.11130473e+00 1.21764578e-08
  1.82410000e-02 1.18680271e+00 9.71017860e-05 4.88412415e-01
  3.46186315e-01 7.43350629e-01]
 [9.59333786e-01 7.15609575e-01 1.87854928e+00 5.07010755e-01
  6.72981615e-06 4.66041306e-01 1.36404499e-08 5.81896613e-01
  7.74894560e-01 1.53159444e-07]
 [5.92708321e-01 1.85085560e-05 7.45338109e-01 1.41537937e-08
  1.22644092e+00 8.27145647e-01 2.94845738e-11 4.14680579e-01
  1.63905511e+00 7.30012452e-01]
 [1.14850123e+00 1.04407148e-01 6.82887894e-01 4.88563958e-01
  3.96006059e-01 2.60350907e-09 9.86288513e-09 6.16828988e-02
  1.35413989e+00 2.35102125e-01]
 [6.16714378e-01 3.60497618e-01 5.92912618e-01 1.86883997e-06
  3.88203864e-07 1.11210959e+00 1.07839948e-03 6.52701079e-01
  1.77097771e+00 2.95460865e-07]]