[[1.06817350e+00 8.93829996e-02 1.58954324e-01 1.82450146e+00
  7.44360215e-03 1.77560472e+00 1.09071905e-02 2.29426836e-02
  5.40708253e-01 2.44287239e+00]
 [1.10695331e+00 1.43431154e+00 9.51629186e-01 2.91003686e-01
  3.65329728e-01 1.22725389e-01 3.85023367e-01 8.02398553e-01
  4.99072104e-01 1.19344099e+00]
 [8.03629833e-01 1.15696572e+00 1.15945421e+00 3.41598328e-01
  1.15797187e+00 1.14491353e+00 4.48410216e-04 2.37212565e-08
  3.72307335e-01 5.94733921e-08]
 [3.76722163e-01 4.98062224e-01 3.51964036e-08 7.07254170e-01
  3.60888504e-01 6.38090678e-01 6.09877021e-10 1.31991830e-08
  8.62319052e-01 8.15703576e-01]
 [1.10053877e+00 5.33181144e-02 9.03620880e-01 3.73147888e-08
  1.78948307e-01 1.48962903e+00 2.81108221e-01 5.05187002e-02
  6.20801547e-01 8.86197966e-02]
 [8.11383546e-01 1.37859922e+00 1.78248826e+00 5.98040745e-01
  7.04023689e-01 6.91735526e-01 4.54381296e-01 2.87901058e-09
  6.98378873e-01 2.61598355e-02]
 [8.11383546e-01 1.37859922e+00 1.78248826e+00 5.98040745e-01
  7.04023689e-01 6.91735526e-01 4.54381296e-01 2.87901058e-09
  6.98378873e-01 2.61598355e-02]
 [1.15145392e+00 5.03256539e-01 1.34669322e+00 2.75931948e-09
  3.30612731e-01 1.04022409e+00 1.21155260e+00 6.56997050e-02
  7.40911268e-01 4.56642547e-01]
 [8.56778100e-01 7.47141690e-01 8.52499854e-01 9.75664757e-01
  5.32509968e-01 3.54064927e-01 6.89768933e-04 8.37877306e-01
  2.70757819e-07 1.53531740e+00]
 [1.15145392e+00 5.03256539e-01 1.34669322e+00 2.75931948e-09
  3.30612731e-01 1.04022409e+00 1.21155260e+00 6.56997050e-02
  7.40911268e-01 4.56642547e-01]]