[[6.23689181e-01 3.40626075e-01 1.94844650e-01 1.37231037e+00
  8.81310686e-02 1.02663362e+00 1.91220257e-08 7.28956693e-01
  1.76824638e+00 3.28942572e-01]
 [1.05314516e+00 2.26530536e+00 1.20241468e+00 1.22499697e+00
  1.75276300e-01 2.91463141e-09 1.82518466e-09 1.51454049e-01
  8.77423745e-01 1.69192140e+00]
 [5.85722301e-01 9.43396883e-02 4.51500199e-01 1.09570027e+00
  1.79293670e-01 1.17736983e+00 2.87741638e-02 1.22792043e+00
  1.20060655e+00 1.35035157e+00]
 [4.85769336e-01 3.46052186e-01 8.16313184e-01 1.53207747e+00
  1.00934493e+00 9.61677469e-01 5.73767445e-11 7.44725437e-01
  1.44768741e+00 8.80437011e-01]
 [1.34373338e+00 2.17290986e+00 7.00414770e-01 6.97663973e-01
  4.70399174e-02 3.36827511e-08 2.65098792e-01 4.56626293e-07
  1.06683212e+00 4.71245507e-04]
 [1.16799100e+00 9.05614218e-01 9.74047460e-01 5.36607163e-01
  5.76259771e-07 3.18839722e-01 1.82055345e+00 1.82615601e-09
  1.66142340e+00 5.68914909e-01]
 [6.65351453e-01 1.74973589e-01 9.79482702e-01 1.73954233e-07
  9.71228636e-05 5.61048392e-01 3.28646392e-01 1.35048434e+00
  1.60074196e+00 6.86077762e-01]
 [8.89962752e-01 1.40798287e+00 9.50535437e-01 8.51524024e-01
  2.85958603e-01 5.48627435e-09 2.50427925e-01 1.93480319e-01
  1.47192240e+00 1.18054998e-08]
 [8.32244024e-01 8.74759064e-01 1.33343144e+00 4.90231989e-01
  9.68768138e-01 2.96198826e-01 5.34117758e-06 8.09722599e-01
  1.58814703e+00 2.87251736e-06]
 [1.34373338e+00 2.17290986e+00 7.00414770e-01 6.97663973e-01
  4.70399174e-02 3.36827511e-08 2.65098792e-01 4.56626293e-07
  1.06683212e+00 4.71245507e-04]]