[[1.38529607e+00 3.48528601e-01 8.53944823e-01 1.52867454e-01
  2.51194637e-01 7.98003093e-01 4.25881090e-03 1.87580400e-03
  5.18477453e-01 9.19032939e-01]
 [6.77875743e-01 6.43576731e-01 8.22497510e-01 2.19860302e-01
  2.72034393e-04 1.32915984e+00 4.65662869e-01 1.97269398e-09
  8.75308855e-01 4.72036397e-01]
 [1.19966193e+00 3.83643129e-01 5.93450252e-01 2.00918574e-01
  1.10283704e-01 1.18608548e+00 4.13457979e-02 1.94197307e-09
  4.03055528e-01 1.07800633e+00]
 [6.77875743e-01 6.43576731e-01 8.22497510e-01 2.19860302e-01
  2.72034393e-04 1.32915984e+00 4.65662869e-01 1.97269398e-09
  8.75308855e-01 4.72036397e-01]
 [1.68240942e+00 5.60566134e-01 7.87710283e-01 8.86951301e-01
  3.05915342e-01 1.70232777e+00 4.67595901e-01 1.35871707e-02
  7.41342427e-01 5.82454829e-01]
 [1.19966193e+00 3.83643129e-01 5.93450252e-01 2.00918574e-01
  1.10283704e-01 1.18608548e+00 4.13457979e-02 1.94197307e-09
  4.03055528e-01 1.07800633e+00]
 [3.59447300e-04 4.40848995e-01 2.98950938e-09 3.17800799e-01
  8.93823474e-01 4.50177135e-09 4.11088431e-01 2.73799373e-01
  7.14567813e-01 1.15999648e+00]
 [8.19853334e-01 8.79551835e-02 1.76095071e+00 1.26698059e+00
  1.01974598e-06 7.95047090e-01 1.77408183e-08 2.89568106e-01
  4.97996612e-01 3.84754033e-04]
 [6.77875743e-01 6.43576731e-01 8.22497510e-01 2.19860302e-01
  2.72034393e-04 1.32915984e+00 4.65662869e-01 1.97269398e-09
  8.75308855e-01 4.72036397e-01]
 [8.19853334e-01 8.79551835e-02 1.76095071e+00 1.26698059e+00
  1.01974598e-06 7.95047090e-01 1.77408183e-08 2.89568106e-01
  4.97996612e-01 3.84754033e-04]]