[[1.00670187e+00 8.84427312e-02 6.39232223e-01 7.48318452e-02
  4.17077150e-02 8.73090895e-01 1.16373717e-02 4.32702157e-01
  6.35293789e-08 1.52669808e-01]
 [1.03801065e+00 4.82309023e-01 5.88083783e-01 3.21937272e-01
  9.29689145e-01 1.17030591e+00 1.59034699e-01 4.64944378e-01
  8.57358948e-01 5.80395828e-01]
 [1.03801065e+00 4.82309023e-01 5.88083783e-01 3.21937272e-01
  9.29689145e-01 1.17030591e+00 1.59034699e-01 4.64944378e-01
  8.57358948e-01 5.80395828e-01]
 [1.00670187e+00 8.84427312e-02 6.39232223e-01 7.48318452e-02
  4.17077150e-02 8.73090895e-01 1.16373717e-02 4.32702157e-01
  6.35293789e-08 1.52669808e-01]
 [9.22260526e-01 9.25647859e-01 8.15949254e-01 2.46833499e-01
  5.10163197e-01 4.47995881e-01 3.69357401e-04 4.55922991e-01
  1.76011610e-01 6.57859109e-01]
 [1.03801065e+00 4.82309023e-01 5.88083783e-01 3.21937272e-01
  9.29689145e-01 1.17030591e+00 1.59034699e-01 4.64944378e-01
  8.57358948e-01 5.80395828e-01]
 [9.22260526e-01 9.25647859e-01 8.15949254e-01 2.46833499e-01
  5.10163197e-01 4.47995881e-01 3.69357401e-04 4.55922991e-01
  1.76011610e-01 6.57859109e-01]
 [1.03801065e+00 4.82309023e-01 5.88083783e-01 3.21937272e-01
  9.29689145e-01 1.17030591e+00 1.59034699e-01 4.64944378e-01
  8.57358948e-01 5.80395828e-01]
 [9.22260526e-01 9.25647859e-01 8.15949254e-01 2.46833499e-01
  5.10163197e-01 4.47995881e-01 3.69357401e-04 4.55922991e-01
  1.76011610e-01 6.57859109e-01]
 [1.03801065e+00 4.82309023e-01 5.88083783e-01 3.21937272e-01
  9.29689145e-01 1.17030591e+00 1.59034699e-01 4.64944378e-01
  8.57358948e-01 5.80395828e-01]]