[[ 7.32616952e-01  2.86495353e-01  1.07034707e+00  1.41346730e-01
   9.91323202e-01  1.46571416e+00  2.11879896e-08  6.36743340e-01
   8.63703421e-01  8.58417009e-01]
 [ 7.88390504e-01  7.17087144e-01  9.74481723e-01  3.13337980e-01
   1.32175097e+00  1.66294374e+00 -1.05743910e-02  5.59407856e-01
   8.55792800e-01  1.11265876e+00]
 [ 7.32616952e-01  2.86495353e-01  1.07034707e+00  1.41346730e-01
   9.91323202e-01  1.46571416e+00  2.11879896e-08  6.36743340e-01
   8.63703421e-01  8.58417009e-01]
 [ 8.42742901e-01  1.07523296e+00 -8.13095429e-02  1.44850961e-02
   5.70007471e-01  5.04612117e-01  3.88556682e-10  8.04879503e-02
   1.21157829e+00  2.63375461e-01]
 [ 8.42742901e-01  1.07523296e+00 -8.13095429e-02  1.44850961e-02
   5.70007471e-01  5.04612117e-01  3.88556682e-10  8.04879503e-02
   1.21157829e+00  2.63375461e-01]
 [ 1.66478944e+00  1.99329193e+00  8.90804354e-01 -5.66418775e-01
   4.67881943e-07 -3.80463575e-01  1.15142866e+00 -2.27157750e-01
   2.30190279e-03  1.37026203e+00]
 [ 1.58857849e+00  1.92865209e+00  9.73261229e-01 -4.21345914e-01
  -1.04566787e-01  7.15123888e-01  1.55773333e+00 -4.43349810e-01
  -1.47933600e-08  1.46150318e+00]
 [ 1.90417201e+00  1.20452139e+00  1.12262988e+00  1.46231716e+00
   6.14272896e-01  8.99316764e-03 -1.11008894e-01  1.16355127e-01
   5.48880925e-01 -1.53123983e+00]
 [ 7.88390504e-01  7.17087144e-01  9.74481723e-01  3.13337980e-01
   1.32175097e+00  1.66294374e+00 -1.05743910e-02  5.59407856e-01
   8.55792800e-01  1.11265876e+00]
 [ 7.32616952e-01  2.86495353e-01  1.07034707e+00  1.41346730e-01
   9.91323202e-01  1.46571416e+00  2.11879896e-08  6.36743340e-01
   8.63703421e-01  8.58417009e-01]]