[[ 1.50161957e+00  6.26500561e-01  1.26127602e+00  9.77653594e-03
   1.86062539e-01  1.34857328e+00 -4.98274525e-02  1.94581789e-01
   2.50002429e-01  4.26521378e-01]
 [ 1.17550757e+00 -1.33386079e-01  1.50398668e+00  4.80571378e-02
   5.75418296e-08  1.02835450e+00  6.55238977e-01  3.84433749e-01
   4.37030109e-01  6.51085690e-01]
 [ 1.02123723e+00 -2.25234937e-01  5.87730862e-01 -4.22261291e-01
   1.74613808e-01  1.38446756e+00  9.21628230e-09 -2.85878963e-01
   8.45172443e-01  3.90276004e-01]
 [ 1.50161957e+00  6.26500561e-01  1.26127602e+00  9.77653594e-03
   1.86062539e-01  1.34857328e+00 -4.98274525e-02  1.94581789e-01
   2.50002429e-01  4.26521378e-01]
 [ 1.17550757e+00 -1.33386079e-01  1.50398668e+00  4.80571378e-02
   5.75418296e-08  1.02835450e+00  6.55238977e-01  3.84433749e-01
   4.37030109e-01  6.51085690e-01]
 [ 1.17550757e+00 -1.33386079e-01  1.50398668e+00  4.80571378e-02
   5.75418296e-08  1.02835450e+00  6.55238977e-01  3.84433749e-01
   4.37030109e-01  6.51085690e-01]
 [ 1.02123723e+00 -2.25234937e-01  5.87730862e-01 -4.22261291e-01
   1.74613808e-01  1.38446756e+00  9.21628230e-09 -2.85878963e-01
   8.45172443e-01  3.90276004e-01]
 [ 1.39331674e+00  8.39064356e-01  1.27224991e+00 -1.47568106e-01
   9.87638120e-01  8.27578720e-01 -1.21876309e-09 -3.60960391e-09
   3.45842282e-01  1.27786671e+00]
 [ 9.76770491e-01  1.08084543e+00  5.85270211e-01  6.04675349e-01
   3.38777319e-03  1.73942644e+00  4.37731242e-07  1.52247908e-01
   2.06294434e-01 -1.18300294e-02]
 [ 9.76770491e-01  1.08084543e+00  5.85270211e-01  6.04675349e-01
   3.38777319e-03  1.73942644e+00  4.37731242e-07  1.52247908e-01
   2.06294434e-01 -1.18300294e-02]]