[[ 7.94195605e-01  3.71388349e-05  1.32949855e+00  2.20035565e+00
   1.22809163e+00  5.00258933e-01  3.11010360e-01  1.74736587e-01
   1.40341129e-03  1.81718798e+00]
 [ 1.15706759e+00  8.20983737e-01  1.19174774e+00  8.48457895e-01
   2.52191883e-02  1.85449458e-01  8.93462285e-01  1.09521806e+00
   4.22927522e-01  6.46879519e-01]
 [ 1.17887018e+00  9.54010560e-01  1.98927913e+00  2.66489217e+00
   1.56010014e+00  1.80842377e-01  1.07138842e+00  9.46133649e-02
   2.68388860e-01  8.82622665e-01]
 [ 1.22553867e+00  1.20233213e+00  2.99731013e-01 -2.75893626e-01
   1.35821984e-02  7.60300921e-01 -2.17281740e-09  9.00136577e-02
   5.39090211e-01  1.78001603e+00]
 [ 1.17887018e+00  9.54010560e-01  1.98927913e+00  2.66489217e+00
   1.56010014e+00  1.80842377e-01  1.07138842e+00  9.46133649e-02
   2.68388860e-01  8.82622665e-01]
 [ 8.08212173e-01 -9.70405360e-02  6.04370530e-01  1.33263774e-01
   1.17451882e+00  2.09645221e+00 -1.01313176e-01 -7.42638896e-09
   3.05822412e-01  2.03227156e+00]
 [ 1.15706759e+00  8.20983737e-01  1.19174774e+00  8.48457895e-01
   2.52191883e-02  1.85449458e-01  8.93462285e-01  1.09521806e+00
   4.22927522e-01  6.46879519e-01]
 [ 8.08212173e-01 -9.70405360e-02  6.04370530e-01  1.33263774e-01
   1.17451882e+00  2.09645221e+00 -1.01313176e-01 -7.42638896e-09
   3.05822412e-01  2.03227156e+00]
 [ 1.17887018e+00  9.54010560e-01  1.98927913e+00  2.66489217e+00
   1.56010014e+00  1.80842377e-01  1.07138842e+00  9.46133649e-02
   2.68388860e-01  8.82622665e-01]
 [ 1.17887018e+00  9.54010560e-01  1.98927913e+00  2.66489217e+00
   1.56010014e+00  1.80842377e-01  1.07138842e+00  9.46133649e-02
   2.68388860e-01  8.82622665e-01]]