[[ 1.61614720e+00  1.29990534e+00  1.01254446e+00  5.73736748e-01
  -1.67317854e-08  2.79368068e-02  4.75124934e-01 -4.30260593e-01
   8.30476983e-01 -1.99502721e-01]
 [ 1.35316721e-01 -1.85170107e-01 -1.25551687e-01  1.21308225e-01
   2.61223474e-01  4.99967510e-02 -7.33121188e-11  9.71908750e-09
   4.77261914e-01  3.34742316e-01]
 [ 1.31760744e-01  2.47384261e-02 -6.78929414e-02 -4.64901630e-03
  -3.07771091e-02  1.01687425e-01  2.58743070e-09 -2.09928264e-08
   4.06499973e-01  3.52404074e-03]
 [-4.16387074e-01  9.47621999e-08 -5.46674313e-02  4.12098973e-01
  -8.99420448e-02  5.41170277e-01  1.10503750e-02 -2.67558387e-01
   8.68564870e-01  5.63632433e-02]
 [-1.36483679e-01 -7.07105466e-02 -3.59197928e-02  5.52533613e-03
   1.32826719e-01  2.09790612e-01 -1.73259065e-09  9.45411997e-08
   4.50439251e-01  2.63714369e-02]
 [ 1.62360189e+00  6.69687225e-01  1.43741897e+00  4.88550072e-01
   2.30978793e-01  1.96826482e-01  7.62109632e-01  1.77250707e-01
   1.16825602e+00  4.25600516e-01]
 [ 1.61614720e+00  1.29990534e+00  1.01254446e+00  5.73736748e-01
  -1.67317854e-08  2.79368068e-02  4.75124934e-01 -4.30260593e-01
   8.30476983e-01 -1.99502721e-01]
 [ 1.35316721e-01 -1.85170107e-01 -1.25551687e-01  1.21308225e-01
   2.61223474e-01  4.99967510e-02 -7.33121188e-11  9.71908750e-09
   4.77261914e-01  3.34742316e-01]
 [ 1.46937985e+00  8.71360325e-01  1.36271003e+00  1.55129098e+00
   3.15442134e-01  3.06678130e-01  1.76474139e+00 -5.70856538e-01
  -9.22190602e-01  5.79941211e-01]
 [ 1.61614720e+00  1.29990534e+00  1.01254446e+00  5.73736748e-01
  -1.67317854e-08  2.79368068e-02  4.75124934e-01 -4.30260593e-01
   8.30476983e-01 -1.99502721e-01]]