[[ 2.18349862e+00  7.00898677e-01  1.31205261e+00  1.32437864e+00
   2.06511502e-01 -9.86101402e-01 -2.27935487e-02  2.78879628e-01
   8.77501228e-01  5.66987311e-01]
 [ 1.90874811e+00  1.18199168e+00  1.65251910e+00 -9.57857521e-01
  -2.62972647e-08 -1.06093467e-01 -8.29092370e-01  5.52629724e-01
   1.24613343e-01  6.63183361e-01]
 [ 3.30564197e-01 -6.25197028e-02  7.46454365e-02  7.77021684e-04
  -8.87015973e-02  1.90467263e-01 -2.84894324e-08 -5.86132540e-07
   6.76702497e-01  4.71680342e-02]
 [ 1.90874811e+00  1.18199168e+00  1.65251910e+00 -9.57857521e-01
  -2.62972647e-08 -1.06093467e-01 -8.29092370e-01  5.52629724e-01
   1.24613343e-01  6.63183361e-01]
 [ 1.43926988e+00  3.46963408e-01  2.41792319e+00 -1.58382706e+00
   8.75523789e-01  9.12346708e-01  1.53261827e+00 -6.89005241e-01
   2.41826678e-01 -1.48243511e+00]
 [ 2.18349862e+00  7.00898677e-01  1.31205261e+00  1.32437864e+00
   2.06511502e-01 -9.86101402e-01 -2.27935487e-02  2.78879628e-01
   8.77501228e-01  5.66987311e-01]
 [ 3.30564197e-01 -6.25197028e-02  7.46454365e-02  7.77021684e-04
  -8.87015973e-02  1.90467263e-01 -2.84894324e-08 -5.86132540e-07
   6.76702497e-01  4.71680342e-02]
 [ 1.65969408e+00 -1.46312381e+00  6.15971611e-01 -2.18085918e-01
  -1.82072708e-08  1.50663512e+00 -8.31258189e-01 -1.58424566e-02
   9.38076073e-01  4.56841274e-01]
 [ 1.65969408e+00 -1.46312381e+00  6.15971611e-01 -2.18085918e-01
  -1.82072708e-08  1.50663512e+00 -8.31258189e-01 -1.58424566e-02
   9.38076073e-01  4.56841274e-01]
 [ 2.18349862e+00  7.00898677e-01  1.31205261e+00  1.32437864e+00
   2.06511502e-01 -9.86101402e-01 -2.27935487e-02  2.78879628e-01
   8.77501228e-01  5.66987311e-01]]