[[ 7.95119014e-01  3.39379756e-01  6.20443263e-01  1.18533615e+00
   4.27933897e-01  5.23613394e-01 -1.59816229e-02  1.04400674e+00
   1.33866508e+00  2.64994008e+00]
 [ 7.95119014e-01  3.39379756e-01  6.20443263e-01  1.18533615e+00
   4.27933897e-01  5.23613394e-01 -1.59816229e-02  1.04400674e+00
   1.33866508e+00  2.64994008e+00]
 [ 2.29555938e+00  2.26764751e+00  1.64960928e+00  3.81588503e-01
   2.61200385e-01  6.76305209e-01  1.24652522e+00  5.62325808e-01
  -5.94830405e-01 -2.48112150e-01]
 [ 8.63143449e-01  2.22793348e+00  5.03468931e-01 -6.73998145e-01
  -1.73843072e-08 -6.41397594e-09  2.72205986e-01  4.90065626e-01
   1.63870128e+00 -5.28101709e-01]
 [ 1.00742746e+00 -3.06898071e-01  3.69168782e-01  9.76406426e-01
   7.22356061e-08  4.28785821e-01 -2.76099977e-01  2.09565510e-01
   1.41105861e+00  7.36576469e-01]
 [ 8.18571174e-01  1.76814787e+00  9.67615685e-01  1.43198512e+00
   1.41276512e+00  2.02897426e-01 -1.98451766e-09  1.02704671e+00
   1.34484266e+00  2.31481768e+00]
 [ 7.95119014e-01  3.39379756e-01  6.20443263e-01  1.18533615e+00
   4.27933897e-01  5.23613394e-01 -1.59816229e-02  1.04400674e+00
   1.33866508e+00  2.64994008e+00]
 [ 2.29555938e+00  2.26764751e+00  1.64960928e+00  3.81588503e-01
   2.61200385e-01  6.76305209e-01  1.24652522e+00  5.62325808e-01
  -5.94830405e-01 -2.48112150e-01]
 [ 8.18571174e-01  1.76814787e+00  9.67615685e-01  1.43198512e+00
   1.41276512e+00  2.02897426e-01 -1.98451766e-09  1.02704671e+00
   1.34484266e+00  2.31481768e+00]
 [ 2.29555938e+00  2.26764751e+00  1.64960928e+00  3.81588503e-01
   2.61200385e-01  6.76305209e-01  1.24652522e+00  5.62325808e-01
  -5.94830405e-01 -2.48112150e-01]]