[[8.91897890e-02 1.03407054e-09 6.45352647e-01 2.06361155e-01
  5.49913390e-01 4.21002492e-01 5.54300005e-01 5.13298328e-01
  1.92037413e-01 4.04454729e-07]
 [6.89420741e-01 2.98813916e-11 1.17904355e+00 4.54486730e-08
  4.12069439e-01 9.63656808e-01 3.07108365e-01 3.33633673e-01
  1.24422804e+00 6.03656602e-01]
 [7.98270763e-01 9.26309122e-01 3.63877630e-01 2.57892857e-01
  3.47328405e-01 3.05595988e-01 3.81599074e-09 7.27333917e-01
  1.16259971e-01 1.29429128e+00]
 [6.89420741e-01 2.98813916e-11 1.17904355e+00 4.54486730e-08
  4.12069439e-01 9.63656808e-01 3.07108365e-01 3.33633673e-01
  1.24422804e+00 6.03656602e-01]
 [6.89420741e-01 2.98813916e-11 1.17904355e+00 4.54486730e-08
  4.12069439e-01 9.63656808e-01 3.07108365e-01 3.33633673e-01
  1.24422804e+00 6.03656602e-01]
 [8.91897890e-02 1.03407054e-09 6.45352647e-01 2.06361155e-01
  5.49913390e-01 4.21002492e-01 5.54300005e-01 5.13298328e-01
  1.92037413e-01 4.04454729e-07]
 [7.98270763e-01 9.26309122e-01 3.63877630e-01 2.57892857e-01
  3.47328405e-01 3.05595988e-01 3.81599074e-09 7.27333917e-01
  1.16259971e-01 1.29429128e+00]
 [7.98270763e-01 9.26309122e-01 3.63877630e-01 2.57892857e-01
  3.47328405e-01 3.05595988e-01 3.81599074e-09 7.27333917e-01
  1.16259971e-01 1.29429128e+00]
 [6.89420741e-01 2.98813916e-11 1.17904355e+00 4.54486730e-08
  4.12069439e-01 9.63656808e-01 3.07108365e-01 3.33633673e-01
  1.24422804e+00 6.03656602e-01]
 [8.91897890e-02 1.03407054e-09 6.45352647e-01 2.06361155e-01
  5.49913390e-01 4.21002492e-01 5.54300005e-01 5.13298328e-01
  1.92037413e-01 4.04454729e-07]]