[[8.04745336e-01 1.31151007e+00 8.10284274e-01 6.51135618e-03
  1.08593306e+00 5.71789283e-09 1.92217080e-10 8.44655081e-01
  1.47352116e+00 2.12972287e+00]
 [8.84546709e-01 1.65340195e+00 6.09697084e-01 4.91586887e-01
  1.20948247e+00 4.55013048e-01 2.81625946e-10 3.04876533e-01
  1.22008987e+00 3.03386855e-01]
 [7.84533027e-01 9.09638539e-01 1.74469388e-01 3.84895824e-01
  1.56599848e+00 6.28189057e-01 4.47927532e-09 1.40303160e-01
  1.29120495e+00 4.39024592e-01]
 [8.84546709e-01 1.65340195e+00 6.09697084e-01 4.91586887e-01
  1.20948247e+00 4.55013048e-01 2.81625946e-10 3.04876533e-01
  1.22008987e+00 3.03386855e-01]
 [8.86380659e-01 1.47761064e+00 8.49897591e-01 1.73755057e-07
  1.23149883e+00 4.97872473e-02 3.60198085e-08 4.81633596e-01
  7.04983021e-01 3.08845574e+00]
 [1.02081268e+00 1.47228411e+00 7.01592341e-01 9.53219137e-09
  7.46297923e-01 7.17633244e-01 8.18739884e-01 2.31624610e-01
  1.19126114e+00 2.27656466e+00]
 [9.68215747e-01 1.54150610e+00 1.22924793e+00 1.09726434e-01
  3.53875313e-01 7.53641535e-01 2.78811878e-01 8.15262010e-01
  6.81421601e-01 2.83107027e-07]
 [8.89159698e-01 1.47754428e+00 8.49892255e-01 3.43673948e-09
  1.23312827e+00 5.13924301e-02 8.07382758e-10 4.71985186e-01
  6.90690415e-01 3.10940547e+00]
 [7.78822176e-01 6.61810651e-01 4.56431858e-06 3.19266633e-01
  1.33134401e+00 6.56188444e-01 2.53080377e-03 1.24579976e-01
  1.35903216e+00 7.92485283e-01]
 [8.23558833e-01 9.66964540e-01 2.87564178e-01 6.37182812e-01
  1.56297924e+00 6.14269278e-01 1.07974158e-07 1.03833403e-01
  1.17763136e+00 4.42982686e-01]]