[[5.49615839e-01 4.19924164e-09 7.06540236e-01 6.02454278e-06
  4.90758178e-01 1.13638742e+00 1.29896625e-03 2.09257390e-01
  1.75958804e+00 1.48928027e+00]
 [1.40478784e+00 7.28177180e-01 1.50260427e+00 1.26784846e+00
  1.68371387e-01 9.91076837e-01 8.46804365e-10 4.70403106e-04
  1.62570749e-01 1.99100693e-02]
 [1.29205042e+00 1.25064544e+00 1.21270329e+00 5.26658272e-02
  4.77659192e-04 4.13985184e-03 1.26187950e+00 8.49549136e-02
  6.52691597e-08 2.94814385e+00]
 [5.71088439e-01 4.80605218e-02 1.23240392e+00 1.43164327e-01
  1.85247495e-02 1.71136860e+00 1.24754448e-01 6.25766623e-01
  1.47934649e+00 6.40359305e-01]
 [1.35375334e+00 1.31164133e+00 4.25615168e-01 5.52007327e-01
  5.61132659e-10 1.24063621e+00 6.55513288e-01 1.82237049e-08
  4.19281574e-01 1.16756206e+00]
 [5.49615839e-01 4.19924164e-09 7.06540236e-01 6.02454278e-06
  4.90758178e-01 1.13638742e+00 1.29896625e-03 2.09257390e-01
  1.75958804e+00 1.48928027e+00]
 [1.40478784e+00 7.28177180e-01 1.50260427e+00 1.26784846e+00
  1.68371387e-01 9.91076837e-01 8.46804365e-10 4.70403106e-04
  1.62570749e-01 1.99100693e-02]
 [1.35375334e+00 1.31164133e+00 4.25615168e-01 5.52007327e-01
  5.61132659e-10 1.24063621e+00 6.55513288e-01 1.82237049e-08
  4.19281574e-01 1.16756206e+00]
 [6.20737689e-01 1.35917057e-01 1.01776549e+00 2.44638966e-01
  2.44617010e-09 1.64431444e+00 2.94356072e-01 2.66569366e-01
  1.62639642e+00 1.04694202e+00]
 [8.73274211e-01 9.87437953e-01 9.67239784e-01 3.03767781e-01
  8.63399083e-01 6.45279317e-01 5.09454677e-02 6.99202063e-01
  1.87742444e+00 1.60485208e-08]]