[[9.20494897e-01 2.14901736e+00 4.78029349e-01 9.61519928e-01
  3.25596083e-07 2.38960300e-02 4.05214355e-01 1.89117871e-06
  1.56549771e+00 1.75943424e-09]
 [6.55048057e-01 8.33976050e-01 8.53040097e-01 7.32849148e-01
  9.13324694e-01 1.16414433e+00 1.34756986e-02 6.99867814e-01
  1.51292627e+00 1.87898803e-01]
 [1.32276359e+00 7.14498414e-01 2.80257541e+00 7.47701162e-01
  3.57437711e-01 2.84489323e-02 4.10910502e-01 1.45391720e+00
  6.51378856e-01 7.93907169e-01]
 [9.74552420e-01 8.60026740e-01 1.25637555e+00 2.74939479e-01
  1.16474962e+00 9.47263173e-01 1.02802094e-09 4.70598241e-01
  1.05034269e+00 1.16453873e+00]
 [9.74552420e-01 8.60026740e-01 1.25637555e+00 2.74939479e-01
  1.16474962e+00 9.47263173e-01 1.02802094e-09 4.70598241e-01
  1.05034269e+00 1.16453873e+00]
 [6.47066656e-01 5.30701612e-01 1.43870654e+00 6.73931218e-01
  5.61816647e-04 8.58122725e-02 8.29724074e-01 4.81903009e-08
  3.48266943e-01 1.59080935e+00]
 [7.23684492e-01 1.23169243e+00 9.20032793e-01 3.20965184e+00
  2.04666596e-01 1.09571348e-08 2.32282530e-01 1.74434359e-07
  1.26657951e+00 1.32490228e+00]
 [8.15050043e-01 1.61985118e+00 5.99066865e-01 1.82257841e-01
  7.11640634e-01 7.53350314e-01 2.06893655e-08 7.01655395e-01
  1.45513240e+00 7.41432578e-01]
 [7.51125085e-01 1.05314957e+00 8.51900694e-01 4.53551365e-01
  3.68365037e-09 1.07309333e-06 3.59687648e-01 6.12324638e-01
  2.00179576e+00 4.10714961e-01]
 [6.39051459e-01 1.39065780e+00 3.39000480e-01 1.26039431e+00
  5.49922737e-01 5.78471433e-01 7.06065983e-10 8.54823685e-01
  1.90893359e+00 9.15378811e-01]]