[[1.61517566e+00 5.05731744e-01 1.56632901e+00 2.91389289e-01
  8.10884095e-03 1.41495634e+00 1.31923323e-01 9.67895068e-01
  3.21325850e-01 5.64052698e-01]
 [6.63708013e-01 5.11225964e-01 1.25373290e+00 1.35588654e-03
  1.11994293e+00 5.49949345e-01 3.60703566e-10 1.54604274e-01
  8.85318996e-01 1.36420702e+00]
 [9.29211833e-01 6.37117892e-01 5.05180822e-01 3.75081073e-01
  1.11883711e+00 5.95329924e-01 5.14668584e-01 8.87571841e-01
  6.11234543e-09 3.79976701e-01]
 [9.29211833e-01 6.37117892e-01 5.05180822e-01 3.75081073e-01
  1.11883711e+00 5.95329924e-01 5.14668584e-01 8.87571841e-01
  6.11234543e-09 3.79976701e-01]
 [1.22992751e+00 4.56996327e-02 2.16818357e-01 7.82675780e-01
  6.81904468e-01 1.30959433e+00 8.29859133e-11 6.47085129e-03
  1.15463142e+00 1.12692006e+00]
 [1.22992751e+00 4.56996327e-02 2.16818357e-01 7.82675780e-01
  6.81904468e-01 1.30959433e+00 8.29859133e-11 6.47085129e-03
  1.15463142e+00 1.12692006e+00]
 [7.93178312e-01 2.98339162e-08 9.44324343e-01 8.45631779e-01
  5.34632192e-01 7.80952434e-01 1.04139934e-08 4.20027734e-01
  9.58554997e-02 2.30201374e+00]
 [7.93178312e-01 2.98339162e-08 9.44324343e-01 8.45631779e-01
  5.34632192e-01 7.80952434e-01 1.04139934e-08 4.20027734e-01
  9.58554997e-02 2.30201374e+00]
 [1.50895927e+00 1.74226263e+00 7.43930223e-01 1.19730811e+00
  5.07211897e-01 5.05260618e-01 4.42853774e-01 1.77838186e-01
  2.99838781e-03 1.78019469e+00]
 [1.61517566e+00 5.05731744e-01 1.56632901e+00 2.91389289e-01
  8.10884095e-03 1.41495634e+00 1.31923323e-01 9.67895068e-01
  3.21325850e-01 5.64052698e-01]]