[[1.17295668e+00 1.66124205e+00 6.21039848e-01 1.02787321e+00
  4.32676376e-01 5.46772094e-01 2.20277446e-01 3.51795162e-09
  5.54405983e-01 6.15371678e-03]
 [1.07117751e+00 4.41165019e-01 1.77331102e+00 1.16686981e+00
  1.03401359e-09 3.31400395e-02 1.65539569e-01 4.18339907e-02
  3.32922375e-01 5.85650417e-02]
 [1.14474048e+00 8.55379375e-01 7.88284804e-01 5.03264767e-03
  7.81394862e-02 9.37523074e-01 3.83297318e-01 6.71295469e-01
  3.20299915e-01 1.48128536e+00]
 [1.19886629e+00 1.06344024e+00 1.11799972e+00 1.80662430e+00
  1.24067823e+00 1.23714990e+00 1.99197149e-07 4.72119267e-05
  4.51349563e-01 1.11760890e-01]
 [9.87240631e-01 9.95599506e-01 1.05060489e+00 2.30307038e+00
  7.32710101e-01 4.12967514e-01 3.42035295e-01 1.38342129e+00
  5.95311840e-01 1.80520091e-02]
 [1.19886629e+00 1.06344024e+00 1.11799972e+00 1.80662430e+00
  1.24067823e+00 1.23714990e+00 1.99197149e-07 4.72119267e-05
  4.51349563e-01 1.11760890e-01]
 [1.01649574e+00 9.48377686e-01 6.97415966e-01 9.43592691e-01
  5.33628431e-05 1.39909397e-01 1.65174873e+00 7.89031757e-01
  3.02876806e-01 1.94343718e+00]
 [1.19886629e+00 1.06344024e+00 1.11799972e+00 1.80662430e+00
  1.24067823e+00 1.23714990e+00 1.99197149e-07 4.72119267e-05
  4.51349563e-01 1.11760890e-01]
 [1.14474048e+00 8.55379375e-01 7.88284804e-01 5.03264767e-03
  7.81394862e-02 9.37523074e-01 3.83297318e-01 6.71295469e-01
  3.20299915e-01 1.48128536e+00]
 [1.31350744e+00 1.88281606e+00 9.54620135e-01 1.64206711e-01
  2.08278838e-01 6.22978581e-01 4.97055776e-01 5.74498163e-01
  1.87786313e-01 7.33760162e-01]]