[[1.08494579e-01 3.25968696e-09 4.55366185e-01 2.16919463e-01
  2.07762954e-02 2.46087696e-01 8.97527988e-10 2.19847570e-01
  4.40639011e-01 6.96121806e-01]
 [5.03678548e-01 2.25611690e-01 3.93769419e-01 3.66815365e-01
  2.50825337e-01 1.90878471e-06 3.14296898e-01 2.67551354e-01
  1.48698484e+00 1.12591717e-08]
 [8.15832942e-04 4.14116633e-01 2.08277664e-01 1.75164694e-01
  2.40908924e-01 5.08256021e-09 6.09052713e-02 1.07563980e-07
  2.04654047e+00 1.76989940e+00]
 [9.44905591e-01 2.51528626e-01 4.48426440e-01 1.14837915e+00
  1.35799348e-01 2.08453223e+00 9.63146989e-01 6.29313246e-01
  1.59768857e+00 1.55007932e+00]
 [8.66310831e-01 4.90782127e-01 4.46893282e-01 2.11149967e-01
  1.99024686e-04 1.47186653e+00 1.68149342e-01 9.16722531e-01
  8.28101933e-01 1.45099367e+00]
 [2.86529892e-10 9.52727605e-01 1.39737515e+00 6.82828971e-01
  1.28930550e+00 9.81780505e-01 7.32304147e-03 1.09626176e+00
  1.47480256e+00 1.12476622e+00]
 [9.46170853e-01 7.85047161e-01 1.05319603e+00 2.46590532e+00
  2.88077419e-03 6.61053709e-11 2.58155724e-01 3.43013585e+00
  1.46031737e-01 1.63171873e+00]
 [9.44905591e-01 2.51528626e-01 4.48426440e-01 1.14837915e+00
  1.35799348e-01 2.08453223e+00 9.63146989e-01 6.29313246e-01
  1.59768857e+00 1.55007932e+00]
 [3.95414658e-01 4.37429700e-01 9.99586887e-01 1.41269779e+00
  8.43444929e-04 6.63060350e-11 2.04263028e-01 1.19233565e+00
  1.79182563e+00 1.17040473e-07]
 [1.14113391e+00 5.62976898e-01 8.87456743e-01 1.57570150e+00
  8.83290003e-10 6.60902620e-02 1.15871248e+00 3.79440598e-02
  1.39955295e+00 1.76459175e-01]]